PRISM-games
===========

Version: 4.2.beta1
Date: Wed Jan 07 15:26:01 GMT 2015
Hostname: qavbench.comlab
Command line: prism ../prism-examples/power/power_comp9.smg ../prism-examples/power/power_comp9.props -prop 7 -const 'I1_health=0.0,max_gc=3,max_delay=1,u_fail_l=0.01,u_fail_r=0.02,l_buses_l=0.9,l_buses_r=0.9,l_i1_l=0.0,l_i1_r=0.0' -logcpareto -nocompatibility -multirounding -increasefactor 1.0 -baselineaccuracy 1000 -multimaxciter 1000 -paretoepsilon 0.001 -exportstrat pc9_10_4.strat -gs

Parsing model file "../prism-examples/power/power_comp9.smg"...

Parsing properties file "../prism-examples/power/power_comp9.props"...

15 properties:
(1) comp("P210a", "P210b")
(2) comp("P210a_int", "P210b_int")
(3) comp("P210a_AGint", "P210b_AGint")
(4) "safe_210a": and(R{"fail_l"}<=u_fail_l [ S ])
(5) "buses_210a": and(R{"buses_l"}>=l_buses_l [ S ])
(6) "I1_210a": and(R{"i1_l"}>=l_i1_l [ S ])
(7) "P210a": and("safe_210a", "buses_210a")
(8) "P210a_int": and("safe_210a", "buses_210a", "I1_210a")
(9) "P210a_AGint": impl("I1_210b", and("safe_210a", "buses_210a"))
(10) "safe_210b": and(R{"fail_r"}<=u_fail_r [ S ])
(11) "buses_210b": and(R{"buses_r"}>=l_buses_r [ S ])
(12) "I1_210b": and(R{"i1_r"}>=l_i1_r [ S ])
(13) "P210b": and("safe_210b", "I1_210b", "buses_210b")
(14) "P210b_int": and("safe_210b", "buses_210b", "I1_210b")
(15) "P210b_AGint": impl("I1_210a", and("safe_210b", "buses_210b"))

Type:        SMG
Modules:     C1_switch C2_switch C3_switch C4_switch GEN_LEFT HVAC_LEFT GEN_COUNTER_LEFT C5_switch C6_switch C7_switch C8_switch GEN_COUNTER_RIGHT GEN_RIGHT HVAC_RIGHT 
Variables:   C1 C1_int C1_del C2 C2_int C2_del C3 C3_int C3_del C4 C4_int C4_del G224a G252a I1_left pL GC_left C5 C5_int C5_del C6 C6_int C6_del C7 C7_int C7_del C8 C8_int C8_del GC_right G224b G252b I1_right pR 

Switching to explicit engine, which supports SMGs...

---------------------------------------------------------------------

Model checking: "P210a": and("safe_210a", "buses_210a")
Model constants: max_gc=3,I1_health=0,max_delay=1
Property constants: u_fail_l=0.01,l_buses_l=0.9

Building model...
Model constants: max_gc=3,I1_health=0,max_delay=1

Computing reachable states... 15200 states
Reachable states exploration and model construction done in 1.702 secs.
Sorting reachable states list...

Time for model construction: 1.924 seconds.

Type:        SMG
States:      15200 (1 initial)
Transitions: 40524
Choices:     39552
Max/avg:     16/2.60
Property converted to CNF: and(R{"fail_l"}<=u_fail_l [ S ], R{"buses_l"}>=l_buses_l [ S ])
/////////////////   NEW (DIRECT) MODEL CHECKING TASK     /////////////////////
Property:
	and(R{"fail_l"}<=u_fail_l [ S ], R{"buses_l"}>=l_buses_l [ S ])

initial state: 72
operation: Strategy generation
C-ITER (1/1000)	with baseline accuracy = 1000
maxgenerators: 3;
72: [r:[-1.0000, 0.0000][0.0000, -2.4480]r:[0.0000, -1.0000]]
state 0 not converged yet.
maxgenerators: 3;
0: [r:[-1.0000, 0.0000]r:[0.0000, -1.0000][0.0000, 0.0000]]
maxgenerators: 3;
0: [r:[-1.0000, 0.0000][0.0000, -1.8000]r:[0.0000, -1.0000]]
C-ITER (2/1000)	with baseline accuracy = 1000
maxgenerators: 4;
72: [r:[-1.0000, 0.0000][0.0000, -4.2480]r:[0.0000, -1.0000]]
state 0 not converged yet.
maxgenerators: 3;
0: [r:[-1.0000, 0.0000][0.0000, -1.8000]r:[0.0000, -1.0000]]
maxgenerators: 4;
0: [r:[-1.0000, 0.0000][0.0000, -3.6000]r:[0.0000, -1.0000]]
C-ITER (3/1000)	with baseline accuracy = 1000
maxgenerators: 4;
72: [r:[-1.0000, 0.0000][0.0000, -6.0480]r:[0.0000, -1.0000]]
state 0 not converged yet.
maxgenerators: 4;
0: [r:[-1.0000, 0.0000][0.0000, -3.6000]r:[0.0000, -1.0000]]
maxgenerators: 4;
0: [r:[-1.0000, 0.0000][0.0000, -5.4000]r:[0.0000, -1.0000]]
C-ITER (4/1000)	with baseline accuracy = 1000
maxgenerators: 5;
72: [r:[-1.0000, 0.0000][0.0000, -7.5600]r:[0.0000, -1.0000]]
state 0 not converged yet.
maxgenerators: 4;
0: [r:[-1.0000, 0.0000][0.0000, -5.4000]r:[0.0000, -1.0000]]
maxgenerators: 5;
0: [r:[-1.0000, 0.0000][0.0000, -7.2000]r:[0.0000, -1.0000]]
C-ITER (5/1000)	with baseline accuracy = 1000
maxgenerators: 6;
72: [r:[-1.0000, 0.0000][0.0000, -8.2800]r:[0.0000, -1.0000]]
state 0 not converged yet.
maxgenerators: 5;
0: [r:[-1.0000, 0.0000][0.0000, -7.2000]r:[0.0000, -1.0000]]
maxgenerators: 6;
0: [r:[-1.0000, 0.0000][0.0000, -8.1360]r:[0.0000, -1.0000]]
C-ITER (6/1000)	with baseline accuracy = 1000
maxgenerators: 6;
72: [r:[-1.0000, 0.0000][0.0000, -8.3520]r:[0.0000, -1.0000]]
state 0 not converged yet.
maxgenerators: 6;
0: [r:[-1.0000, 0.0000][0.0000, -8.1360]r:[0.0000, -1.0000]]
maxgenerators: 6;
0: [r:[-1.0000, 0.0000][0.0000, -8.2800]r:[0.0000, -1.0000]]
C-ITER (7/1000)	with baseline accuracy = 1000
maxgenerators: 6;
72: [r:[-1.0000, 0.0000][0.0000, -8.4240]r:[0.0000, -1.0000]]
state 0 not converged yet.
maxgenerators: 6;
0: [r:[-1.0000, 0.0000][0.0000, -8.2800]r:[0.0000, -1.0000]]
maxgenerators: 6;
0: [r:[-1.0000, 0.0000][0.0000, -8.3520]r:[0.0000, -1.0000]]
C-ITER (8/1000)	with baseline accuracy = 1000
maxgenerators: 6;
72: [r:[-1.0000, 0.0000][0.0000, -8.4960]r:[0.0000, -1.0000]]
state 0 not converged yet.
maxgenerators: 6;
0: [r:[-1.0000, 0.0000][0.0000, -8.3520]r:[0.0000, -1.0000]]
maxgenerators: 6;
0: [r:[-1.0000, 0.0000][0.0000, -8.4240]r:[0.0000, -1.0000]]
C-ITER (9/1000)	with baseline accuracy = 1000
maxgenerators: 6;
72: [r:[-1.0000, 0.0000][0.0000, -8.5680]r:[0.0000, -1.0000]]
state 0 not converged yet.
maxgenerators: 6;
0: [r:[-1.0000, 0.0000][0.0000, -8.4240]r:[0.0000, -1.0000]]
maxgenerators: 6;
0: [r:[-1.0000, 0.0000][0.0000, -8.4960]r:[0.0000, -1.0000]]
C-ITER (10/1000)	with baseline accuracy = 1000
maxgenerators: 6;
72: [r:[-1.0000, 0.0000][0.0000, -8.7120]r:[0.0000, -1.0000]]
state 0 not converged yet.
maxgenerators: 6;
0: [r:[-1.0000, 0.0000][0.0000, -8.4960]r:[0.0000, -1.0000]]
maxgenerators: 6;
0: [r:[-1.0000, 0.0000][0.0000, -8.5680]r:[0.0000, -1.0000]]
C-ITER (11/1000)	with baseline accuracy = 1000
maxgenerators: 5;
72: [r:[-1.0000, 0.0000][0.0000, -8.7840]r:[0.0000, -1.0000]]
state 0 not converged yet.
maxgenerators: 6;
0: [r:[-1.0000, 0.0000][0.0000, -8.5680]r:[0.0000, -1.0000]]
maxgenerators: 5;
0: [r:[-1.0000, 0.0000][0.0000, -8.7120]r:[0.0000, -1.0000]]
C-ITER (12/1000)	with baseline accuracy = 1000
maxgenerators: 5;
72: [r:[-1.0000, 0.0000][0.0000, -8.8560]r:[0.0000, -1.0000]]
state 0 not converged yet.
maxgenerators: 5;
0: [r:[-1.0000, 0.0000][0.0000, -8.7120]r:[0.0000, -1.0000]]
maxgenerators: 5;
0: [r:[-1.0000, 0.0000][0.0000, -8.7840]r:[0.0000, -1.0000]]
C-ITER (13/1000)	with baseline accuracy = 1000
maxgenerators: 6;
72: [r:[-1.0000, 0.0000][0.0000, -8.9280]r:[0.0000, -1.0000]]
state 0 not converged yet.
maxgenerators: 5;
0: [r:[-1.0000, 0.0000][0.0000, -8.7840]r:[0.0000, -1.0000]]
maxgenerators: 6;
0: [r:[-1.0000, 0.0000][0.0000, -8.8560]r:[0.0000, -1.0000]]
C-ITER (14/1000)	with baseline accuracy = 1000
maxgenerators: 6;
72: [r:[-1.0000, 0.0000][0.0000, -9.0000]r:[0.0000, -1.0000]]
state 0 not converged yet.
maxgenerators: 6;
0: [r:[-1.0000, 0.0000][0.0000, -8.8560]r:[0.0000, -1.0000]]
maxgenerators: 6;
0: [r:[-1.0000, 0.0000][0.0000, -8.9280]r:[0.0000, -1.0000]]
C-ITER (15/1000)	with baseline accuracy = 1000
maxgenerators: 6;
72: [r:[-1.0000, 0.0000][0.0000, -9.1440]r:[0.0000, -1.0000]]
state 0 not converged yet.
maxgenerators: 6;
0: [r:[-1.0000, 0.0000][0.0000, -8.9280]r:[0.0000, -1.0000]]
maxgenerators: 6;
0: [r:[-1.0000, 0.0000][0.0000, -9.0000]r:[0.0000, -1.0000]]
C-ITER (16/1000)	with baseline accuracy = 1000
maxgenerators: 6;
72: [r:[-1.0000, 0.0000][0.0000, -9.2160]r:[0.0000, -1.0000]]
state 0 not converged yet.
maxgenerators: 6;
0: [r:[-1.0000, 0.0000][0.0000, -9.0000]r:[0.0000, -1.0000]]
maxgenerators: 6;
0: [r:[-1.0000, 0.0000][0.0000, -9.1440]r:[0.0000, -1.0000]]
C-ITER (17/1000)	with baseline accuracy = 1000
maxgenerators: 6;
72: [r:[-1.0000, 0.0000][0.0000, -9.2880]r:[0.0000, -1.0000]]
state 0 not converged yet.
maxgenerators: 6;
0: [r:[-1.0000, 0.0000][0.0000, -9.1440]r:[0.0000, -1.0000]]
maxgenerators: 6;
0: [r:[-1.0000, 0.0000][0.0000, -9.2160]r:[0.0000, -1.0000]]
C-ITER (18/1000)	with baseline accuracy = 1000
maxgenerators: 6;
72: [r:[-1.0000, 0.0000][0.0000, -9.3600]r:[0.0000, -1.0000]]
state 0 not converged yet.
maxgenerators: 6;
0: [r:[-1.0000, 0.0000][0.0000, -9.2160]r:[0.0000, -1.0000]]
maxgenerators: 6;
0: [r:[-1.0000, 0.0000][0.0000, -9.2880]r:[0.0000, -1.0000]]
C-ITER (19/1000)	with baseline accuracy = 1000
maxgenerators: 6;
72: [r:[-1.0000, 0.0000][0.0000, -9.4320]r:[0.0000, -1.0000]]
state 0 not converged yet.
maxgenerators: 6;
0: [r:[-1.0000, 0.0000][0.0000, -9.2880]r:[0.0000, -1.0000]]
maxgenerators: 6;
0: [r:[-1.0000, 0.0000][0.0000, -9.3600]r:[0.0000, -1.0000]]
C-ITER (20/1000)	with baseline accuracy = 1000
maxgenerators: 6;
72: [r:[-1.0000, 0.0000][0.0000, -9.5760]r:[0.0000, -1.0000]]
state 0 not converged yet.
maxgenerators: 6;
0: [r:[-1.0000, 0.0000][0.0000, -9.3600]r:[0.0000, -1.0000]]
maxgenerators: 6;
0: [r:[-1.0000, 0.0000][0.0000, -9.4320]r:[0.0000, -1.0000]]
C-ITER (21/1000)	with baseline accuracy = 1000
maxgenerators: 6;
72: [r:[-1.0000, 0.0000][0.0000, -9.6480]r:[0.0000, -1.0000]]
state 0 not converged yet.
maxgenerators: 6;
0: [r:[-1.0000, 0.0000][0.0000, -9.4320]r:[0.0000, -1.0000]]
maxgenerators: 6;
0: [r:[-1.0000, 0.0000][0.0000, -9.5760]r:[0.0000, -1.0000]]
C-ITER (22/1000)	with baseline accuracy = 1000
maxgenerators: 6;
72: [r:[-1.0000, 0.0000][0.0000, -9.7200]r:[0.0000, -1.0000]]
state 0 not converged yet.
maxgenerators: 6;
0: [r:[-1.0000, 0.0000][0.0000, -9.5760]r:[0.0000, -1.0000]]
maxgenerators: 6;
0: [r:[-1.0000, 0.0000][0.0000, -9.6480]r:[0.0000, -1.0000]]
C-ITER (23/1000)	with baseline accuracy = 1000
maxgenerators: 6;
72: [r:[-1.0000, 0.0000][0.0000, -9.7920]r:[0.0000, -1.0000]]
state 0 not converged yet.
maxgenerators: 6;
0: [r:[-1.0000, 0.0000][0.0000, -9.6480]r:[0.0000, -1.0000]]
maxgenerators: 6;
0: [r:[-1.0000, 0.0000][0.0000, -9.7200]r:[0.0000, -1.0000]]
C-ITER (24/1000)	with baseline accuracy = 1000
maxgenerators: 6;
72: [r:[-1.0000, 0.0000][0.0000, -9.8300]r:[0.0000, -1.0000]]
state 0 not converged yet.
maxgenerators: 6;
0: [r:[-1.0000, 0.0000][0.0000, -9.7200]r:[0.0000, -1.0000]]
maxgenerators: 6;
0: [r:[-1.0000, 0.0000][0.0000, -9.7920]r:[0.0000, -1.0000]]
C-ITER (25/1000)	with baseline accuracy = 1000
maxgenerators: 7;
72: [r:[-1.0000, 0.0000][0.0000, -9.8360]r:[0.0000, -1.0000]]
state 0 not converged yet.
maxgenerators: 6;
0: [r:[-1.0000, 0.0000][0.0000, -9.7920]r:[0.0000, -1.0000]]
maxgenerators: 7;
0: [r:[-1.0000, 0.0000][0.0000, -9.8300]r:[0.0000, -1.0000]]
C-ITER (26/1000)	with baseline accuracy = 1000
maxgenerators: 7;
72: [r:[-1.0000, 0.0000][0.0000, -9.8390]r:[0.0000, -1.0000]]
state 0 not converged yet.
maxgenerators: 7;
0: [r:[-1.0000, 0.0000][0.0000, -9.8300]r:[0.0000, -1.0000]]
maxgenerators: 7;
0: [r:[-1.0000, 0.0000][0.0000, -9.8360]r:[0.0000, -1.0000]]
C-ITER (27/1000)	with baseline accuracy = 1000
maxgenerators: 7;
72: [r:[-1.0000, 0.0000][0.0000, -9.8410]r:[0.0000, -1.0000]]
state 0 not converged yet.
maxgenerators: 7;
0: [r:[-1.0000, 0.0000][0.0000, -9.8360]r:[0.0000, -1.0000]]
maxgenerators: 7;
0: [r:[-1.0000, 0.0000][0.0000, -9.8390]r:[0.0000, -1.0000]]
C-ITER (28/1000)	with baseline accuracy = 1000
maxgenerators: 7;
72: [r:[-1.0000, 0.0000][0.0000, -9.8440]r:[0.0000, -1.0000]]
state 0 not converged yet.
maxgenerators: 7;
0: [r:[-1.0000, 0.0000][0.0000, -9.8390]r:[0.0000, -1.0000]]
maxgenerators: 7;
0: [r:[-1.0000, 0.0000][0.0000, -9.8410]r:[0.0000, -1.0000]]
C-ITER (29/1000)	with baseline accuracy = 1000
maxgenerators: 7;
72: [r:[-1.0000, 0.0000][0.0000, -9.8470]r:[0.0000, -1.0000]]
state 0 not converged yet.
maxgenerators: 7;
0: [r:[-1.0000, 0.0000][0.0000, -9.8410]r:[0.0000, -1.0000]]
maxgenerators: 7;
0: [r:[-1.0000, 0.0000][0.0000, -9.8440]r:[0.0000, -1.0000]]
C-ITER (30/1000)	with baseline accuracy = 1000
maxgenerators: 7;
72: [r:[-1.0000, 0.0000][0.0000, -9.8530]r:[0.0000, -1.0000]]
state 0 not converged yet.
maxgenerators: 7;
0: [r:[-1.0000, 0.0000][0.0000, -9.8440]r:[0.0000, -1.0000]]
maxgenerators: 7;
0: [r:[-1.0000, 0.0000][0.0000, -9.8470]r:[0.0000, -1.0000]]
C-ITER (31/1000)	with baseline accuracy = 1000
maxgenerators: 7;
72: [r:[-1.0000, 0.0000][0.0000, -9.8560]r:[0.0000, -1.0000]]
state 0 not converged yet.
maxgenerators: 7;
0: [r:[-1.0000, 0.0000][0.0000, -9.8470]r:[0.0000, -1.0000]]
maxgenerators: 7;
0: [r:[-1.0000, 0.0000][0.0000, -9.8530]r:[0.0000, -1.0000]]
C-ITER (32/1000)	with baseline accuracy = 1000
maxgenerators: 7;
72: [r:[-1.0000, 0.0000][0.0000, -9.8590]r:[0.0000, -1.0000]]
state 0 not converged yet.
maxgenerators: 7;
0: [r:[-1.0000, 0.0000][0.0000, -9.8530]r:[0.0000, -1.0000]]
maxgenerators: 7;
0: [r:[-1.0000, 0.0000][0.0000, -9.8560]r:[0.0000, -1.0000]]
C-ITER (33/1000)	with baseline accuracy = 1000
maxgenerators: 7;
72: [r:[-1.0000, 0.0000][0.0000, -9.8620]r:[0.0000, -1.0000]]
state 0 not converged yet.
maxgenerators: 7;
0: [r:[-1.0000, 0.0000][0.0000, -9.8560]r:[0.0000, -1.0000]]
maxgenerators: 7;
0: [r:[-1.0000, 0.0000][0.0000, -9.8590]r:[0.0000, -1.0000]]
C-ITER (34/1000)	with baseline accuracy = 1000
maxgenerators: 7;
72: [r:[-1.0000, 0.0000][0.0000, -9.8640]r:[0.0000, -1.0000]]
state 0 not converged yet.
maxgenerators: 7;
0: [r:[-1.0000, 0.0000][0.0000, -9.8590]r:[0.0000, -1.0000]]
maxgenerators: 7;
0: [r:[-1.0000, 0.0000][0.0000, -9.8620]r:[0.0000, -1.0000]]
C-ITER (35/1000)	with baseline accuracy = 1000
maxgenerators: 7;
72: [r:[-1.0000, 0.0000][0.0000, -9.8700]r:[0.0000, -1.0000]]
state 0 not converged yet.
maxgenerators: 7;
0: [r:[-1.0000, 0.0000][0.0000, -9.8620]r:[0.0000, -1.0000]]
maxgenerators: 7;
0: [r:[-1.0000, 0.0000][0.0000, -9.8640]r:[0.0000, -1.0000]]
C-ITER (36/1000)	with baseline accuracy = 1000
maxgenerators: 7;
72: [r:[-1.0000, 0.0000][0.0000, -9.8730]r:[0.0000, -1.0000]]
state 0 not converged yet.
maxgenerators: 7;
0: [r:[-1.0000, 0.0000][0.0000, -9.8640]r:[0.0000, -1.0000]]
maxgenerators: 7;
0: [r:[-1.0000, 0.0000][0.0000, -9.8700]r:[0.0000, -1.0000]]
C-ITER (37/1000)	with baseline accuracy = 1000
maxgenerators: 7;
72: [r:[-1.0000, 0.0000][0.0000, -9.8760]r:[0.0000, -1.0000]]
state 0 not converged yet.
maxgenerators: 7;
0: [r:[-1.0000, 0.0000][0.0000, -9.8700]r:[0.0000, -1.0000]]
maxgenerators: 7;
0: [r:[-1.0000, 0.0000][0.0000, -9.8730]r:[0.0000, -1.0000]]
C-ITER (38/1000)	with baseline accuracy = 1000
maxgenerators: 7;
72: [r:[-1.0000, 0.0000][0.0000, -9.8790]r:[0.0000, -1.0000]]
state 0 not converged yet.
maxgenerators: 7;
0: [r:[-1.0000, 0.0000][0.0000, -9.8730]r:[0.0000, -1.0000]]
maxgenerators: 7;
0: [r:[-1.0000, 0.0000][0.0000, -9.8760]r:[0.0000, -1.0000]]
C-ITER (39/1000)	with baseline accuracy = 1000
maxgenerators: 7;
72: [r:[-1.0000, 0.0000][0.0000, -9.8820]r:[0.0000, -1.0000]]
state 0 not converged yet.
maxgenerators: 7;
0: [r:[-1.0000, 0.0000][0.0000, -9.8760]r:[0.0000, -1.0000]]
maxgenerators: 7;
0: [r:[-1.0000, 0.0000][0.0000, -9.8790]r:[0.0000, -1.0000]]
C-ITER (40/1000)	with baseline accuracy = 1000
maxgenerators: 7;
72: [r:[-1.0000, 0.0000][0.0000, -9.8880]r:[0.0000, -1.0000]]
state 0 not converged yet.
maxgenerators: 7;
0: [r:[-1.0000, 0.0000][0.0000, -9.8790]r:[0.0000, -1.0000]]
maxgenerators: 7;
0: [r:[-1.0000, 0.0000][0.0000, -9.8820]r:[0.0000, -1.0000]]
C-ITER (41/1000)	with baseline accuracy = 1000
maxgenerators: 7;
72: [r:[-1.0000, 0.0000][0.0000, -9.8900]r:[0.0000, -1.0000]]
state 0 not converged yet.
maxgenerators: 7;
0: [r:[-1.0000, 0.0000][0.0000, -9.8820]r:[0.0000, -1.0000]]
maxgenerators: 7;
0: [r:[-1.0000, 0.0000][0.0000, -9.8880]r:[0.0000, -1.0000]]
C-ITER (42/1000)	with baseline accuracy = 1000
maxgenerators: 7;
72: [r:[-1.0000, 0.0000][0.0000, -9.8930]r:[0.0000, -1.0000]]
state 0 not converged yet.
maxgenerators: 7;
0: [r:[-1.0000, 0.0000][0.0000, -9.8880]r:[0.0000, -1.0000]]
maxgenerators: 7;
0: [r:[-1.0000, 0.0000][0.0000, -9.8900]r:[0.0000, -1.0000]]
C-ITER (43/1000)	with baseline accuracy = 1000
maxgenerators: 7;
72: [r:[-1.0000, 0.0000][0.0000, -9.8960]r:[0.0000, -1.0000]]
state 0 not converged yet.
maxgenerators: 7;
0: [r:[-1.0000, 0.0000][0.0000, -9.8900]r:[0.0000, -1.0000]]
maxgenerators: 7;
0: [r:[-1.0000, 0.0000][0.0000, -9.8930]r:[0.0000, -1.0000]]
C-ITER (44/1000)	with baseline accuracy = 1000
maxgenerators: 6;
72: [r:[-1.0000, 0.0000][0.0000, -9.8980]r:[0.0000, -1.0000]]
state 0 not converged yet.
maxgenerators: 7;
0: [r:[-1.0000, 0.0000][0.0000, -9.8930]r:[0.0000, -1.0000]]
maxgenerators: 6;
0: [r:[-1.0000, 0.0000][0.0000, -9.8960]r:[0.0000, -1.0000]]
C-ITER (45/1000)	with baseline accuracy = 1000
maxgenerators: 6;
72: [r:[-1.0000, 0.0000][0.0000, -9.8980]r:[0.0000, -1.0000]]
state 0 not converged yet.
maxgenerators: 6;
0: [r:[-1.0000, 0.0000][0.0000, -9.8960]r:[0.0000, -1.0000]]
maxgenerators: 6;
0: [r:[-1.0000, 0.0000][0.0000, -9.8980]r:[0.0000, -1.0000]]
C-ITER (46/1000)	with baseline accuracy = 1000
maxgenerators: 6;
72: [r:[-1.0000, 0.0000][0.0000, -9.8980]r:[0.0000, -1.0000]]
state 1 not converged yet.
maxgenerators: 6;
1: [r:[-1.0000, 0.0000][0.0000, -42.2470]r:[0.0000, -1.0000]]
maxgenerators: 6;
1: [r:[-1.0000, 0.0000][0.0000, -42.2530]r:[0.0000, -1.0000]]
C-ITER (47/1000)	with baseline accuracy = 1000
maxgenerators: 6;
72: [r:[-1.0000, 0.0000][0.0000, -9.8980]r:[0.0000, -1.0000]]
state 1 not converged yet.
maxgenerators: 6;
1: [r:[-1.0000, 0.0000][0.0000, -42.2530]r:[0.0000, -1.0000]]
maxgenerators: 6;
1: [r:[-1.0000, 0.0000][0.0000, -42.2560]r:[0.0000, -1.0000]]
C-ITER (48/1000)	with baseline accuracy = 1000
maxgenerators: 6;
72: [r:[-1.0000, 0.0000][0.0000, -9.8980]r:[0.0000, -1.0000]]
state 1 not converged yet.
maxgenerators: 6;
1: [r:[-1.0000, 0.0000][0.0000, -42.2560]r:[0.0000, -1.0000]]
maxgenerators: 6;
1: [r:[-1.0000, 0.0000][0.0000, -42.2590]r:[0.0000, -1.0000]]
C-ITER (49/1000)	with baseline accuracy = 1000
maxgenerators: 6;
72: [r:[-1.0000, 0.0000][0.0000, -9.8980]r:[0.0000, -1.0000]]
state 1 not converged yet.
maxgenerators: 6;
1: [r:[-1.0000, 0.0000][0.0000, -42.2590]r:[0.0000, -1.0000]]
maxgenerators: 6;
1: [r:[-1.0000, 0.0000][0.0000, -42.2620]r:[0.0000, -1.0000]]
C-ITER (50/1000)	with baseline accuracy = 1000
maxgenerators: 6;
72: [r:[-1.0000, 0.0000][0.0000, -9.8990]r:[0.0000, -1.0000]]
state 1 not converged yet.
maxgenerators: 6;
1: [r:[-1.0000, 0.0000][0.0000, -42.2620]r:[0.0000, -1.0000]]
maxgenerators: 6;
1: [r:[-1.0000, 0.0000][0.0000, -42.2640]r:[0.0000, -1.0000]]
C-ITER (51/1000)	with baseline accuracy = 1000
maxgenerators: 6;
72: [r:[-1.0000, 0.0000][0.0000, -9.8990]r:[0.0000, -1.0000]]
state 1 not converged yet.
maxgenerators: 6;
1: [r:[-1.0000, 0.0000][0.0000, -42.2640]r:[0.0000, -1.0000]]
maxgenerators: 6;
1: [r:[-1.0000, 0.0000][0.0000, -42.2700]r:[0.0000, -1.0000]]
C-ITER (52/1000)	with baseline accuracy = 1000
maxgenerators: 6;
72: [r:[-1.0000, 0.0000][0.0000, -9.8990]r:[0.0000, -1.0000]]
state 1 not converged yet.
maxgenerators: 6;
1: [r:[-1.0000, 0.0000][0.0000, -42.2700]r:[0.0000, -1.0000]]
maxgenerators: 6;
1: [r:[-1.0000, 0.0000][0.0000, -42.2730]r:[0.0000, -1.0000]]
C-ITER (53/1000)	with baseline accuracy = 1000
maxgenerators: 6;
72: [r:[-1.0000, 0.0000][0.0000, -9.8990]r:[0.0000, -1.0000]]
state 1 not converged yet.
maxgenerators: 6;
1: [r:[-1.0000, 0.0000][0.0000, -42.2730]r:[0.0000, -1.0000]]
maxgenerators: 6;
1: [r:[-1.0000, 0.0000][0.0000, -42.2760]r:[0.0000, -1.0000]]
C-ITER (54/1000)	with baseline accuracy = 1000
maxgenerators: 6;
72: [r:[-1.0000, 0.0000][0.0000, -9.8990]r:[0.0000, -1.0000]]
state 1 not converged yet.
maxgenerators: 6;
1: [r:[-1.0000, 0.0000][0.0000, -42.2760]r:[0.0000, -1.0000]]
maxgenerators: 6;
1: [r:[-1.0000, 0.0000][0.0000, -42.2790]r:[0.0000, -1.0000]]
C-ITER (55/1000)	with baseline accuracy = 1000
maxgenerators: 6;
72: [r:[-1.0000, 0.0000][0.0000, -9.8990]r:[0.0000, -1.0000]]
state 1 not converged yet.
maxgenerators: 6;
1: [r:[-1.0000, 0.0000][0.0000, -42.2790]r:[0.0000, -1.0000]]
maxgenerators: 6;
1: [r:[-1.0000, 0.0000][0.0000, -42.2820]r:[0.0000, -1.0000]]
C-ITER (56/1000)	with baseline accuracy = 1000
maxgenerators: 6;
72: [r:[-1.0000, 0.0000][0.0000, -9.8990]r:[0.0000, -1.0000]]
state 1 not converged yet.
maxgenerators: 6;
1: [r:[-1.0000, 0.0000][0.0000, -42.2820]r:[0.0000, -1.0000]]
maxgenerators: 6;
1: [r:[-1.0000, 0.0000][0.0000, -42.2880]r:[0.0000, -1.0000]]
C-ITER (57/1000)	with baseline accuracy = 1000
maxgenerators: 6;
72: [r:[-1.0000, 0.0000][0.0000, -9.9000]r:[0.0000, -1.0000]]
state 1 not converged yet.
maxgenerators: 6;
1: [r:[-1.0000, 0.0000][0.0000, -42.2880]r:[0.0000, -1.0000]]
maxgenerators: 6;
1: [r:[-1.0000, 0.0000][0.0000, -42.2900]r:[0.0000, -1.0000]]
C-ITER (58/1000)	with baseline accuracy = 1000
maxgenerators: 6;
72: [r:[-1.0000, 0.0000][0.0000, -9.9000]r:[0.0000, -1.0000]]
state 1 not converged yet.
maxgenerators: 6;
1: [r:[-1.0000, 0.0000][0.0000, -42.2900]r:[0.0000, -1.0000]]
maxgenerators: 6;
1: [r:[-1.0000, 0.0000][0.0000, -42.2930]r:[0.0000, -1.0000]]
C-ITER (59/1000)	with baseline accuracy = 1000
maxgenerators: 6;
72: [r:[-1.0000, 0.0000][0.0000, -9.9000]r:[0.0000, -1.0000]]
state 1 not converged yet.
maxgenerators: 6;
1: [r:[-1.0000, 0.0000][0.0000, -42.2930]r:[0.0000, -1.0000]]
maxgenerators: 6;
1: [r:[-1.0000, 0.0000][0.0000, -42.2960]r:[0.0000, -1.0000]]
C-ITER (60/1000)	with baseline accuracy = 1000
maxgenerators: 6;
72: [r:[-1.0000, 0.0000][0.0000, -9.9000]r:[0.0000, -1.0000]]
state 1 not converged yet.
maxgenerators: 6;
1: [r:[-1.0000, 0.0000][0.0000, -42.2960]r:[0.0000, -1.0000]]
maxgenerators: 6;
1: [r:[-1.0000, 0.0000][0.0000, -42.2980]r:[0.0000, -1.0000]]
C-ITER (61/1000)	with baseline accuracy = 1000
maxgenerators: 5;
72: [r:[-1.0000, 0.0000][0.0000, -9.9000]r:[0.0000, -1.0000]]
state 5 not converged yet.
maxgenerators: 6;
5: [r:[-1.0000, 0.0000][0.0000, -51.2880]r:[0.0000, -1.0000]]
maxgenerators: 5;
5: [r:[-1.0000, 0.0000][0.0000, -51.2900]r:[0.0000, -1.0000]]
C-ITER (62/1000)	with baseline accuracy = 1000
maxgenerators: 5;
72: [r:[-1.0000, 0.0000][0.0000, -9.9000]r:[0.0000, -1.0000]]
state 5 not converged yet.
maxgenerators: 5;
5: [r:[-1.0000, 0.0000][0.0000, -51.2900]r:[0.0000, -1.0000]]
maxgenerators: 5;
5: [r:[-1.0000, 0.0000][0.0000, -51.2930]r:[0.0000, -1.0000]]
C-ITER (63/1000)	with baseline accuracy = 1000
maxgenerators: 5;
72: [r:[-1.0000, 0.0000][0.0000, -9.9000]r:[0.0000, -1.0000]]
state 5 not converged yet.
maxgenerators: 5;
5: [r:[-1.0000, 0.0000][0.0000, -51.2930]r:[0.0000, -1.0000]]
maxgenerators: 5;
5: [r:[-1.0000, 0.0000][0.0000, -51.2960]r:[0.0000, -1.0000]]
C-ITER (64/1000)	with baseline accuracy = 1000
maxgenerators: 5;
72: [r:[-1.0000, 0.0000][0.0000, -9.9000]r:[0.0000, -1.0000]]
state 5 not converged yet.
maxgenerators: 5;
5: [r:[-1.0000, 0.0000][0.0000, -51.2960]r:[0.0000, -1.0000]]
maxgenerators: 5;
5: [r:[-1.0000, 0.0000][0.0000, -51.2980]r:[0.0000, -1.0000]]
C-ITER (65/1000)	with baseline accuracy = 1000
maxgenerators: 5;
72: [r:[-1.0000, 0.0000][0.0000, -9.9000]r:[0.0000, -1.0000]]
state 4351 not converged yet.
maxgenerators: 5;
4351: [[-2.9530, -2.7000]r:[-1.0000, 0.0000][0.0000, -5.3680]r:[0.0000, -1.0000]]
maxgenerators: 5;
4351: [[-2.9560, -2.7000]r:[-1.0000, 0.0000][0.0000, -5.3710]r:[0.0000, -1.0000]]
C-ITER (66/1000)	with baseline accuracy = 1000
maxgenerators: 5;
72: [r:[-1.0000, 0.0000][0.0000, -9.9000]r:[0.0000, -1.0000]]
state 4335 not converged yet.
maxgenerators: 5;
4335: [[-2.9530, -2.7000]r:[-1.0000, 0.0000][0.0000, -5.3680]r:[0.0000, -1.0000]]
maxgenerators: 5;
4335: [[-2.9560, -2.7000]r:[-1.0000, 0.0000][0.0000, -5.3710]r:[0.0000, -1.0000]]
C-ITER (67/1000)	with baseline accuracy = 1000
maxgenerators: 5;
72: [r:[-1.0000, 0.0000][0.0000, -9.9000]r:[0.0000, -1.0000]]
state 4335 not converged yet.
maxgenerators: 5;
4335: [[-2.9560, -2.7000]r:[-1.0000, 0.0000][0.0000, -5.3710]r:[0.0000, -1.0000]]
maxgenerators: 5;
4335: [[-2.9580, -2.7000]r:[-1.0000, 0.0000][0.0000, -5.3730]r:[0.0000, -1.0000]]
C-ITER (68/1000)	with baseline accuracy = 1000
maxgenerators: 5;
72: [r:[-1.0000, 0.0000][0.0000, -9.9000]r:[0.0000, -1.0000]]
state 4335 not converged yet.
maxgenerators: 5;
4335: [[-2.9580, -2.7000]r:[-1.0000, 0.0000][0.0000, -5.3730]r:[0.0000, -1.0000]]
maxgenerators: 5;
4335: [[-2.9600, -2.7000]r:[-1.0000, 0.0000][0.0000, -5.3750]r:[0.0000, -1.0000]]
C-ITER (69/1000)	with baseline accuracy = 1000
maxgenerators: 5;
72: [r:[-1.0000, 0.0000][0.0000, -9.9000]r:[0.0000, -1.0000]]
state 14234 not converged yet.
maxgenerators: 5;
14234: [[-2.8930, -8.1000]r:[-1.0000, 0.0000][0.0000, -10.7140]r:[0.0000, -1.0000]]
maxgenerators: 5;
14234: [[-2.8960, -8.1000]r:[-1.0000, 0.0000][0.0000, -10.7170]r:[0.0000, -1.0000]]
C-ITER (70/1000)	with baseline accuracy = 1000
maxgenerators: 5;
72: [r:[-1.0000, 0.0000][0.0000, -9.9000]r:[0.0000, -1.0000]]
state 4350 not converged yet.
maxgenerators: 5;
4350: [[-1.5050, -2.7000]r:[-1.0000, 0.0000][0.0000, -4.0600]r:[0.0000, -1.0000]]
maxgenerators: 5;
4350: [[-1.5090, -2.7000]r:[-1.0000, 0.0000][0.0000, -4.0630]r:[0.0000, -1.0000]]
C-ITER (71/1000)	with baseline accuracy = 1000
maxgenerators: 5;
72: [r:[-1.0000, 0.0000][0.0000, -9.9000]r:[0.0000, -1.0000]]
state 4334 not converged yet.
maxgenerators: 5;
4334: [[-1.5050, -2.7000]r:[-1.0000, 0.0000][0.0000, -4.0600]r:[0.0000, -1.0000]]
maxgenerators: 5;
4334: [[-1.5090, -2.7000]r:[-1.0000, 0.0000][0.0000, -4.0630]r:[0.0000, -1.0000]]
C-ITER (72/1000)	with baseline accuracy = 1000
maxgenerators: 5;
72: [r:[-1.0000, 0.0000][0.0000, -9.9000]r:[0.0000, -1.0000]]
state 4334 not converged yet.
maxgenerators: 5;
4334: [[-1.5090, -2.7000]r:[-1.0000, 0.0000][0.0000, -4.0630]r:[0.0000, -1.0000]]
maxgenerators: 5;
4334: [[-1.5110, -2.7000]r:[-1.0000, 0.0000][0.0000, -4.0650]r:[0.0000, -1.0000]]
C-ITER (73/1000)	with baseline accuracy = 1000
maxgenerators: 5;
72: [r:[-1.0000, 0.0000][0.0000, -9.9000]r:[0.0000, -1.0000]]
state 4334 not converged yet.
maxgenerators: 5;
4334: [[-1.5110, -2.7000]r:[-1.0000, 0.0000][0.0000, -4.0650]r:[0.0000, -1.0000]]
maxgenerators: 5;
4334: [[-1.5130, -2.7000]r:[-1.0000, 0.0000][0.0000, -4.0670]r:[0.0000, -1.0000]]
C-ITER (74/1000)	with baseline accuracy = 1000
maxgenerators: 5;
72: [r:[-1.0000, 0.0000][0.0000, -9.9000]r:[0.0000, -1.0000]]
state 14233 not converged yet.
maxgenerators: 5;
14233: [[-1.4450, -8.1000]r:[-1.0000, 0.0000][0.0000, -9.4060]r:[0.0000, -1.0000]]
maxgenerators: 5;
14233: [[-1.4490, -8.1000]r:[-1.0000, 0.0000][0.0000, -9.4090]r:[0.0000, -1.0000]]
C-ITER (75/1000)	with baseline accuracy = 1000
maxgenerators: 5;
72: [r:[-1.0000, 0.0000][0.0000, -9.9000]r:[0.0000, -1.0000]]
state 4349 not converged yet.
maxgenerators: 5;
4349: [[-0.0580, -2.7000]r:[-1.0000, 0.0000][0.0000, -2.7529]r:[0.0000, -1.0000]]
maxgenerators: 5;
4349: [[-0.0610, -2.7000]r:[-1.0000, 0.0000][0.0000, -2.7550]r:[0.0000, -1.0000]]
C-ITER (76/1000)	with baseline accuracy = 1000
maxgenerators: 5;
72: [r:[-1.0000, 0.0000][0.0000, -9.9000]r:[0.0000, -1.0000]]
state 4333 not converged yet.
maxgenerators: 5;
4333: [[-0.0580, -2.7000]r:[-1.0000, 0.0000][0.0000, -2.7529]r:[0.0000, -1.0000]]
maxgenerators: 5;
4333: [[-0.0610, -2.7000]r:[-1.0000, 0.0000][0.0000, -2.7550]r:[0.0000, -1.0000]]
C-ITER (77/1000)	with baseline accuracy = 1000
maxgenerators: 5;
72: [r:[-1.0000, 0.0000][0.0000, -9.9000]r:[0.0000, -1.0000]]
state 4333 not converged yet.
maxgenerators: 5;
4333: [[-0.0610, -2.7000]r:[-1.0000, 0.0000][0.0000, -2.7550]r:[0.0000, -1.0000]]
maxgenerators: 5;
4333: [[-0.0630, -2.7000]r:[-1.0000, 0.0000][0.0000, -2.7570]r:[0.0000, -1.0000]]
C-ITER (78/1000)	with baseline accuracy = 1000
maxgenerators: 5;
72: [r:[-1.0000, 0.0000][0.0000, -9.9000]r:[0.0000, -1.0000]]
state 4333 not converged yet.
maxgenerators: 5;
4333: [[-0.0630, -2.7000]r:[-1.0000, 0.0000][0.0000, -2.7570]r:[0.0000, -1.0000]]
maxgenerators: 5;
4333: [[-0.0660, -2.7000]r:[-1.0000, 0.0000][0.0000, -2.7599]r:[0.0000, -1.0000]]
C-ITER (79/1000)	with baseline accuracy = 1000
maxgenerators: 5;
72: [r:[-1.0000, 0.0000][0.0000, -9.9000]r:[0.0000, -1.0000]]
state 14160 not converged yet.
maxgenerators: 5;
14160: [[-3.8060, -9.9000]r:[-1.0000, 0.0000][0.0000, -13.3400]r:[0.0000, -1.0000]]
maxgenerators: 5;
14160: [[-3.8080, -9.9000]r:[-1.0000, 0.0000][0.0000, -13.3420]r:[0.0000, -1.0000]]
C-ITER (80/1000)	with baseline accuracy = 1000
maxgenerators: 5;
72: [r:[-1.0000, 0.0000][0.0000, -9.9000]r:[0.0000, -1.0000]]
state 4336 not converged yet.
maxgenerators: 5;
4336: [[-3.7460, -15.3000]r:[-1.0000, 0.0000][0.0000, -18.6860]r:[0.0000, -1.0000]]
maxgenerators: 5;
4336: [[-3.7480, -15.3000]r:[-1.0000, 0.0000][0.0000, -18.6880]r:[0.0000, -1.0000]]
C-ITER (81/1000)	with baseline accuracy = 1000
maxgenerators: 5;
72: [r:[-1.0000, 0.0000][0.0000, -9.9000]r:[0.0000, -1.0000]]
state 4320 not converged yet.
maxgenerators: 5;
4320: [[-3.7460, -15.3000]r:[-1.0000, 0.0000][0.0000, -18.6860]r:[0.0000, -1.0000]]
maxgenerators: 5;
4320: [[-3.7480, -15.3000]r:[-1.0000, 0.0000][0.0000, -18.6880]r:[0.0000, -1.0000]]
C-ITER (82/1000)	with baseline accuracy = 1000
maxgenerators: 5;
72: [r:[-1.0000, 0.0000][0.0000, -9.9000]r:[0.0000, -1.0000]]
state 4336 not converged yet.
maxgenerators: 5;
4336: [[-3.7500, -15.3000]r:[-1.0000, 0.0000][0.0000, -18.6890]r:[0.0000, -1.0000]]
maxgenerators: 5;
4336: [[-3.7520, -15.3000]r:[-1.0000, 0.0000][0.0000, -18.6910]r:[0.0000, -1.0000]]
C-ITER (83/1000)	with baseline accuracy = 1000
maxgenerators: 5;
72: [r:[-1.0000, 0.0000][0.0000, -9.9000]r:[0.0000, -1.0000]]
state 4320 not converged yet.
maxgenerators: 5;
4320: [[-3.7500, -15.3000]r:[-1.0000, 0.0000][0.0000, -18.6890]r:[0.0000, -1.0000]]
maxgenerators: 5;
4320: [[-3.7520, -15.3000]r:[-1.0000, 0.0000][0.0000, -18.6910]r:[0.0000, -1.0000]]
C-ITER (84/1000)	with baseline accuracy = 1000
maxgenerators: 5;
72: [r:[-1.0000, 0.0000][0.0000, -9.9000]r:[0.0000, -1.0000]]
state 14235 not converged yet.
maxgenerators: 5;
14235: [[-3.6860, -8.7000]r:[-1.0000, 0.0000][0.0000, -12.0320]r:[0.0000, -1.0000]]
maxgenerators: 5;
14235: [[-3.6880, -8.7000]r:[-1.0000, 0.0000][0.0000, -12.0340]r:[0.0000, -1.0000]]
C-ITER (85/1000)	with baseline accuracy = 1000
maxgenerators: 5;
72: [r:[-1.0000, 0.0000][0.0000, -9.9000]r:[0.0000, -1.0000]]
state 4351 not converged yet.
maxgenerators: 5;
4351: [[-2.9630, -2.7000]r:[-1.0000, 0.0000][0.0000, -5.3780]r:[0.0000, -1.0000]]
maxgenerators: 5;
4351: [[-2.9650, -2.7000]r:[-1.0000, 0.0000][0.0000, -5.3800]r:[0.0000, -1.0000]]
C-ITER (86/1000)	with baseline accuracy = 1000
maxgenerators: 5;
72: [r:[-1.0000, 0.0000][0.0000, -9.9000]r:[0.0000, -1.0000]]
state 4335 not converged yet.
maxgenerators: 5;
4335: [[-2.9630, -2.7000]r:[-1.0000, 0.0000][0.0000, -5.3780]r:[0.0000, -1.0000]]
maxgenerators: 5;
4335: [[-2.9650, -2.7000]r:[-1.0000, 0.0000][0.0000, -5.3800]r:[0.0000, -1.0000]]
C-ITER (87/1000)	with baseline accuracy = 1000
maxgenerators: 5;
72: [r:[-1.0000, 0.0000][0.0000, -9.9000]r:[0.0000, -1.0000]]
state 4351 not converged yet.
maxgenerators: 5;
4351: [[-2.9670, -2.7000]r:[-1.0000, 0.0000][0.0000, -5.3810]r:[0.0000, -1.0000]]
maxgenerators: 5;
4351: [[-2.9690, -2.7000]r:[-1.0000, 0.0000][0.0000, -5.3830]r:[0.0000, -1.0000]]
C-ITER (88/1000)	with baseline accuracy = 1000
maxgenerators: 5;
72: [r:[-1.0000, 0.0000][0.0000, -9.9000]r:[0.0000, -1.0000]]
state 4335 not converged yet.
maxgenerators: 5;
4335: [[-2.9670, -2.7000]r:[-1.0000, 0.0000][0.0000, -5.3810]r:[0.0000, -1.0000]]
maxgenerators: 5;
4335: [[-2.9690, -2.7000]r:[-1.0000, 0.0000][0.0000, -5.3830]r:[0.0000, -1.0000]]
C-ITER (89/1000)	with baseline accuracy = 1000
maxgenerators: 5;
72: [r:[-1.0000, 0.0000][0.0000, -9.9000]r:[0.0000, -1.0000]]
state 14234 not converged yet.
maxgenerators: 5;
14234: [[-2.9030, -8.1000]r:[-1.0000, 0.0000][0.0000, -10.7240]r:[0.0000, -1.0000]]
maxgenerators: 5;
14234: [[-2.9050, -8.1000]r:[-1.0000, 0.0000][0.0000, -10.7260]r:[0.0000, -1.0000]]
C-ITER (90/1000)	with baseline accuracy = 1000
maxgenerators: 5;
72: [r:[-1.0000, 0.0000][0.0000, -9.9000]r:[0.0000, -1.0000]]
state 4350 not converged yet.
maxgenerators: 5;
4350: [[-1.5160, -2.7000]r:[-1.0000, 0.0000][0.0000, -4.0700]r:[0.0000, -1.0000]]
maxgenerators: 5;
4350: [[-1.5180, -2.7000]r:[-1.0000, 0.0000][0.0000, -4.0720]r:[0.0000, -1.0000]]
C-ITER (91/1000)	with baseline accuracy = 1000
maxgenerators: 5;
72: [r:[-1.0000, 0.0000][0.0000, -9.9000]r:[0.0000, -1.0000]]
state 4334 not converged yet.
maxgenerators: 5;
4334: [[-1.5160, -2.7000]r:[-1.0000, 0.0000][0.0000, -4.0700]r:[0.0000, -1.0000]]
maxgenerators: 5;
4334: [[-1.5180, -2.7000]r:[-1.0000, 0.0000][0.0000, -4.0720]r:[0.0000, -1.0000]]
C-ITER (92/1000)	with baseline accuracy = 1000
maxgenerators: 5;
72: [r:[-1.0000, 0.0000][0.0000, -9.9000]r:[0.0000, -1.0000]]
state 4350 not converged yet.
maxgenerators: 5;
4350: [[-1.5200, -2.7000]r:[-1.0000, 0.0000][0.0000, -4.0730]r:[0.0000, -1.0000]]
maxgenerators: 5;
4350: [[-1.5220, -2.7000]r:[-1.0000, 0.0000][0.0000, -4.0750]r:[0.0000, -1.0000]]
C-ITER (93/1000)	with baseline accuracy = 1000
maxgenerators: 5;
72: [r:[-1.0000, 0.0000][0.0000, -9.9000]r:[0.0000, -1.0000]]
state 4334 not converged yet.
maxgenerators: 5;
4334: [[-1.5200, -2.7000]r:[-1.0000, 0.0000][0.0000, -4.0730]r:[0.0000, -1.0000]]
maxgenerators: 5;
4334: [[-1.5220, -2.7000]r:[-1.0000, 0.0000][0.0000, -4.0750]r:[0.0000, -1.0000]]
C-ITER (94/1000)	with baseline accuracy = 1000
maxgenerators: 5;
72: [r:[-1.0000, 0.0000][0.0000, -9.9000]r:[0.0000, -1.0000]]
state 14233 not converged yet.
maxgenerators: 5;
14233: [[-1.4560, -8.1000]r:[-1.0000, 0.0000][0.0000, -9.4160]r:[0.0000, -1.0000]]
maxgenerators: 5;
14233: [[-1.4580, -8.1000]r:[-1.0000, 0.0000][0.0000, -9.4180]r:[0.0000, -1.0000]]
C-ITER (95/1000)	with baseline accuracy = 1000
maxgenerators: 5;
72: [r:[-1.0000, 0.0000][0.0000, -9.9000]r:[0.0000, -1.0000]]
state 4461 not converged yet.
maxgenerators: 5;
4461: [[-12.0690, -2.7000][-11.9600, -2.7980]r:[-1.0000, 0.0000]r:[0.0000, -1.0000]]
maxgenerators: 5;
4461: [[-12.0710, -2.7000][-11.9600, -2.8000]r:[-1.0000, 0.0000]r:[0.0000, -1.0000]]
C-ITER (96/1000)	with baseline accuracy = 1000
maxgenerators: 5;
72: [r:[-1.0000, 0.0000][0.0000, -9.9000]r:[0.0000, -1.0000]]
state 14233 not converged yet.
maxgenerators: 5;
14233: [[-1.4600, -8.1000]r:[-1.0000, 0.0000][0.0000, -9.4190]r:[0.0000, -1.0000]]
maxgenerators: 5;
14233: [[-1.4620, -8.1000]r:[-1.0000, 0.0000][0.0000, -9.4210]r:[0.0000, -1.0000]]
C-ITER (97/1000)	with baseline accuracy = 1000
maxgenerators: 5;
72: [r:[-1.0000, 0.0000][0.0000, -9.9000]r:[0.0000, -1.0000]]
state 4349 not converged yet.
maxgenerators: 5;
4349: [[-0.0720, -2.7000]r:[-1.0000, 0.0000][0.0000, -2.7650]r:[0.0000, -1.0000]]
maxgenerators: 5;
4349: [[-0.0740, -2.7000]r:[-1.0000, 0.0000][0.0000, -2.7670]r:[0.0000, -1.0000]]
C-ITER (98/1000)	with baseline accuracy = 1000
maxgenerators: 5;
72: [r:[-1.0000, 0.0000][0.0000, -9.9000]r:[0.0000, -1.0000]]
state 4333 not converged yet.
maxgenerators: 5;
4333: [[-0.0720, -2.7000]r:[-1.0000, 0.0000][0.0000, -2.7650]r:[0.0000, -1.0000]]
maxgenerators: 5;
4333: [[-0.0740, -2.7000]r:[-1.0000, 0.0000][0.0000, -2.7670]r:[0.0000, -1.0000]]
C-ITER (99/1000)	with baseline accuracy = 1000
maxgenerators: 5;
72: [r:[-1.0000, 0.0000][0.0000, -9.9000]r:[0.0000, -1.0000]]
state 14241 not converged yet.
maxgenerators: 5;
14241: [[-0.0520, -4.5000]r:[-1.0000, 0.0000][0.0000, -4.5470]r:[0.0000, -1.0000]]
maxgenerators: 5;
14241: [[-0.0540, -4.5000]r:[-1.0000, 0.0000][0.0000, -4.5489]r:[0.0000, -1.0000]]
C-ITER (100/1000)	with baseline accuracy = 1000
maxgenerators: 5;
72: [r:[-1.0000, 0.0000][0.0000, -9.9000]r:[0.0000, -1.0000]]
state 14237 not converged yet.
maxgenerators: 5;
14237: [[-0.0320, -6.3000]r:[-1.0000, 0.0000][0.0000, -6.3290]r:[0.0000, -1.0000]]
maxgenerators: 5;
14237: [[-0.0340, -6.3000]r:[-1.0000, 0.0000][0.0000, -6.3309]r:[0.0000, -1.0000]]
C-ITER (101/1000)	with baseline accuracy = 1000
maxgenerators: 5;
72: [r:[-1.0000, 0.0000][0.0000, -9.9000]r:[0.0000, -1.0000]]
state 14180 not converged yet.
maxgenerators: 5;
14180: [[-3.7950, -11.7000]r:[-1.0000, 0.0000][0.0000, -15.1300]r:[0.0000, -1.0000]]
maxgenerators: 5;
14180: [[-3.7970, -11.7000]r:[-1.0000, 0.0000][0.0000, -15.1320]r:[0.0000, -1.0000]]
C-ITER (102/1000)	with baseline accuracy = 1000
maxgenerators: 5;
72: [r:[-1.0000, 0.0000][0.0000, -9.9000]r:[0.0000, -1.0000]]
state 4336 not converged yet.
maxgenerators: 5;
4336: [[-3.7550, -15.3000]r:[-1.0000, 0.0000][0.0000, -18.6940]r:[0.0000, -1.0000]]
maxgenerators: 5;
4336: [[-3.7570, -15.3000]r:[-1.0000, 0.0000][0.0000, -18.6960]r:[0.0000, -1.0000]]
C-ITER (103/1000)	with baseline accuracy = 1000
maxgenerators: 5;
72: [r:[-1.0000, 0.0000][0.0000, -9.9000]r:[0.0000, -1.0000]]
state 4320 not converged yet.
maxgenerators: 5;
4320: [[-3.7550, -15.3000]r:[-1.0000, 0.0000][0.0000, -18.6940]r:[0.0000, -1.0000]]
maxgenerators: 5;
4320: [[-3.7570, -15.3000]r:[-1.0000, 0.0000][0.0000, -18.6960]r:[0.0000, -1.0000]]
C-ITER (104/1000)	with baseline accuracy = 1000
maxgenerators: 5;
72: [r:[-1.0000, 0.0000][0.0000, -9.9000]r:[0.0000, -1.0000]]
state 14240 not converged yet.
maxgenerators: 5;
14240: [[-3.7350, -5.1000]r:[-1.0000, 0.0000][0.0000, -8.4760]r:[0.0000, -1.0000]]
maxgenerators: 5;
14240: [[-3.7370, -5.1000]r:[-1.0000, 0.0000][0.0000, -8.4780]r:[0.0000, -1.0000]]
C-ITER (105/1000)	with baseline accuracy = 1000
maxgenerators: 5;
72: [r:[-1.0000, 0.0000][0.0000, -9.9000]r:[0.0000, -1.0000]]
state 14236 not converged yet.
maxgenerators: 5;
14236: [[-3.7150, -6.9000]r:[-1.0000, 0.0000][0.0000, -10.2580]r:[0.0000, -1.0000]]
maxgenerators: 5;
14236: [[-3.7170, -6.9000]r:[-1.0000, 0.0000][0.0000, -10.2600]r:[0.0000, -1.0000]]
C-ITER (106/1000)	with baseline accuracy = 1000
maxgenerators: 5;
72: [r:[-1.0000, 0.0000][0.0000, -9.9000]r:[0.0000, -1.0000]]
state 14235 not converged yet.
maxgenerators: 5;
14235: [[-3.6950, -8.7000]r:[-1.0000, 0.0000][0.0000, -12.0400]r:[0.0000, -1.0000]]
maxgenerators: 5;
14235: [[-3.6970, -8.7000]r:[-1.0000, 0.0000][0.0000, -12.0420]r:[0.0000, -1.0000]]
C-ITER (107/1000)	with baseline accuracy = 1000
maxgenerators: 5;
72: [r:[-1.0000, 0.0000][0.0000, -9.9000]r:[0.0000, -1.0000]]
state 4351 not converged yet.
maxgenerators: 5;
4351: [[-2.9720, -2.7000]r:[-1.0000, 0.0000][0.0000, -5.3860]r:[0.0000, -1.0000]]
maxgenerators: 5;
4351: [[-2.9740, -2.7000]r:[-1.0000, 0.0000][0.0000, -5.3880]r:[0.0000, -1.0000]]
C-ITER (108/1000)	with baseline accuracy = 1000
maxgenerators: 5;
72: [r:[-1.0000, 0.0000][0.0000, -9.9000]r:[0.0000, -1.0000]]
state 4335 not converged yet.
maxgenerators: 5;
4335: [[-2.9720, -2.7000]r:[-1.0000, 0.0000][0.0000, -5.3860]r:[0.0000, -1.0000]]
maxgenerators: 5;
4335: [[-2.9740, -2.7000]r:[-1.0000, 0.0000][0.0000, -5.3880]r:[0.0000, -1.0000]]
C-ITER (109/1000)	with baseline accuracy = 1000
maxgenerators: 5;
72: [r:[-1.0000, 0.0000][0.0000, -9.9000]r:[0.0000, -1.0000]]
state 14243 not converged yet.
maxgenerators: 5;
14243: [[-2.9520, -4.5000]r:[-1.0000, 0.0000][0.0000, -7.1680]r:[0.0000, -1.0000]]
maxgenerators: 5;
14243: [[-2.9540, -4.5000]r:[-1.0000, 0.0000][0.0000, -7.1700]r:[0.0000, -1.0000]]
C-ITER (110/1000)	with baseline accuracy = 1000
maxgenerators: 5;
72: [r:[-1.0000, 0.0000][0.0000, -9.9000]r:[0.0000, -1.0000]]
state 14239 not converged yet.
maxgenerators: 5;
14239: [[-2.9320, -6.3000]r:[-1.0000, 0.0000][0.0000, -8.9500]r:[0.0000, -1.0000]]
maxgenerators: 5;
14239: [[-2.9340, -6.3000]r:[-1.0000, 0.0000][0.0000, -8.9520]r:[0.0000, -1.0000]]
C-ITER (111/1000)	with baseline accuracy = 1000
maxgenerators: 5;
72: [r:[-1.0000, 0.0000][0.0000, -9.9000]r:[0.0000, -1.0000]]
state 14234 not converged yet.
maxgenerators: 5;
14234: [[-2.9120, -8.1000]r:[-1.0000, 0.0000][0.0000, -10.7320]r:[0.0000, -1.0000]]
maxgenerators: 5;
14234: [[-2.9140, -8.1000]r:[-1.0000, 0.0000][0.0000, -10.7340]r:[0.0000, -1.0000]]
C-ITER (112/1000)	with baseline accuracy = 1000
maxgenerators: 5;
72: [r:[-1.0000, 0.0000][0.0000, -9.9000]r:[0.0000, -1.0000]]
state 4350 not converged yet.
maxgenerators: 5;
4350: [[-1.5250, -2.7000]r:[-1.0000, 0.0000][0.0000, -4.0780]r:[0.0000, -1.0000]]
maxgenerators: 5;
4350: [[-1.5270, -2.7000]r:[-1.0000, 0.0000][0.0000, -4.0800]r:[0.0000, -1.0000]]
C-ITER (113/1000)	with baseline accuracy = 1000
maxgenerators: 5;
72: [r:[-1.0000, 0.0000][0.0000, -9.9000]r:[0.0000, -1.0000]]
state 4334 not converged yet.
maxgenerators: 5;
4334: [[-1.5250, -2.7000]r:[-1.0000, 0.0000][0.0000, -4.0780]r:[0.0000, -1.0000]]
maxgenerators: 5;
4334: [[-1.5270, -2.7000]r:[-1.0000, 0.0000][0.0000, -4.0800]r:[0.0000, -1.0000]]
C-ITER (114/1000)	with baseline accuracy = 1000
maxgenerators: 5;
72: [r:[-1.0000, 0.0000][0.0000, -9.9000]r:[0.0000, -1.0000]]
state 14242 not converged yet.
maxgenerators: 5;
14242: [[-1.5050, -4.5000]r:[-1.0000, 0.0000][0.0000, -5.8600]r:[0.0000, -1.0000]]
maxgenerators: 5;
14242: [[-1.5070, -4.5000]r:[-1.0000, 0.0000][0.0000, -5.8620]r:[0.0000, -1.0000]]
C-ITER (115/1000)	with baseline accuracy = 1000
maxgenerators: 5;
72: [r:[-1.0000, 0.0000][0.0000, -9.9000]r:[0.0000, -1.0000]]
state 14238 not converged yet.
maxgenerators: 5;
14238: [[-1.4850, -6.3000]r:[-1.0000, 0.0000][0.0000, -7.6420]r:[0.0000, -1.0000]]
maxgenerators: 5;
14238: [[-1.4870, -6.3000]r:[-1.0000, 0.0000][0.0000, -7.6440]r:[0.0000, -1.0000]]
C-ITER (116/1000)	with baseline accuracy = 1000
maxgenerators: 5;
72: [r:[-1.0000, 0.0000][0.0000, -9.9000]r:[0.0000, -1.0000]]
state 14233 not converged yet.
maxgenerators: 5;
14233: [[-1.4650, -8.1000]r:[-1.0000, 0.0000][0.0000, -9.4240]r:[0.0000, -1.0000]]
maxgenerators: 5;
14233: [[-1.4670, -8.1000]r:[-1.0000, 0.0000][0.0000, -9.4260]r:[0.0000, -1.0000]]
C-ITER (117/1000)	with baseline accuracy = 1000
maxgenerators: 5;
72: [r:[-1.0000, 0.0000][0.0000, -9.9000]r:[0.0000, -1.0000]]
state 4461 not converged yet.
maxgenerators: 5;
4461: [[-12.0780, -2.7000][-11.9600, -2.8060]r:[-1.0000, 0.0000]r:[0.0000, -1.0000]]
maxgenerators: 5;
4461: [[-11.9600, -2.8080][-12.0800, -2.7000]r:[-1.0000, 0.0000]r:[0.0000, -1.0000]]
C-ITER (118/1000)	with baseline accuracy = 1000
maxgenerators: 5;
72: [r:[-1.0000, 0.0000][0.0000, -9.9000]r:[0.0000, -1.0000]]
CQ value iteration converged.
Strategy construction took 2.139272 s
Synthesis took 2146.536098 s

Number of states satisfying and(and(R{"fail_l"}<=u_fail_l [ S ]), and(R{"buses_l"}>=l_buses_l [ S ])): 3052

Property satisfied in 1 of 1 initial states.

Time for model checking: 2146.6540000000005 seconds.

Result: true (property satisfied in the initial state)

Exporting strategy as actions to file "pc9_10_4.strat"...

