PRISM-games
===========

Version: 4.2.beta1
Date: Wed Jan 07 15:26:02 GMT 2015
Hostname: qavbench.comlab
Command line: prism ../prism-examples/power/power_comp9.smg ../prism-examples/power/power_comp9.props -prop 7 -const 'I1_health=0.0,max_gc=3,max_delay=1,u_fail_l=0.01,u_fail_r=0.02,l_buses_l=0.85,l_buses_r=0.85,l_i1_l=0.0,l_i1_r=0.0' -logcpareto -nocompatibility -multirounding -increasefactor 1.0 -baselineaccuracy 1000 -multimaxciter 1000 -paretoepsilon 0.001 -exportstrat pc9_10_3.strat -gs

Parsing model file "../prism-examples/power/power_comp9.smg"...

Parsing properties file "../prism-examples/power/power_comp9.props"...

15 properties:
(1) comp("P210a", "P210b")
(2) comp("P210a_int", "P210b_int")
(3) comp("P210a_AGint", "P210b_AGint")
(4) "safe_210a": and(R{"fail_l"}<=u_fail_l [ S ])
(5) "buses_210a": and(R{"buses_l"}>=l_buses_l [ S ])
(6) "I1_210a": and(R{"i1_l"}>=l_i1_l [ S ])
(7) "P210a": and("safe_210a", "buses_210a")
(8) "P210a_int": and("safe_210a", "buses_210a", "I1_210a")
(9) "P210a_AGint": impl("I1_210b", and("safe_210a", "buses_210a"))
(10) "safe_210b": and(R{"fail_r"}<=u_fail_r [ S ])
(11) "buses_210b": and(R{"buses_r"}>=l_buses_r [ S ])
(12) "I1_210b": and(R{"i1_r"}>=l_i1_r [ S ])
(13) "P210b": and("safe_210b", "I1_210b", "buses_210b")
(14) "P210b_int": and("safe_210b", "buses_210b", "I1_210b")
(15) "P210b_AGint": impl("I1_210a", and("safe_210b", "buses_210b"))

Type:        SMG
Modules:     C1_switch C2_switch C3_switch C4_switch GEN_LEFT HVAC_LEFT GEN_COUNTER_LEFT C5_switch C6_switch C7_switch C8_switch GEN_COUNTER_RIGHT GEN_RIGHT HVAC_RIGHT 
Variables:   C1 C1_int C1_del C2 C2_int C2_del C3 C3_int C3_del C4 C4_int C4_del G224a G252a I1_left pL GC_left C5 C5_int C5_del C6 C6_int C6_del C7 C7_int C7_del C8 C8_int C8_del GC_right G224b G252b I1_right pR 

Switching to explicit engine, which supports SMGs...

---------------------------------------------------------------------

Model checking: "P210a": and("safe_210a", "buses_210a")
Model constants: max_gc=3,I1_health=0,max_delay=1
Property constants: u_fail_l=0.01,l_buses_l=0.85

Building model...
Model constants: max_gc=3,I1_health=0,max_delay=1

Computing reachable states... 15200 states
Reachable states exploration and model construction done in 1.792 secs.
Sorting reachable states list...

Time for model construction: 1.995 seconds.

Type:        SMG
States:      15200 (1 initial)
Transitions: 40524
Choices:     39552
Max/avg:     16/2.60
Property converted to CNF: and(R{"fail_l"}<=u_fail_l [ S ], R{"buses_l"}>=l_buses_l [ S ])
/////////////////   NEW (DIRECT) MODEL CHECKING TASK     /////////////////////
Property:
	and(R{"fail_l"}<=u_fail_l [ S ], R{"buses_l"}>=l_buses_l [ S ])

initial state: 72
operation: Strategy generation
C-ITER (1/1000)	with baseline accuracy = 1000
maxgenerators: 3;
72: [r:[-1.0000, 0.0000][0.0000, -2.3120]r:[0.0000, -1.0000]]
state 0 not converged yet.
maxgenerators: 3;
0: [r:[-1.0000, 0.0000]r:[0.0000, -1.0000][0.0000, 0.0000]]
maxgenerators: 3;
0: [r:[-1.0000, 0.0000][0.0000, -1.7000]r:[0.0000, -1.0000]]
C-ITER (2/1000)	with baseline accuracy = 1000
maxgenerators: 4;
72: [r:[-1.0000, 0.0000][0.0000, -4.0120]r:[0.0000, -1.0000]]
state 0 not converged yet.
maxgenerators: 3;
0: [r:[-1.0000, 0.0000][0.0000, -1.7000]r:[0.0000, -1.0000]]
maxgenerators: 4;
0: [r:[-1.0000, 0.0000][0.0000, -3.4000]r:[0.0000, -1.0000]]
C-ITER (3/1000)	with baseline accuracy = 1000
maxgenerators: 4;
72: [r:[-1.0000, 0.0000][0.0000, -5.7120]r:[0.0000, -1.0000]]
state 0 not converged yet.
maxgenerators: 4;
0: [r:[-1.0000, 0.0000][0.0000, -3.4000]r:[0.0000, -1.0000]]
maxgenerators: 4;
0: [r:[-1.0000, 0.0000][0.0000, -5.1000]r:[0.0000, -1.0000]]
C-ITER (4/1000)	with baseline accuracy = 1000
maxgenerators: 5;
72: [r:[-1.0000, 0.0000][0.0000, -7.1400]r:[0.0000, -1.0000]]
state 0 not converged yet.
maxgenerators: 4;
0: [r:[-1.0000, 0.0000][0.0000, -5.1000]r:[0.0000, -1.0000]]
maxgenerators: 5;
0: [r:[-1.0000, 0.0000][0.0000, -6.8000]r:[0.0000, -1.0000]]
C-ITER (5/1000)	with baseline accuracy = 1000
maxgenerators: 6;
72: [r:[-1.0000, 0.0000][0.0000, -7.8200]r:[0.0000, -1.0000]]
state 0 not converged yet.
maxgenerators: 5;
0: [r:[-1.0000, 0.0000][0.0000, -6.8000]r:[0.0000, -1.0000]]
maxgenerators: 6;
0: [r:[-1.0000, 0.0000][0.0000, -7.6840]r:[0.0000, -1.0000]]
C-ITER (6/1000)	with baseline accuracy = 1000
maxgenerators: 6;
72: [r:[-1.0000, 0.0000][0.0000, -7.8880]r:[0.0000, -1.0000]]
state 0 not converged yet.
maxgenerators: 6;
0: [r:[-1.0000, 0.0000][0.0000, -7.6840]r:[0.0000, -1.0000]]
maxgenerators: 6;
0: [r:[-1.0000, 0.0000][0.0000, -7.8200]r:[0.0000, -1.0000]]
C-ITER (7/1000)	with baseline accuracy = 1000
maxgenerators: 6;
72: [r:[-1.0000, 0.0000][0.0000, -7.9560]r:[0.0000, -1.0000]]
state 0 not converged yet.
maxgenerators: 6;
0: [r:[-1.0000, 0.0000][0.0000, -7.8200]r:[0.0000, -1.0000]]
maxgenerators: 6;
0: [r:[-1.0000, 0.0000][0.0000, -7.8880]r:[0.0000, -1.0000]]
C-ITER (8/1000)	with baseline accuracy = 1000
maxgenerators: 6;
72: [r:[-1.0000, 0.0000][0.0000, -8.0240]r:[0.0000, -1.0000]]
state 0 not converged yet.
maxgenerators: 6;
0: [r:[-1.0000, 0.0000][0.0000, -7.8880]r:[0.0000, -1.0000]]
maxgenerators: 6;
0: [r:[-1.0000, 0.0000][0.0000, -7.9560]r:[0.0000, -1.0000]]
C-ITER (9/1000)	with baseline accuracy = 1000
maxgenerators: 6;
72: [r:[-1.0000, 0.0000][0.0000, -8.0920]r:[0.0000, -1.0000]]
state 0 not converged yet.
maxgenerators: 6;
0: [r:[-1.0000, 0.0000][0.0000, -7.9560]r:[0.0000, -1.0000]]
maxgenerators: 6;
0: [r:[-1.0000, 0.0000][0.0000, -8.0240]r:[0.0000, -1.0000]]
C-ITER (10/1000)	with baseline accuracy = 1000
maxgenerators: 6;
72: [r:[-1.0000, 0.0000][0.0000, -8.2280]r:[0.0000, -1.0000]]
state 0 not converged yet.
maxgenerators: 6;
0: [r:[-1.0000, 0.0000][0.0000, -8.0240]r:[0.0000, -1.0000]]
maxgenerators: 6;
0: [r:[-1.0000, 0.0000][0.0000, -8.0920]r:[0.0000, -1.0000]]
C-ITER (11/1000)	with baseline accuracy = 1000
maxgenerators: 5;
72: [r:[-1.0000, 0.0000][0.0000, -8.2960]r:[0.0000, -1.0000]]
state 0 not converged yet.
maxgenerators: 6;
0: [r:[-1.0000, 0.0000][0.0000, -8.0920]r:[0.0000, -1.0000]]
maxgenerators: 5;
0: [r:[-1.0000, 0.0000][0.0000, -8.2280]r:[0.0000, -1.0000]]
C-ITER (12/1000)	with baseline accuracy = 1000
maxgenerators: 5;
72: [r:[-1.0000, 0.0000][0.0000, -8.3640]r:[0.0000, -1.0000]]
state 0 not converged yet.
maxgenerators: 5;
0: [r:[-1.0000, 0.0000][0.0000, -8.2280]r:[0.0000, -1.0000]]
maxgenerators: 5;
0: [r:[-1.0000, 0.0000][0.0000, -8.2960]r:[0.0000, -1.0000]]
C-ITER (13/1000)	with baseline accuracy = 1000
maxgenerators: 6;
72: [r:[-1.0000, 0.0000][0.0000, -8.4320]r:[0.0000, -1.0000]]
state 0 not converged yet.
maxgenerators: 5;
0: [r:[-1.0000, 0.0000][0.0000, -8.2960]r:[0.0000, -1.0000]]
maxgenerators: 6;
0: [r:[-1.0000, 0.0000][0.0000, -8.3640]r:[0.0000, -1.0000]]
C-ITER (14/1000)	with baseline accuracy = 1000
maxgenerators: 6;
72: [r:[-1.0000, 0.0000][0.0000, -8.5000]r:[0.0000, -1.0000]]
state 0 not converged yet.
maxgenerators: 6;
0: [r:[-1.0000, 0.0000][0.0000, -8.3640]r:[0.0000, -1.0000]]
maxgenerators: 6;
0: [r:[-1.0000, 0.0000][0.0000, -8.4320]r:[0.0000, -1.0000]]
C-ITER (15/1000)	with baseline accuracy = 1000
maxgenerators: 6;
72: [r:[-1.0000, 0.0000][0.0000, -8.6360]r:[0.0000, -1.0000]]
state 0 not converged yet.
maxgenerators: 6;
0: [r:[-1.0000, 0.0000][0.0000, -8.4320]r:[0.0000, -1.0000]]
maxgenerators: 6;
0: [r:[-1.0000, 0.0000][0.0000, -8.5000]r:[0.0000, -1.0000]]
C-ITER (16/1000)	with baseline accuracy = 1000
maxgenerators: 6;
72: [r:[-1.0000, 0.0000][0.0000, -8.7040]r:[0.0000, -1.0000]]
state 0 not converged yet.
maxgenerators: 6;
0: [r:[-1.0000, 0.0000][0.0000, -8.5000]r:[0.0000, -1.0000]]
maxgenerators: 6;
0: [r:[-1.0000, 0.0000][0.0000, -8.6360]r:[0.0000, -1.0000]]
C-ITER (17/1000)	with baseline accuracy = 1000
maxgenerators: 6;
72: [r:[-1.0000, 0.0000][0.0000, -8.7720]r:[0.0000, -1.0000]]
state 0 not converged yet.
maxgenerators: 6;
0: [r:[-1.0000, 0.0000][0.0000, -8.6360]r:[0.0000, -1.0000]]
maxgenerators: 6;
0: [r:[-1.0000, 0.0000][0.0000, -8.7040]r:[0.0000, -1.0000]]
C-ITER (18/1000)	with baseline accuracy = 1000
maxgenerators: 6;
72: [r:[-1.0000, 0.0000][0.0000, -8.8400]r:[0.0000, -1.0000]]
state 0 not converged yet.
maxgenerators: 6;
0: [r:[-1.0000, 0.0000][0.0000, -8.7040]r:[0.0000, -1.0000]]
maxgenerators: 6;
0: [r:[-1.0000, 0.0000][0.0000, -8.7720]r:[0.0000, -1.0000]]
C-ITER (19/1000)	with baseline accuracy = 1000
maxgenerators: 6;
72: [r:[-1.0000, 0.0000][0.0000, -8.9080]r:[0.0000, -1.0000]]
state 0 not converged yet.
maxgenerators: 6;
0: [r:[-1.0000, 0.0000][0.0000, -8.7720]r:[0.0000, -1.0000]]
maxgenerators: 6;
0: [r:[-1.0000, 0.0000][0.0000, -8.8400]r:[0.0000, -1.0000]]
C-ITER (20/1000)	with baseline accuracy = 1000
maxgenerators: 6;
72: [r:[-1.0000, 0.0000][0.0000, -9.0440]r:[0.0000, -1.0000]]
state 0 not converged yet.
maxgenerators: 6;
0: [r:[-1.0000, 0.0000][0.0000, -8.8400]r:[0.0000, -1.0000]]
maxgenerators: 6;
0: [r:[-1.0000, 0.0000][0.0000, -8.9080]r:[0.0000, -1.0000]]
C-ITER (21/1000)	with baseline accuracy = 1000
maxgenerators: 6;
72: [r:[-1.0000, 0.0000][0.0000, -9.1120]r:[0.0000, -1.0000]]
state 0 not converged yet.
maxgenerators: 6;
0: [r:[-1.0000, 0.0000][0.0000, -8.9080]r:[0.0000, -1.0000]]
maxgenerators: 6;
0: [r:[-1.0000, 0.0000][0.0000, -9.0440]r:[0.0000, -1.0000]]
C-ITER (22/1000)	with baseline accuracy = 1000
maxgenerators: 6;
72: [r:[-1.0000, 0.0000][0.0000, -9.1800]r:[0.0000, -1.0000]]
state 0 not converged yet.
maxgenerators: 6;
0: [r:[-1.0000, 0.0000][0.0000, -9.0440]r:[0.0000, -1.0000]]
maxgenerators: 6;
0: [r:[-1.0000, 0.0000][0.0000, -9.1120]r:[0.0000, -1.0000]]
C-ITER (23/1000)	with baseline accuracy = 1000
maxgenerators: 6;
72: [r:[-1.0000, 0.0000][0.0000, -9.2480]r:[0.0000, -1.0000]]
state 0 not converged yet.
maxgenerators: 6;
0: [r:[-1.0000, 0.0000][0.0000, -9.1120]r:[0.0000, -1.0000]]
maxgenerators: 6;
0: [r:[-1.0000, 0.0000][0.0000, -9.1800]r:[0.0000, -1.0000]]
C-ITER (24/1000)	with baseline accuracy = 1000
maxgenerators: 7;
72: [r:[-1.0000, 0.0000][0.0000, -9.2840]r:[0.0000, -1.0000]]
state 0 not converged yet.
maxgenerators: 6;
0: [r:[-1.0000, 0.0000][0.0000, -9.1800]r:[0.0000, -1.0000]]
maxgenerators: 7;
0: [r:[-1.0000, 0.0000][0.0000, -9.2480]r:[0.0000, -1.0000]]
C-ITER (25/1000)	with baseline accuracy = 1000
maxgenerators: 7;
72: [r:[-1.0000, 0.0000][0.0000, -9.2890]r:[0.0000, -1.0000]]
state 0 not converged yet.
maxgenerators: 7;
0: [r:[-1.0000, 0.0000][0.0000, -9.2480]r:[0.0000, -1.0000]]
maxgenerators: 7;
0: [r:[-1.0000, 0.0000][0.0000, -9.2840]r:[0.0000, -1.0000]]
C-ITER (26/1000)	with baseline accuracy = 1000
maxgenerators: 7;
72: [r:[-1.0000, 0.0000][0.0000, -9.2920]r:[0.0000, -1.0000]]
state 0 not converged yet.
maxgenerators: 7;
0: [r:[-1.0000, 0.0000][0.0000, -9.2840]r:[0.0000, -1.0000]]
maxgenerators: 7;
0: [r:[-1.0000, 0.0000][0.0000, -9.2890]r:[0.0000, -1.0000]]
C-ITER (27/1000)	with baseline accuracy = 1000
maxgenerators: 7;
72: [r:[-1.0000, 0.0000][0.0000, -9.2950]r:[0.0000, -1.0000]]
state 0 not converged yet.
maxgenerators: 7;
0: [r:[-1.0000, 0.0000][0.0000, -9.2890]r:[0.0000, -1.0000]]
maxgenerators: 7;
0: [r:[-1.0000, 0.0000][0.0000, -9.2920]r:[0.0000, -1.0000]]
C-ITER (28/1000)	with baseline accuracy = 1000
maxgenerators: 7;
72: [r:[-1.0000, 0.0000][0.0000, -9.2970]r:[0.0000, -1.0000]]
state 0 not converged yet.
maxgenerators: 7;
0: [r:[-1.0000, 0.0000][0.0000, -9.2920]r:[0.0000, -1.0000]]
maxgenerators: 7;
0: [r:[-1.0000, 0.0000][0.0000, -9.2950]r:[0.0000, -1.0000]]
C-ITER (29/1000)	with baseline accuracy = 1000
maxgenerators: 7;
72: [r:[-1.0000, 0.0000][0.0000, -9.3000]r:[0.0000, -1.0000]]
state 0 not converged yet.
maxgenerators: 7;
0: [r:[-1.0000, 0.0000][0.0000, -9.2950]r:[0.0000, -1.0000]]
maxgenerators: 7;
0: [r:[-1.0000, 0.0000][0.0000, -9.2970]r:[0.0000, -1.0000]]
C-ITER (30/1000)	with baseline accuracy = 1000
maxgenerators: 7;
72: [r:[-1.0000, 0.0000][0.0000, -9.3060]r:[0.0000, -1.0000]]
state 0 not converged yet.
maxgenerators: 7;
0: [r:[-1.0000, 0.0000][0.0000, -9.2970]r:[0.0000, -1.0000]]
maxgenerators: 7;
0: [r:[-1.0000, 0.0000][0.0000, -9.3000]r:[0.0000, -1.0000]]
C-ITER (31/1000)	with baseline accuracy = 1000
maxgenerators: 7;
72: [r:[-1.0000, 0.0000][0.0000, -9.3080]r:[0.0000, -1.0000]]
state 0 not converged yet.
maxgenerators: 7;
0: [r:[-1.0000, 0.0000][0.0000, -9.3000]r:[0.0000, -1.0000]]
maxgenerators: 7;
0: [r:[-1.0000, 0.0000][0.0000, -9.3060]r:[0.0000, -1.0000]]
C-ITER (32/1000)	with baseline accuracy = 1000
maxgenerators: 7;
72: [r:[-1.0000, 0.0000][0.0000, -9.3110]r:[0.0000, -1.0000]]
state 0 not converged yet.
maxgenerators: 7;
0: [r:[-1.0000, 0.0000][0.0000, -9.3060]r:[0.0000, -1.0000]]
maxgenerators: 7;
0: [r:[-1.0000, 0.0000][0.0000, -9.3080]r:[0.0000, -1.0000]]
C-ITER (33/1000)	with baseline accuracy = 1000
maxgenerators: 7;
72: [r:[-1.0000, 0.0000][0.0000, -9.3140]r:[0.0000, -1.0000]]
state 0 not converged yet.
maxgenerators: 7;
0: [r:[-1.0000, 0.0000][0.0000, -9.3080]r:[0.0000, -1.0000]]
maxgenerators: 7;
0: [r:[-1.0000, 0.0000][0.0000, -9.3110]r:[0.0000, -1.0000]]
C-ITER (34/1000)	with baseline accuracy = 1000
maxgenerators: 7;
72: [r:[-1.0000, 0.0000][0.0000, -9.3160]r:[0.0000, -1.0000]]
state 0 not converged yet.
maxgenerators: 7;
0: [r:[-1.0000, 0.0000][0.0000, -9.3110]r:[0.0000, -1.0000]]
maxgenerators: 7;
0: [r:[-1.0000, 0.0000][0.0000, -9.3140]r:[0.0000, -1.0000]]
C-ITER (35/1000)	with baseline accuracy = 1000
maxgenerators: 7;
72: [r:[-1.0000, 0.0000][0.0000, -9.3220]r:[0.0000, -1.0000]]
state 0 not converged yet.
maxgenerators: 7;
0: [r:[-1.0000, 0.0000][0.0000, -9.3140]r:[0.0000, -1.0000]]
maxgenerators: 7;
0: [r:[-1.0000, 0.0000][0.0000, -9.3160]r:[0.0000, -1.0000]]
C-ITER (36/1000)	with baseline accuracy = 1000
maxgenerators: 7;
72: [r:[-1.0000, 0.0000][0.0000, -9.3250]r:[0.0000, -1.0000]]
state 0 not converged yet.
maxgenerators: 7;
0: [r:[-1.0000, 0.0000][0.0000, -9.3160]r:[0.0000, -1.0000]]
maxgenerators: 7;
0: [r:[-1.0000, 0.0000][0.0000, -9.3220]r:[0.0000, -1.0000]]
C-ITER (37/1000)	with baseline accuracy = 1000
maxgenerators: 7;
72: [r:[-1.0000, 0.0000][0.0000, -9.3270]r:[0.0000, -1.0000]]
state 0 not converged yet.
maxgenerators: 7;
0: [r:[-1.0000, 0.0000][0.0000, -9.3220]r:[0.0000, -1.0000]]
maxgenerators: 7;
0: [r:[-1.0000, 0.0000][0.0000, -9.3250]r:[0.0000, -1.0000]]
C-ITER (38/1000)	with baseline accuracy = 1000
maxgenerators: 7;
72: [r:[-1.0000, 0.0000][0.0000, -9.3300]r:[0.0000, -1.0000]]
state 0 not converged yet.
maxgenerators: 7;
0: [r:[-1.0000, 0.0000][0.0000, -9.3250]r:[0.0000, -1.0000]]
maxgenerators: 7;
0: [r:[-1.0000, 0.0000][0.0000, -9.3270]r:[0.0000, -1.0000]]
C-ITER (39/1000)	with baseline accuracy = 1000
maxgenerators: 7;
72: [r:[-1.0000, 0.0000][0.0000, -9.3330]r:[0.0000, -1.0000]]
state 0 not converged yet.
maxgenerators: 7;
0: [r:[-1.0000, 0.0000][0.0000, -9.3270]r:[0.0000, -1.0000]]
maxgenerators: 7;
0: [r:[-1.0000, 0.0000][0.0000, -9.3300]r:[0.0000, -1.0000]]
C-ITER (40/1000)	with baseline accuracy = 1000
maxgenerators: 7;
72: [r:[-1.0000, 0.0000][0.0000, -9.3380]r:[0.0000, -1.0000]]
state 0 not converged yet.
maxgenerators: 7;
0: [r:[-1.0000, 0.0000][0.0000, -9.3300]r:[0.0000, -1.0000]]
maxgenerators: 7;
0: [r:[-1.0000, 0.0000][0.0000, -9.3330]r:[0.0000, -1.0000]]
C-ITER (41/1000)	with baseline accuracy = 1000
maxgenerators: 7;
72: [r:[-1.0000, 0.0000][0.0000, -9.3410]r:[0.0000, -1.0000]]
state 0 not converged yet.
maxgenerators: 7;
0: [r:[-1.0000, 0.0000][0.0000, -9.3330]r:[0.0000, -1.0000]]
maxgenerators: 7;
0: [r:[-1.0000, 0.0000][0.0000, -9.3380]r:[0.0000, -1.0000]]
C-ITER (42/1000)	with baseline accuracy = 1000
maxgenerators: 7;
72: [r:[-1.0000, 0.0000][0.0000, -9.3440]r:[0.0000, -1.0000]]
state 0 not converged yet.
maxgenerators: 7;
0: [r:[-1.0000, 0.0000][0.0000, -9.3380]r:[0.0000, -1.0000]]
maxgenerators: 7;
0: [r:[-1.0000, 0.0000][0.0000, -9.3410]r:[0.0000, -1.0000]]
C-ITER (43/1000)	with baseline accuracy = 1000
maxgenerators: 6;
72: [r:[-1.0000, 0.0000][0.0000, -9.3460]r:[0.0000, -1.0000]]
state 0 not converged yet.
maxgenerators: 7;
0: [r:[-1.0000, 0.0000][0.0000, -9.3410]r:[0.0000, -1.0000]]
maxgenerators: 6;
0: [r:[-1.0000, 0.0000][0.0000, -9.3440]r:[0.0000, -1.0000]]
C-ITER (44/1000)	with baseline accuracy = 1000
maxgenerators: 6;
72: [r:[-1.0000, 0.0000][0.0000, -9.3480]r:[0.0000, -1.0000]]
state 0 not converged yet.
maxgenerators: 6;
0: [r:[-1.0000, 0.0000][0.0000, -9.3440]r:[0.0000, -1.0000]]
maxgenerators: 6;
0: [r:[-1.0000, 0.0000][0.0000, -9.3460]r:[0.0000, -1.0000]]
C-ITER (45/1000)	with baseline accuracy = 1000
maxgenerators: 6;
72: [r:[-1.0000, 0.0000][0.0000, -9.3480]r:[0.0000, -1.0000]]
state 0 not converged yet.
maxgenerators: 6;
0: [r:[-1.0000, 0.0000][0.0000, -9.3460]r:[0.0000, -1.0000]]
maxgenerators: 6;
0: [r:[-1.0000, 0.0000][0.0000, -9.3480]r:[0.0000, -1.0000]]
C-ITER (46/1000)	with baseline accuracy = 1000
maxgenerators: 6;
72: [r:[-1.0000, 0.0000][0.0000, -9.3480]r:[0.0000, -1.0000]]
state 1 not converged yet.
maxgenerators: 6;
1: [r:[-1.0000, 0.0000][0.0000, -39.9000]r:[0.0000, -1.0000]]
maxgenerators: 6;
1: [r:[-1.0000, 0.0000][0.0000, -39.9060]r:[0.0000, -1.0000]]
C-ITER (47/1000)	with baseline accuracy = 1000
maxgenerators: 6;
72: [r:[-1.0000, 0.0000][0.0000, -9.3480]r:[0.0000, -1.0000]]
state 1 not converged yet.
maxgenerators: 6;
1: [r:[-1.0000, 0.0000][0.0000, -39.9060]r:[0.0000, -1.0000]]
maxgenerators: 6;
1: [r:[-1.0000, 0.0000][0.0000, -39.9080]r:[0.0000, -1.0000]]
C-ITER (48/1000)	with baseline accuracy = 1000
maxgenerators: 6;
72: [r:[-1.0000, 0.0000][0.0000, -9.3480]r:[0.0000, -1.0000]]
state 1 not converged yet.
maxgenerators: 6;
1: [r:[-1.0000, 0.0000][0.0000, -39.9080]r:[0.0000, -1.0000]]
maxgenerators: 6;
1: [r:[-1.0000, 0.0000][0.0000, -39.9110]r:[0.0000, -1.0000]]
C-ITER (49/1000)	with baseline accuracy = 1000
maxgenerators: 6;
72: [r:[-1.0000, 0.0000][0.0000, -9.3480]r:[0.0000, -1.0000]]
state 1 not converged yet.
maxgenerators: 6;
1: [r:[-1.0000, 0.0000][0.0000, -39.9110]r:[0.0000, -1.0000]]
maxgenerators: 6;
1: [r:[-1.0000, 0.0000][0.0000, -39.9140]r:[0.0000, -1.0000]]
C-ITER (50/1000)	with baseline accuracy = 1000
maxgenerators: 6;
72: [r:[-1.0000, 0.0000][0.0000, -9.3490]r:[0.0000, -1.0000]]
state 1 not converged yet.
maxgenerators: 6;
1: [r:[-1.0000, 0.0000][0.0000, -39.9140]r:[0.0000, -1.0000]]
maxgenerators: 6;
1: [r:[-1.0000, 0.0000][0.0000, -39.9160]r:[0.0000, -1.0000]]
C-ITER (51/1000)	with baseline accuracy = 1000
maxgenerators: 6;
72: [r:[-1.0000, 0.0000][0.0000, -9.3490]r:[0.0000, -1.0000]]
state 1 not converged yet.
maxgenerators: 6;
1: [r:[-1.0000, 0.0000][0.0000, -39.9160]r:[0.0000, -1.0000]]
maxgenerators: 6;
1: [r:[-1.0000, 0.0000][0.0000, -39.9220]r:[0.0000, -1.0000]]
C-ITER (52/1000)	with baseline accuracy = 1000
maxgenerators: 6;
72: [r:[-1.0000, 0.0000][0.0000, -9.3490]r:[0.0000, -1.0000]]
state 1 not converged yet.
maxgenerators: 6;
1: [r:[-1.0000, 0.0000][0.0000, -39.9220]r:[0.0000, -1.0000]]
maxgenerators: 6;
1: [r:[-1.0000, 0.0000][0.0000, -39.9250]r:[0.0000, -1.0000]]
C-ITER (53/1000)	with baseline accuracy = 1000
maxgenerators: 6;
72: [r:[-1.0000, 0.0000][0.0000, -9.3490]r:[0.0000, -1.0000]]
state 1 not converged yet.
maxgenerators: 6;
1: [r:[-1.0000, 0.0000][0.0000, -39.9250]r:[0.0000, -1.0000]]
maxgenerators: 6;
1: [r:[-1.0000, 0.0000][0.0000, -39.9270]r:[0.0000, -1.0000]]
C-ITER (54/1000)	with baseline accuracy = 1000
maxgenerators: 6;
72: [r:[-1.0000, 0.0000][0.0000, -9.3490]r:[0.0000, -1.0000]]
state 1 not converged yet.
maxgenerators: 6;
1: [r:[-1.0000, 0.0000][0.0000, -39.9270]r:[0.0000, -1.0000]]
maxgenerators: 6;
1: [r:[-1.0000, 0.0000][0.0000, -39.9300]r:[0.0000, -1.0000]]
C-ITER (55/1000)	with baseline accuracy = 1000
maxgenerators: 6;
72: [r:[-1.0000, 0.0000][0.0000, -9.3490]r:[0.0000, -1.0000]]
state 1 not converged yet.
maxgenerators: 6;
1: [r:[-1.0000, 0.0000][0.0000, -39.9300]r:[0.0000, -1.0000]]
maxgenerators: 6;
1: [r:[-1.0000, 0.0000][0.0000, -39.9330]r:[0.0000, -1.0000]]
C-ITER (56/1000)	with baseline accuracy = 1000
maxgenerators: 6;
72: [r:[-1.0000, 0.0000][0.0000, -9.3490]r:[0.0000, -1.0000]]
state 1 not converged yet.
maxgenerators: 6;
1: [r:[-1.0000, 0.0000][0.0000, -39.9330]r:[0.0000, -1.0000]]
maxgenerators: 6;
1: [r:[-1.0000, 0.0000][0.0000, -39.9380]r:[0.0000, -1.0000]]
C-ITER (57/1000)	with baseline accuracy = 1000
maxgenerators: 6;
72: [r:[-1.0000, 0.0000][0.0000, -9.3500]r:[0.0000, -1.0000]]
state 1 not converged yet.
maxgenerators: 6;
1: [r:[-1.0000, 0.0000][0.0000, -39.9380]r:[0.0000, -1.0000]]
maxgenerators: 6;
1: [r:[-1.0000, 0.0000][0.0000, -39.9410]r:[0.0000, -1.0000]]
C-ITER (58/1000)	with baseline accuracy = 1000
maxgenerators: 6;
72: [r:[-1.0000, 0.0000][0.0000, -9.3500]r:[0.0000, -1.0000]]
state 1 not converged yet.
maxgenerators: 6;
1: [r:[-1.0000, 0.0000][0.0000, -39.9410]r:[0.0000, -1.0000]]
maxgenerators: 6;
1: [r:[-1.0000, 0.0000][0.0000, -39.9440]r:[0.0000, -1.0000]]
C-ITER (59/1000)	with baseline accuracy = 1000
maxgenerators: 6;
72: [r:[-1.0000, 0.0000][0.0000, -9.3500]r:[0.0000, -1.0000]]
state 1 not converged yet.
maxgenerators: 6;
1: [r:[-1.0000, 0.0000][0.0000, -39.9440]r:[0.0000, -1.0000]]
maxgenerators: 6;
1: [r:[-1.0000, 0.0000][0.0000, -39.9460]r:[0.0000, -1.0000]]
C-ITER (60/1000)	with baseline accuracy = 1000
maxgenerators: 6;
72: [r:[-1.0000, 0.0000][0.0000, -9.3500]r:[0.0000, -1.0000]]
state 1 not converged yet.
maxgenerators: 6;
1: [r:[-1.0000, 0.0000][0.0000, -39.9460]r:[0.0000, -1.0000]]
maxgenerators: 6;
1: [r:[-1.0000, 0.0000][0.0000, -39.9480]r:[0.0000, -1.0000]]
C-ITER (61/1000)	with baseline accuracy = 1000
maxgenerators: 6;
72: [r:[-1.0000, 0.0000][0.0000, -9.3500]r:[0.0000, -1.0000]]
state 5 not converged yet.
maxgenerators: 6;
5: [r:[-1.0000, 0.0000][0.0000, -48.4380]r:[0.0000, -1.0000]]
maxgenerators: 6;
5: [r:[-1.0000, 0.0000][0.0000, -48.4410]r:[0.0000, -1.0000]]
C-ITER (62/1000)	with baseline accuracy = 1000
maxgenerators: 5;
72: [r:[-1.0000, 0.0000][0.0000, -9.3500]r:[0.0000, -1.0000]]
state 5 not converged yet.
maxgenerators: 6;
5: [r:[-1.0000, 0.0000][0.0000, -48.4410]r:[0.0000, -1.0000]]
maxgenerators: 5;
5: [r:[-1.0000, 0.0000][0.0000, -48.4440]r:[0.0000, -1.0000]]
C-ITER (63/1000)	with baseline accuracy = 1000
maxgenerators: 5;
72: [r:[-1.0000, 0.0000][0.0000, -9.3500]r:[0.0000, -1.0000]]
state 5 not converged yet.
maxgenerators: 5;
5: [r:[-1.0000, 0.0000][0.0000, -48.4440]r:[0.0000, -1.0000]]
maxgenerators: 5;
5: [r:[-1.0000, 0.0000][0.0000, -48.4460]r:[0.0000, -1.0000]]
C-ITER (64/1000)	with baseline accuracy = 1000
maxgenerators: 5;
72: [r:[-1.0000, 0.0000][0.0000, -9.3500]r:[0.0000, -1.0000]]
state 5 not converged yet.
maxgenerators: 5;
5: [r:[-1.0000, 0.0000][0.0000, -48.4460]r:[0.0000, -1.0000]]
maxgenerators: 5;
5: [r:[-1.0000, 0.0000][0.0000, -48.4480]r:[0.0000, -1.0000]]
C-ITER (65/1000)	with baseline accuracy = 1000
maxgenerators: 5;
72: [r:[-1.0000, 0.0000][0.0000, -9.3500]r:[0.0000, -1.0000]]
CQ value iteration converged.
Strategy construction took 2.935944 s
Synthesis took 1110.839163 s

Number of states satisfying and(and(R{"fail_l"}<=u_fail_l [ S ]), and(R{"buses_l"}>=l_buses_l [ S ])): 3430

Property satisfied in 1 of 1 initial states.

Time for model checking: 1111.0210000000002 seconds.

Result: true (property satisfied in the initial state)

Exporting strategy as actions to file "pc9_10_3.strat"...

