PRISM-games
===========

Version: 4.2.beta1
Date: Wed Jan 07 15:26:01 GMT 2015
Hostname: qavbench.comlab
Command line: prism ../prism-examples/power/power_comp9.smg ../prism-examples/power/power_comp9.props -prop 8 -const 'I1_health=0.6,max_gc=2,max_delay=1,u_fail_l=0.01,u_fail_r=0.02,l_buses_l=0.95,l_buses_r=0.95,l_i1_l=0.0,l_i1_r=0.0' -logcpareto -nocompatibility -multirounding -increasefactor 1.0 -baselineaccuracy 100 -multimaxciter 1000 -paretoepsilon 0.01 -exportstrat pc9_10_8.strat -gs

Parsing model file "../prism-examples/power/power_comp9.smg"...

Parsing properties file "../prism-examples/power/power_comp9.props"...

15 properties:
(1) comp("P210a", "P210b")
(2) comp("P210a_int", "P210b_int")
(3) comp("P210a_AGint", "P210b_AGint")
(4) "safe_210a": and(R{"fail_l"}<=u_fail_l [ S ])
(5) "buses_210a": and(R{"buses_l"}>=l_buses_l [ S ])
(6) "I1_210a": and(R{"i1_l"}>=l_i1_l [ S ])
(7) "P210a": and("safe_210a", "buses_210a")
(8) "P210a_int": and("safe_210a", "buses_210a", "I1_210a")
(9) "P210a_AGint": impl("I1_210b", and("safe_210a", "buses_210a"))
(10) "safe_210b": and(R{"fail_r"}<=u_fail_r [ S ])
(11) "buses_210b": and(R{"buses_r"}>=l_buses_r [ S ])
(12) "I1_210b": and(R{"i1_r"}>=l_i1_r [ S ])
(13) "P210b": and("safe_210b", "I1_210b", "buses_210b")
(14) "P210b_int": and("safe_210b", "buses_210b", "I1_210b")
(15) "P210b_AGint": impl("I1_210a", and("safe_210b", "buses_210b"))

Type:        SMG
Modules:     C1_switch C2_switch C3_switch C4_switch GEN_LEFT HVAC_LEFT GEN_COUNTER_LEFT C5_switch C6_switch C7_switch C8_switch GEN_COUNTER_RIGHT GEN_RIGHT HVAC_RIGHT 
Variables:   C1 C1_int C1_del C2 C2_int C2_del C3 C3_int C3_del C4 C4_int C4_del G224a G252a I1_left pL GC_left C5 C5_int C5_del C6 C6_int C6_del C7 C7_int C7_del C8 C8_int C8_del GC_right G224b G252b I1_right pR 

Switching to explicit engine, which supports SMGs...

---------------------------------------------------------------------

Model checking: "P210a_int": and("safe_210a", "buses_210a", "I1_210a")
Model constants: max_gc=2,I1_health=0.6,max_delay=1
Property constants: u_fail_l=0.01,l_buses_l=0.95,l_i1_l=0

Building model...
Model constants: max_gc=2,I1_health=0.6,max_delay=1

Computing reachable states... 24744 states
Reachable states exploration and model construction done in 1.72 secs.
Sorting reachable states list...

Time for model construction: 1.958 seconds.

Type:        SMG
States:      24744 (1 initial)
Transitions: 65160
Choices:     61272
Max/avg:     16/2.48
Property converted to CNF: and(R{"fail_l"}<=u_fail_l [ S ], R{"buses_l"}>=l_buses_l [ S ], R{"i1_l"}>=l_i1_l [ S ])
/////////////////   NEW (DIRECT) MODEL CHECKING TASK     /////////////////////
Property:
	and(R{"fail_l"}<=u_fail_l [ S ], R{"buses_l"}>=l_buses_l [ S ], R{"i1_l"}>=l_i1_l [ S ])

initial state: 126
operation: Strategy generation
C-ITER (1/1000)	with baseline accuracy = 100
maxgenerators: 4;
126: [r:[-1.0000, 0.0000, 0.0000][0.0000, -2.5900, 0.0000]r:[0.0000, -1.0000, 0.0000]r:[0.0000, 0.0000, -1.0000]]
state 0 not converged yet.
maxgenerators: 4;
0: [r:[-1.0000, 0.0000, 0.0000]r:[0.0000, -1.0000, 0.0000]r:[0.0000, 0.0000, -1.0000][0.0000, 0.0000, 0.0000]]
maxgenerators: 4;
0: [r:[-1.0000, 0.0000, 0.0000][0.0000, -1.9000, 0.0000]r:[0.0000, -1.0000, 0.0000]r:[0.0000, 0.0000, -1.0000]]
C-ITER (2/1000)	with baseline accuracy = 100
maxgenerators: 5;
126: [r:[-1.0000, 0.0000, 0.0000][0.0000, -4.4900, 0.0000]r:[0.0000, -1.0000, 0.0000]r:[0.0000, 0.0000, -1.0000]]
state 0 not converged yet.
maxgenerators: 4;
0: [r:[-1.0000, 0.0000, 0.0000][0.0000, -1.9000, 0.0000]r:[0.0000, -1.0000, 0.0000]r:[0.0000, 0.0000, -1.0000]]
maxgenerators: 5;
0: [r:[-1.0000, 0.0000, 0.0000][0.0000, -3.8000, 0.0000]r:[0.0000, -1.0000, 0.0000]r:[0.0000, 0.0000, -1.0000]]
C-ITER (3/1000)	with baseline accuracy = 100
maxgenerators: 5;
126: [r:[-1.0000, 0.0000, 0.0000][0.0000, -6.3900, 0.0000]r:[0.0000, -1.0000, 0.0000]r:[0.0000, 0.0000, -1.0000]]
state 0 not converged yet.
maxgenerators: 5;
0: [r:[-1.0000, 0.0000, 0.0000][0.0000, -3.8000, 0.0000]r:[0.0000, -1.0000, 0.0000]r:[0.0000, 0.0000, -1.0000]]
maxgenerators: 5;
0: [r:[-1.0000, 0.0000, 0.0000][0.0000, -5.7000, 0.0000]r:[0.0000, -1.0000, 0.0000]r:[0.0000, 0.0000, -1.0000]]
C-ITER (4/1000)	with baseline accuracy = 100
maxgenerators: 6;
126: [r:[-1.0000, 0.0000, 0.0000][0.0000, -7.9800, 0.0000]r:[0.0000, -1.0000, 0.0000]r:[0.0000, 0.0000, -1.0000]]
state 0 not converged yet.
maxgenerators: 5;
0: [r:[-1.0000, 0.0000, 0.0000][0.0000, -5.7000, 0.0000]r:[0.0000, -1.0000, 0.0000]r:[0.0000, 0.0000, -1.0000]]
maxgenerators: 6;
0: [r:[-1.0000, 0.0000, 0.0000][0.0000, -7.6000, 0.0000]r:[0.0000, -1.0000, 0.0000]r:[0.0000, 0.0000, -1.0000]]
C-ITER (5/1000)	with baseline accuracy = 100
maxgenerators: 7;
126: [r:[-1.0000, 0.0000, 0.0000][0.0000, -8.7000, 0.0000]r:[0.0000, -1.0000, 0.0000]r:[0.0000, 0.0000, -1.0000]]
state 0 not converged yet.
maxgenerators: 6;
0: [r:[-1.0000, 0.0000, 0.0000][0.0000, -7.6000, 0.0000]r:[0.0000, -1.0000, 0.0000]r:[0.0000, 0.0000, -1.0000]]
maxgenerators: 7;
0: [r:[-1.0000, 0.0000, 0.0000][0.0000, -8.5900, 0.0000]r:[0.0000, -1.0000, 0.0000]r:[0.0000, 0.0000, -1.0000]]
C-ITER (6/1000)	with baseline accuracy = 100
maxgenerators: 8;
126: [r:[-1.0000, 0.0000, 0.0000][0.0000, -8.7800, 0.0000]r:[0.0000, -1.0000, 0.0000]r:[0.0000, 0.0000, -1.0000]]
state 0 not converged yet.
maxgenerators: 7;
0: [r:[-1.0000, 0.0000, 0.0000][0.0000, -8.5900, 0.0000]r:[0.0000, -1.0000, 0.0000]r:[0.0000, 0.0000, -1.0000]]
maxgenerators: 8;
0: [r:[-1.0000, 0.0000, 0.0000][0.0000, -8.7000, 0.0000]r:[0.0000, -1.0000, 0.0000]r:[0.0000, 0.0000, -1.0000]]
C-ITER (7/1000)	with baseline accuracy = 100
maxgenerators: 9;
126: [r:[-1.0000, 0.0000, 0.0000][0.0000, -8.8500, 0.0000]r:[0.0000, -1.0000, 0.0000]r:[0.0000, 0.0000, -1.0000]]
state 0 not converged yet.
maxgenerators: 8;
0: [r:[-1.0000, 0.0000, 0.0000][0.0000, -8.7000, 0.0000]r:[0.0000, -1.0000, 0.0000]r:[0.0000, 0.0000, -1.0000]]
maxgenerators: 9;
0: [r:[-1.0000, 0.0000, 0.0000][0.0000, -8.7800, 0.0000]r:[0.0000, -1.0000, 0.0000]r:[0.0000, 0.0000, -1.0000]]
C-ITER (8/1000)	with baseline accuracy = 100
maxgenerators: 9;
126: [r:[-1.0000, 0.0000, 0.0000][0.0000, -8.9300, 0.0000]r:[0.0000, -1.0000, 0.0000]r:[0.0000, 0.0000, -1.0000]]
state 0 not converged yet.
maxgenerators: 9;
0: [r:[-1.0000, 0.0000, 0.0000][0.0000, -8.7800, 0.0000]r:[0.0000, -1.0000, 0.0000]r:[0.0000, 0.0000, -1.0000]]
maxgenerators: 9;
0: [r:[-1.0000, 0.0000, 0.0000][0.0000, -8.8500, 0.0000]r:[0.0000, -1.0000, 0.0000]r:[0.0000, 0.0000, -1.0000]]
C-ITER (9/1000)	with baseline accuracy = 100
maxgenerators: 9;
126: [r:[-1.0000, 0.0000, 0.0000][0.0000, -9.0000, 0.0000]r:[0.0000, -1.0000, 0.0000]r:[0.0000, 0.0000, -1.0000]]
state 0 not converged yet.
maxgenerators: 9;
0: [r:[-1.0000, 0.0000, 0.0000][0.0000, -8.8500, 0.0000]r:[0.0000, -1.0000, 0.0000]r:[0.0000, 0.0000, -1.0000]]
maxgenerators: 9;
0: [r:[-1.0000, 0.0000, 0.0000][0.0000, -8.9300, 0.0000]r:[0.0000, -1.0000, 0.0000]r:[0.0000, 0.0000, -1.0000]]
C-ITER (10/1000)	with baseline accuracy = 100
maxgenerators: 10;
126: [r:[-1.0000, 0.0000, 0.0000][0.0000, -9.0700, 0.0000]r:[0.0000, -1.0000, 0.0000]r:[0.0000, 0.0000, -1.0000]]
state 0 not converged yet.
maxgenerators: 9;
0: [r:[-1.0000, 0.0000, 0.0000][0.0000, -8.9300, 0.0000]r:[0.0000, -1.0000, 0.0000]r:[0.0000, 0.0000, -1.0000]]
maxgenerators: 10;
0: [r:[-1.0000, 0.0000, 0.0000][0.0000, -9.0000, 0.0000]r:[0.0000, -1.0000, 0.0000]r:[0.0000, 0.0000, -1.0000]]
C-ITER (11/1000)	with baseline accuracy = 100
maxgenerators: 10;
126: [r:[-1.0000, 0.0000, 0.0000][0.0000, -9.1000, 0.0000]r:[0.0000, -1.0000, 0.0000]r:[0.0000, 0.0000, -1.0000]]
state 0 not converged yet.
maxgenerators: 10;
0: [r:[-1.0000, 0.0000, 0.0000][0.0000, -9.0000, 0.0000]r:[0.0000, -1.0000, 0.0000]r:[0.0000, 0.0000, -1.0000]]
maxgenerators: 10;
0: [r:[-1.0000, 0.0000, 0.0000][0.0000, -9.0700, 0.0000]r:[0.0000, -1.0000, 0.0000]r:[0.0000, 0.0000, -1.0000]]
C-ITER (12/1000)	with baseline accuracy = 100
maxgenerators: 9;
126: [r:[-1.0000, 0.0000, 0.0000][0.0000, -9.1300, 0.0000]r:[0.0000, -1.0000, 0.0000]r:[0.0000, 0.0000, -1.0000]]
state 0 not converged yet.
maxgenerators: 10;
0: [r:[-1.0000, 0.0000, 0.0000][0.0000, -9.0700, 0.0000]r:[0.0000, -1.0000, 0.0000]r:[0.0000, 0.0000, -1.0000]]
maxgenerators: 9;
0: [r:[-1.0000, 0.0000, 0.0000][0.0000, -9.1000, 0.0000]r:[0.0000, -1.0000, 0.0000]r:[0.0000, 0.0000, -1.0000]]
C-ITER (13/1000)	with baseline accuracy = 100
maxgenerators: 10;
126: [r:[-1.0000, 0.0000, 0.0000][0.0000, -9.1600, 0.0000]r:[0.0000, -1.0000, 0.0000]r:[0.0000, 0.0000, -1.0000]]
state 0 not converged yet.
maxgenerators: 9;
0: [r:[-1.0000, 0.0000, 0.0000][0.0000, -9.1000, 0.0000]r:[0.0000, -1.0000, 0.0000]r:[0.0000, 0.0000, -1.0000]]
maxgenerators: 10;
0: [r:[-1.0000, 0.0000, 0.0000][0.0000, -9.1300, 0.0000]r:[0.0000, -1.0000, 0.0000]r:[0.0000, 0.0000, -1.0000]]
C-ITER (14/1000)	with baseline accuracy = 100
maxgenerators: 10;
126: [r:[-1.0000, 0.0000, 0.0000][0.0000, -9.1900, 0.0000]r:[0.0000, -1.0000, 0.0000]r:[0.0000, 0.0000, -1.0000]]
state 0 not converged yet.
maxgenerators: 10;
0: [r:[-1.0000, 0.0000, 0.0000][0.0000, -9.1300, 0.0000]r:[0.0000, -1.0000, 0.0000]r:[0.0000, 0.0000, -1.0000]]
maxgenerators: 10;
0: [r:[-1.0000, 0.0000, 0.0000][0.0000, -9.1600, 0.0000]r:[0.0000, -1.0000, 0.0000]r:[0.0000, 0.0000, -1.0000]]
C-ITER (15/1000)	with baseline accuracy = 100
maxgenerators: 10;
126: [r:[-1.0000, 0.0000, 0.0000][0.0000, -9.2200, 0.0000]r:[0.0000, -1.0000, 0.0000]r:[0.0000, 0.0000, -1.0000]]
state 0 not converged yet.
maxgenerators: 10;
0: [r:[-1.0000, 0.0000, 0.0000][0.0000, -9.1600, 0.0000]r:[0.0000, -1.0000, 0.0000]r:[0.0000, 0.0000, -1.0000]]
maxgenerators: 10;
0: [r:[-1.0000, 0.0000, 0.0000][0.0000, -9.1900, 0.0000]r:[0.0000, -1.0000, 0.0000]r:[0.0000, 0.0000, -1.0000]]
C-ITER (16/1000)	with baseline accuracy = 100
maxgenerators: 10;
126: [r:[-1.0000, 0.0000, 0.0000][0.0000, -9.2500, 0.0000]r:[0.0000, -1.0000, 0.0000]r:[0.0000, 0.0000, -1.0000]]
state 0 not converged yet.
maxgenerators: 10;
0: [r:[-1.0000, 0.0000, 0.0000][0.0000, -9.1900, 0.0000]r:[0.0000, -1.0000, 0.0000]r:[0.0000, 0.0000, -1.0000]]
maxgenerators: 10;
0: [r:[-1.0000, 0.0000, 0.0000][0.0000, -9.2200, 0.0000]r:[0.0000, -1.0000, 0.0000]r:[0.0000, 0.0000, -1.0000]]
C-ITER (17/1000)	with baseline accuracy = 100
maxgenerators: 10;
126: [r:[-1.0000, 0.0000, 0.0000][0.0000, -9.2800, 0.0000]r:[0.0000, -1.0000, 0.0000]r:[0.0000, 0.0000, -1.0000]]
state 0 not converged yet.
maxgenerators: 10;
0: [r:[-1.0000, 0.0000, 0.0000][0.0000, -9.2200, 0.0000]r:[0.0000, -1.0000, 0.0000]r:[0.0000, 0.0000, -1.0000]]
maxgenerators: 10;
0: [r:[-1.0000, 0.0000, 0.0000][0.0000, -9.2500, 0.0000]r:[0.0000, -1.0000, 0.0000]r:[0.0000, 0.0000, -1.0000]]
C-ITER (18/1000)	with baseline accuracy = 100
maxgenerators: 10;
126: [r:[-1.0000, 0.0000, 0.0000][0.0000, -9.3100, 0.0000]r:[0.0000, -1.0000, 0.0000]r:[0.0000, 0.0000, -1.0000]]
state 0 not converged yet.
maxgenerators: 10;
0: [r:[-1.0000, 0.0000, 0.0000][0.0000, -9.2500, 0.0000]r:[0.0000, -1.0000, 0.0000]r:[0.0000, 0.0000, -1.0000]]
maxgenerators: 10;
0: [r:[-1.0000, 0.0000, 0.0000][0.0000, -9.2800, 0.0000]r:[0.0000, -1.0000, 0.0000]r:[0.0000, 0.0000, -1.0000]]
C-ITER (19/1000)	with baseline accuracy = 100
maxgenerators: 10;
126: [r:[-1.0000, 0.0000, 0.0000][0.0000, -9.3400, 0.0000]r:[0.0000, -1.0000, 0.0000]r:[0.0000, 0.0000, -1.0000]]
state 0 not converged yet.
maxgenerators: 10;
0: [r:[-1.0000, 0.0000, 0.0000][0.0000, -9.2800, 0.0000]r:[0.0000, -1.0000, 0.0000]r:[0.0000, 0.0000, -1.0000]]
maxgenerators: 10;
0: [r:[-1.0000, 0.0000, 0.0000][0.0000, -9.3100, 0.0000]r:[0.0000, -1.0000, 0.0000]r:[0.0000, 0.0000, -1.0000]]
C-ITER (20/1000)	with baseline accuracy = 100
maxgenerators: 10;
126: [r:[-1.0000, 0.0000, 0.0000][0.0000, -9.3600, 0.0000]r:[0.0000, -1.0000, 0.0000]r:[0.0000, 0.0000, -1.0000]]
state 0 not converged yet.
maxgenerators: 10;
0: [r:[-1.0000, 0.0000, 0.0000][0.0000, -9.3100, 0.0000]r:[0.0000, -1.0000, 0.0000]r:[0.0000, 0.0000, -1.0000]]
maxgenerators: 10;
0: [r:[-1.0000, 0.0000, 0.0000][0.0000, -9.3400, 0.0000]r:[0.0000, -1.0000, 0.0000]r:[0.0000, 0.0000, -1.0000]]
C-ITER (21/1000)	with baseline accuracy = 100
maxgenerators: 9;
126: [r:[-1.0000, 0.0000, 0.0000][0.0000, -9.3600, 0.0000]r:[0.0000, -1.0000, 0.0000]r:[0.0000, 0.0000, -1.0000]]
state 0 not converged yet.
maxgenerators: 10;
0: [r:[-1.0000, 0.0000, 0.0000][0.0000, -9.3400, 0.0000]r:[0.0000, -1.0000, 0.0000]r:[0.0000, 0.0000, -1.0000]]
maxgenerators: 9;
0: [r:[-1.0000, 0.0000, 0.0000][0.0000, -9.3600, 0.0000]r:[0.0000, -1.0000, 0.0000]r:[0.0000, 0.0000, -1.0000]]
C-ITER (22/1000)	with baseline accuracy = 100
maxgenerators: 10;
126: [r:[-1.0000, 0.0000, 0.0000][0.0000, -9.3600, 0.0000]r:[0.0000, -1.0000, 0.0000]r:[0.0000, 0.0000, -1.0000]]
state 2 not converged yet.
maxgenerators: 9;
2: [r:[-1.0000, 0.0000, 0.0000][0.0000, -20.3200, 0.0000]r:[0.0000, -1.0000, 0.0000]r:[0.0000, 0.0000, -1.0000]]
maxgenerators: 10;
2: [r:[-1.0000, 0.0000, 0.0000][0.0000, -20.3600, 0.0000]r:[0.0000, -1.0000, 0.0000]r:[0.0000, 0.0000, -1.0000]]
C-ITER (23/1000)	with baseline accuracy = 100
maxgenerators: 12;
126: [r:[-1.0000, 0.0000, 0.0000][0.0000, -9.3600, 0.0000]r:[0.0000, -1.0000, 0.0000]r:[0.0000, 0.0000, -1.0000]]
state 1 not converged yet.
maxgenerators: 10;
1: [r:[-1.0000, 0.0000, 0.0000][0.0000, -24.6100, 0.0000]r:[0.0000, -1.0000, 0.0000]r:[0.0000, 0.0000, -1.0000]]
maxgenerators: 12;
1: [r:[-1.0000, 0.0000, 0.0000][0.0000, -24.6300, 0.0000]r:[0.0000, -1.0000, 0.0000]r:[0.0000, 0.0000, -1.0000]]
C-ITER (24/1000)	with baseline accuracy = 100
maxgenerators: 13;
126: [[-0.0200, -9.3600, 0.0000]r:[-1.0000, 0.0000, 0.0000][0.0000, -9.3733, 0.0000]r:[0.0000, -1.0000, 0.0000]r:[0.0000, 0.0000, -1.0000]]
state 2 not converged yet.
maxgenerators: 12;
2: [r:[-1.0000, 0.0000, 0.0000][0.0000, -20.3900, 0.0000]r:[0.0000, -1.0000, 0.0000]r:[0.0000, 0.0000, -1.0000]]
maxgenerators: 13;
2: [r:[-1.0000, 0.0000, 0.0000][0.0000, -20.4200, 0.0000]r:[0.0000, -1.0000, 0.0000]r:[0.0000, 0.0000, -1.0000]]
C-ITER (25/1000)	with baseline accuracy = 100
maxgenerators: 13;
126: [[-0.1900, -9.3600, 0.0000]r:[-1.0000, 0.0000, 0.0000][0.0000, -9.5500, 0.0000]r:[0.0000, -1.0000, 0.0000]r:[0.0000, 0.0000, -1.0000]]
state 0 not converged yet.
maxgenerators: 13;
0: [r:[-1.0000, 0.0000, 0.0000][0.0000, -9.3600, 0.0000]r:[0.0000, -1.0000, 0.0000]r:[0.0000, 0.0000, -1.0000]]
maxgenerators: 13;
0: [[-0.1400, -9.3600, 0.0000]r:[-1.0000, 0.0000, 0.0000][0.0000, -9.5000, 0.0000]r:[0.0000, -1.0000, 0.0000]r:[0.0000, 0.0000, -1.0000]]
C-ITER (26/1000)	with baseline accuracy = 100
maxgenerators: 13;
126: [[-0.2700, -9.3700, 0.0000]r:[-1.0000, 0.0000, 0.0000][0.0000, -9.6304, 0.0000]r:[0.0000, -1.0000, 0.0000]r:[0.0000, 0.0000, -1.0000]]
state 0 not converged yet.
maxgenerators: 13;
0: [[-0.1400, -9.3600, 0.0000]r:[-1.0000, 0.0000, 0.0000][0.0000, -9.5000, 0.0000]r:[0.0000, -1.0000, 0.0000]r:[0.0000, 0.0000, -1.0000]]
maxgenerators: 13;
0: [[-0.2400, -9.3600, 0.0000]r:[-1.0000, 0.0000, 0.0000][0.0000, -9.6000, 0.0000]r:[0.0000, -1.0000, 0.0000]r:[0.0000, 0.0000, -1.0000]]
C-ITER (27/1000)	with baseline accuracy = 100
maxgenerators: 11;
126: [[-0.3300, -9.3700, 0.0000]r:[-1.0000, 0.0000, 0.0000][0.0000, -9.6903, 0.0000]r:[0.0000, -1.0000, 0.0000]r:[0.0000, 0.0000, -1.0000]]
state 0 not converged yet.
maxgenerators: 13;
0: [[-0.2400, -9.3600, 0.0000]r:[-1.0000, 0.0000, 0.0000][0.0000, -9.6000, 0.0000]r:[0.0000, -1.0000, 0.0000]r:[0.0000, 0.0000, -1.0000]]
maxgenerators: 11;
0: [[-0.3200, -9.3700, 0.0000]r:[-1.0000, 0.0000, 0.0000][0.0000, -9.6803, 0.0000]r:[0.0000, -1.0000, 0.0000]r:[0.0000, 0.0000, -1.0000]]
C-ITER (28/1000)	with baseline accuracy = 100
maxgenerators: 10;
126: [[-0.3400, -9.3700, 0.0000]r:[-1.0000, 0.0000, 0.0000][0.0000, -9.7003, 0.0000]r:[0.0000, -1.0000, 0.0000]r:[0.0000, 0.0000, -1.0000]]
state 0 not converged yet.
maxgenerators: 11;
0: [[-0.3200, -9.3700, 0.0000]r:[-1.0000, 0.0000, 0.0000][0.0000, -9.6803, 0.0000]r:[0.0000, -1.0000, 0.0000]r:[0.0000, 0.0000, -1.0000]]
maxgenerators: 10;
0: [[-0.3400, -9.3700, 0.0000]r:[-1.0000, 0.0000, 0.0000][0.0000, -9.7003, 0.0000]r:[0.0000, -1.0000, 0.0000]r:[0.0000, 0.0000, -1.0000]]
C-ITER (29/1000)	with baseline accuracy = 100
maxgenerators: 10;
126: [[-0.3600, -9.3700, 0.0000]r:[-1.0000, 0.0000, 0.0000][0.0000, -9.7203, 0.0000]r:[0.0000, -1.0000, 0.0000]r:[0.0000, 0.0000, -1.0000]]
state 6 not converged yet.
maxgenerators: 10;
6: [r:[-1.0000, 0.0000, 0.0000][0.0000, -16.6800, 0.0000]r:[0.0000, -1.0000, 0.0000]r:[0.0000, 0.0000, -1.0000]]
maxgenerators: 10;
6: [[-0.0300, -16.6800, 0.0000]r:[-1.0000, 0.0000, 0.0000][0.0000, -16.7100, 0.0000]r:[0.0000, -1.0000, 0.0000]r:[0.0000, 0.0000, -1.0000]]
C-ITER (30/1000)	with baseline accuracy = 100
maxgenerators: 10;
126: [[-0.4000, -9.3700, 0.0000]r:[-1.0000, 0.0000, 0.0000][0.0000, -9.7602, 0.0000]r:[0.0000, -1.0000, 0.0000]r:[0.0000, 0.0000, -1.0000]]
state 0 not converged yet.
maxgenerators: 10;
0: [[-0.3500, -9.3700, 0.0000]r:[-1.0000, 0.0000, 0.0000][0.0000, -9.7103, 0.0000]r:[0.0000, -1.0000, 0.0000]r:[0.0000, 0.0000, -1.0000]]
maxgenerators: 10;
0: [[-0.3900, -9.3700, 0.0000]r:[-1.0000, 0.0000, 0.0000][0.0000, -9.7503, 0.0000]r:[0.0000, -1.0000, 0.0000]r:[0.0000, 0.0000, -1.0000]]
C-ITER (31/1000)	with baseline accuracy = 100
maxgenerators: 10;
126: [[-0.4300, -9.3700, 0.0000][-0.4000, -9.3900, 0.0000]r:[-1.0000, 0.0000, 0.0000][0.0000, -9.7900, 0.0000]r:[0.0000, -1.0000, 0.0000]r:[0.0000, 0.0000, -1.0000]]
state 0 not converged yet.
maxgenerators: 10;
0: [[-0.3900, -9.3700, 0.0000]r:[-1.0000, 0.0000, 0.0000][0.0000, -9.7503, 0.0000]r:[0.0000, -1.0000, 0.0000]r:[0.0000, 0.0000, -1.0000]]
maxgenerators: 10;
0: [[-0.4200, -9.3700, 0.0000]r:[-1.0000, 0.0000, 0.0000][0.0000, -9.7802, 0.0000]r:[0.0000, -1.0000, 0.0000]r:[0.0000, 0.0000, -1.0000]]
C-ITER (32/1000)	with baseline accuracy = 100
maxgenerators: 11;
126: [[-0.4500, -9.3700, 0.0000]r:[-1.0000, 0.0000, 0.0000][0.0000, -9.8102, 0.0000]r:[0.0000, -1.0000, 0.0000]r:[0.0000, 0.0000, -1.0000]]
state 0 not converged yet.
maxgenerators: 10;
0: [[-0.4200, -9.3700, 0.0000]r:[-1.0000, 0.0000, 0.0000][0.0000, -9.7802, 0.0000]r:[0.0000, -1.0000, 0.0000]r:[0.0000, 0.0000, -1.0000]]
maxgenerators: 11;
0: [[-0.4500, -9.3700, 0.0000][-0.3800, -9.4300, 0.0000]r:[-1.0000, 0.0000, 0.0000][0.0000, -9.8003, 0.0000]r:[0.0000, -1.0000, 0.0000]r:[0.0000, 0.0000, -1.0000]]
C-ITER (33/1000)	with baseline accuracy = 100
maxgenerators: 12;
126: [[-0.4700, -9.3700, 0.0000]r:[-1.0000, 0.0000, 0.0000][0.0000, -9.8302, 0.0000]r:[0.0000, -1.0000, 0.0000]r:[0.0000, 0.0000, -1.0000]]
state 0 not converged yet.
maxgenerators: 11;
0: [[-0.4500, -9.3700, 0.0000][-0.3800, -9.4300, 0.0000]r:[-1.0000, 0.0000, 0.0000][0.0000, -9.8003, 0.0000]r:[0.0000, -1.0000, 0.0000]r:[0.0000, 0.0000, -1.0000]]
maxgenerators: 12;
0: [[-0.4600, -9.3700, 0.0000]r:[-1.0000, 0.0000, 0.0000][0.0000, -9.8300, 0.0000]r:[0.0000, -1.0000, 0.0000]r:[0.0000, 0.0000, -1.0000]]
C-ITER (34/1000)	with baseline accuracy = 100
maxgenerators: 12;
126: [[-0.4800, -9.3700, 0.0000]r:[-1.0000, 0.0000, 0.0000][0.0000, -9.8402, 0.0000]r:[0.0000, -1.0000, 0.0000]r:[0.0000, 0.0000, -1.0000]]
state 45 not converged yet.
maxgenerators: 12;
45: [[-2.3400, -6.6500, 0.0000][-1.6400, -7.3100, 0.0000]r:[-1.0000, 0.0000, 0.0000][0.0000, -8.9500, 0.0000]r:[0.0000, -1.0000, 0.0000]r:[0.0000, 0.0000, -1.0000]]
maxgenerators: 12;
45: [[-2.3700, -6.6500, 0.0000][-1.6700, -7.3100, 0.0000]r:[-1.0000, 0.0000, 0.0000][0.0000, -8.9800, 0.0000]r:[0.0000, -1.0000, 0.0000]r:[0.0000, 0.0000, -1.0000]]
C-ITER (35/1000)	with baseline accuracy = 100
maxgenerators: 10;
126: [[-0.4800, -9.3700, 0.0000]r:[-1.0000, 0.0000, 0.0000][0.0000, -9.8402, 0.0000]r:[0.0000, -1.0000, 0.0000]r:[0.0000, 0.0000, -1.0000]]
state 43 not converged yet.
maxgenerators: 12;
43: [[-1.2600, -8.5500, 0.0000]r:[-1.0000, 0.0000, 0.0000][0.0000, -9.8100, 0.0000]r:[0.0000, -1.0000, 0.0000]r:[0.0000, 0.0000, -1.0000]]
maxgenerators: 10;
43: [[-1.3200, -8.5500, 0.0000]r:[-1.0000, 0.0000, 0.0000][0.0000, -9.8700, 0.0000]r:[0.0000, -1.0000, 0.0000]r:[0.0000, 0.0000, -1.0000]]
C-ITER (36/1000)	with baseline accuracy = 100
maxgenerators: 11;
126: [[-0.4900, -9.3700, 0.0000]r:[-1.0000, 0.0000, 0.0000][0.0000, -9.8502, 0.0000]r:[0.0000, -1.0000, 0.0000]r:[0.0000, 0.0000, -1.0000]]
state 43 not converged yet.
maxgenerators: 10;
43: [[-1.3200, -8.5500, 0.0000]r:[-1.0000, 0.0000, 0.0000][0.0000, -9.8700, 0.0000]r:[0.0000, -1.0000, 0.0000]r:[0.0000, 0.0000, -1.0000]]
maxgenerators: 11;
43: [[-1.4400, -8.5500, 0.0000][-0.9300, -9.0500, 0.0000]r:[-1.0000, 0.0000, 0.0000][0.0000, -9.9800, 0.0000]r:[0.0000, -1.0000, 0.0000]r:[0.0000, 0.0000, -1.0000]]
C-ITER (37/1000)	with baseline accuracy = 100
maxgenerators: 11;
126: [[-0.5100, -9.3700, 0.0000]r:[-1.0000, 0.0000, 0.0000][0.0000, -9.8800, 0.0000]r:[0.0000, -1.0000, 0.0000]r:[0.0000, 0.0000, -1.0000]]
state 0 not converged yet.
maxgenerators: 11;
0: [[-0.4800, -9.3700, 0.0000]r:[-1.0000, 0.0000, 0.0000][0.0000, -9.8402, 0.0000]r:[0.0000, -1.0000, 0.0000]r:[0.0000, 0.0000, -1.0000]]
maxgenerators: 11;
0: [[-0.5100, -9.3700, 0.0000]r:[-1.0000, 0.0000, 0.0000][0.0000, -9.8800, 0.0000]r:[0.0000, -1.0000, 0.0000]r:[0.0000, 0.0000, -1.0000]]
C-ITER (38/1000)	with baseline accuracy = 100
maxgenerators: 11;
126: [[-0.5100, -9.3700, 0.0000]r:[-1.0000, 0.0000, 0.0000][0.0000, -9.8800, 0.0000]r:[0.0000, -1.0000, 0.0000]r:[0.0000, 0.0000, -1.0000]]
state 43 not converged yet.
maxgenerators: 11;
43: [[-1.5200, -8.5500, 0.0000][-1.4500, -8.6100, 0.0000]r:[-1.0000, 0.0000, 0.0000][0.0000, -10.0600, 0.0000]r:[0.0000, -1.0000, 0.0000]r:[0.0000, 0.0000, -1.0000]]
maxgenerators: 11;
43: [[-1.5600, -8.5500, 0.0000]r:[-1.0000, 0.0000, 0.0000][0.0000, -10.1100, 0.0000]r:[0.0000, -1.0000, 0.0000]r:[0.0000, 0.0000, -1.0000]]
C-ITER (39/1000)	with baseline accuracy = 100
maxgenerators: 11;
126: [[-0.5400, -9.3700, 0.0000]r:[-1.0000, 0.0000, 0.0000][0.0000, -9.9002, 0.0000]r:[0.0000, -1.0000, 0.0000]r:[0.0000, 0.0000, -1.0000]]
state 46 not converged yet.
maxgenerators: 11;
46: [[-0.5600, -6.6500, 0.0000]r:[-1.0000, 0.0000, 0.0000][0.0000, -7.2100, 0.0000]r:[0.0000, -1.0000, 0.0000]r:[0.0000, 0.0000, -1.0000]]
maxgenerators: 11;
46: [[-0.6000, -6.6500, 0.0000]r:[-1.0000, 0.0000, 0.0000][0.0000, -7.2500, 0.0000]r:[0.0000, -1.0000, 0.0000]r:[0.0000, 0.0000, -1.0000]]
C-ITER (40/1000)	with baseline accuracy = 100
maxgenerators: 11;
126: [[-0.6100, -9.3700, 0.0000]r:[-1.0000, 0.0000, 0.0000][0.0000, -9.9702, 0.0000]r:[0.0000, -1.0000, 0.0000]r:[0.0000, 0.0000, -1.0000]]
state 0 not converged yet.
maxgenerators: 11;
0: [[-0.5200, -9.3700, 0.0000]r:[-1.0000, 0.0000, 0.0000][0.0000, -9.8900, 0.0000]r:[0.0000, -1.0000, 0.0000]r:[0.0000, 0.0000, -1.0000]]
maxgenerators: 11;
0: [[-0.5700, -9.3700, 0.0000]r:[-1.0000, 0.0000, 0.0000][0.0000, -9.9302, 0.0000]r:[0.0000, -1.0000, 0.0000]r:[0.0000, 0.0000, -1.0000]]
C-ITER (41/1000)	with baseline accuracy = 100
maxgenerators: 10;
126: [[-0.7100, -9.3700, 0.0000]r:[-1.0000, 0.0000, 0.0000][0.0000, -10.0800, 0.0000]r:[0.0000, -1.0000, 0.0000]r:[0.0000, 0.0000, -1.0000]]
state 0 not converged yet.
maxgenerators: 11;
0: [[-0.5700, -9.3700, 0.0000]r:[-1.0000, 0.0000, 0.0000][0.0000, -9.9302, 0.0000]r:[0.0000, -1.0000, 0.0000]r:[0.0000, 0.0000, -1.0000]]
maxgenerators: 10;
0: [[-0.6900, -9.3700, 0.0000]r:[-1.0000, 0.0000, 0.0000][0.0000, -10.0600, 0.0000]r:[0.0000, -1.0000, 0.0000]r:[0.0000, 0.0000, -1.0000]]
C-ITER (42/1000)	with baseline accuracy = 100
maxgenerators: 10;
126: [[-0.7800, -9.3700, 0.0000]r:[-1.0000, 0.0000, 0.0000][0.0000, -10.1401, 0.0000]r:[0.0000, -1.0000, 0.0000]r:[0.0000, 0.0000, -1.0000]]
state 0 not converged yet.
maxgenerators: 10;
0: [[-0.6900, -9.3700, 0.0000]r:[-1.0000, 0.0000, 0.0000][0.0000, -10.0600, 0.0000]r:[0.0000, -1.0000, 0.0000]r:[0.0000, 0.0000, -1.0000]]
maxgenerators: 10;
0: [[-0.7600, -9.3700, 0.0000]r:[-1.0000, 0.0000, 0.0000][0.0000, -10.1201, 0.0000]r:[0.0000, -1.0000, 0.0000]r:[0.0000, 0.0000, -1.0000]]
C-ITER (43/1000)	with baseline accuracy = 100
maxgenerators: 10;
126: [[-0.8000, -9.3700, 0.0000]r:[-1.0000, 0.0000, 0.0000][0.0000, -10.1700, 0.0000]r:[0.0000, -1.0000, 0.0000]r:[0.0000, 0.0000, -1.0000]]
state 0 not converged yet.
maxgenerators: 10;
0: [[-0.7600, -9.3700, 0.0000]r:[-1.0000, 0.0000, 0.0000][0.0000, -10.1201, 0.0000]r:[0.0000, -1.0000, 0.0000]r:[0.0000, 0.0000, -1.0000]]
maxgenerators: 10;
0: [[-0.8000, -9.3700, 0.0000]r:[-1.0000, 0.0000, 0.0000][0.0000, -10.1700, 0.0000]r:[0.0000, -1.0000, 0.0000]r:[0.0000, 0.0000, -1.0000]]
C-ITER (44/1000)	with baseline accuracy = 100
maxgenerators: 11;
126: [[-0.8200, -9.3700, 0.0000]r:[-1.0000, 0.0000, 0.0000][0.0000, -10.1801, 0.0000]r:[0.0000, -1.0000, 0.0000]r:[0.0000, 0.0000, -1.0000]]
state 6 not converged yet.
maxgenerators: 10;
6: [[-0.1600, -16.6900, 0.0000]r:[-1.0000, 0.0000, 0.0000][0.0000, -16.8500, 0.0000]r:[0.0000, -1.0000, 0.0000]r:[0.0000, 0.0000, -1.0000]]
maxgenerators: 11;
6: [[-0.2100, -16.6900, 0.0000]r:[-1.0000, 0.0000, 0.0000][0.0000, -16.9000, 0.0000]r:[0.0000, -1.0000, 0.0000]r:[0.0000, 0.0000, -1.0000]]
C-ITER (45/1000)	with baseline accuracy = 100
maxgenerators: 11;
126: [[-0.8500, -9.3700, 0.0000]r:[-1.0000, 0.0000, 0.0000][0.0000, -10.2101, 0.0000]r:[0.0000, -1.0000, 0.0000]r:[0.0000, 0.0000, -1.0000]]
state 0 not converged yet.
maxgenerators: 11;
0: [[-0.8100, -9.3700, 0.0000]r:[-1.0000, 0.0000, 0.0000][0.0000, -10.1800, 0.0000]r:[0.0000, -1.0000, 0.0000]r:[0.0000, 0.0000, -1.0000]]
maxgenerators: 11;
0: [[-0.8400, -9.3700, 0.0000]r:[-1.0000, 0.0000, 0.0000][0.0000, -10.2001, 0.0000]r:[0.0000, -1.0000, 0.0000]r:[0.0000, 0.0000, -1.0000]]
C-ITER (46/1000)	with baseline accuracy = 100
maxgenerators: 11;
126: [[-0.8700, -9.3700, 0.0000]r:[-1.0000, 0.0000, 0.0000][0.0000, -10.2400, 0.0000]r:[0.0000, -1.0000, 0.0000]r:[0.0000, 0.0000, -1.0000]]
state 0 not converged yet.
maxgenerators: 11;
0: [[-0.8400, -9.3700, 0.0000]r:[-1.0000, 0.0000, 0.0000][0.0000, -10.2001, 0.0000]r:[0.0000, -1.0000, 0.0000]r:[0.0000, 0.0000, -1.0000]]
maxgenerators: 11;
0: [[-0.8600, -9.3700, 0.0000]r:[-1.0000, 0.0000, 0.0000][0.0000, -10.2300, 0.0000]r:[0.0000, -1.0000, 0.0000]r:[0.0000, 0.0000, -1.0000]]
C-ITER (47/1000)	with baseline accuracy = 100
maxgenerators: 11;
126: [[-0.8900, -9.3700, 0.0000]r:[-1.0000, 0.0000, 0.0000][0.0000, -10.2600, 0.0000]r:[0.0000, -1.0000, 0.0000]r:[0.0000, 0.0000, -1.0000]]
state 0 not converged yet.
maxgenerators: 11;
0: [[-0.8600, -9.3700, 0.0000]r:[-1.0000, 0.0000, 0.0000][0.0000, -10.2300, 0.0000]r:[0.0000, -1.0000, 0.0000]r:[0.0000, 0.0000, -1.0000]]
maxgenerators: 11;
0: [[-0.8900, -9.3700, 0.0000]r:[-1.0000, 0.0000, 0.0000][0.0000, -10.2501, 0.0000]r:[0.0000, -1.0000, 0.0000]r:[0.0000, 0.0000, -1.0000]]
C-ITER (48/1000)	with baseline accuracy = 100
maxgenerators: 10;
126: [[-0.9100, -9.3700, 0.0000]r:[-1.0000, 0.0000, 0.0000][0.0000, -10.2800, 0.0000]r:[0.0000, -1.0000, 0.0000]r:[0.0000, 0.0000, -1.0000]]
state 0 not converged yet.
maxgenerators: 11;
0: [[-0.8900, -9.3700, 0.0000]r:[-1.0000, 0.0000, 0.0000][0.0000, -10.2501, 0.0000]r:[0.0000, -1.0000, 0.0000]r:[0.0000, 0.0000, -1.0000]]
maxgenerators: 10;
0: [[-0.9100, -9.3700, 0.0000]r:[-1.0000, 0.0000, 0.0000][0.0000, -10.2701, 0.0000]r:[0.0000, -1.0000, 0.0000]r:[0.0000, 0.0000, -1.0000]]
C-ITER (49/1000)	with baseline accuracy = 100
maxgenerators: 10;
126: [[-0.9300, -9.3700, 0.0000]r:[-1.0000, 0.0000, 0.0000][0.0000, -10.2901, 0.0000]r:[0.0000, -1.0000, 0.0000]r:[0.0000, 0.0000, -1.0000]]
state 0 not converged yet.
maxgenerators: 10;
0: [[-0.9100, -9.3700, 0.0000]r:[-1.0000, 0.0000, 0.0000][0.0000, -10.2701, 0.0000]r:[0.0000, -1.0000, 0.0000]r:[0.0000, 0.0000, -1.0000]]
maxgenerators: 10;
0: [[-0.9300, -9.3700, 0.0000]r:[-1.0000, 0.0000, 0.0000][0.0000, -10.2901, 0.0000]r:[0.0000, -1.0000, 0.0000]r:[0.0000, 0.0000, -1.0000]]
C-ITER (50/1000)	with baseline accuracy = 100
maxgenerators: 11;
126: [[-0.9300, -9.3700, 0.0000]r:[-1.0000, 0.0000, 0.0000][0.0000, -10.2901, 0.0000]r:[0.0000, -1.0000, 0.0000]r:[0.0000, 0.0000, -1.0000]]
state 3 not converged yet.
maxgenerators: 10;
3: [[-0.2700, -18.5900, 0.0000]r:[-1.0000, 0.0000, 0.0000][0.0000, -18.8600, 0.0000]r:[0.0000, -1.0000, 0.0000]r:[0.0000, 0.0000, -1.0000]]
maxgenerators: 11;
3: [[-0.3000, -18.5900, 0.0000]r:[-1.0000, 0.0000, 0.0000][0.0000, -18.8900, 0.0000]r:[0.0000, -1.0000, 0.0000]r:[0.0000, 0.0000, -1.0000]]
C-ITER (51/1000)	with baseline accuracy = 100
maxgenerators: 11;
126: [[-0.9300, -9.3700, 0.0000]r:[-1.0000, 0.0000, 0.0000][0.0000, -10.3000, 0.0000]r:[0.0000, -1.0000, 0.0000]r:[0.0000, 0.0000, -1.0000]]
state 2 not converged yet.
maxgenerators: 11;
2: [[-0.2500, -20.4900, 0.0000]r:[-1.0000, 0.0000, 0.0000][0.0000, -20.7400, 0.0000]r:[0.0000, -1.0000, 0.0000]r:[0.0000, 0.0000, -1.0000]]
maxgenerators: 11;
2: [[-0.2800, -20.4900, 0.0000]r:[-1.0000, 0.0000, 0.0000][0.0000, -20.7700, 0.0000]r:[0.0000, -1.0000, 0.0000]r:[0.0000, 0.0000, -1.0000]]
C-ITER (52/1000)	with baseline accuracy = 100
maxgenerators: 11;
126: [[-0.9500, -9.3700, 0.0000]r:[-1.0000, 0.0000, 0.0000][0.0000, -10.3101, 0.0000]r:[0.0000, -1.0000, 0.0000]r:[0.0000, 0.0000, -1.0000]]
state 1 not converged yet.
maxgenerators: 11;
1: [[-0.0100, -24.7300, 0.0000]r:[-1.0000, 0.0000, 0.0000][0.0000, -24.7400, 0.0000]r:[0.0000, -1.0000, 0.0000]r:[0.0000, 0.0000, -1.0000]]
maxgenerators: 11;
1: [[-0.0400, -24.7300, 0.0000]r:[-1.0000, 0.0000, 0.0000][0.0000, -24.7700, 0.0000]r:[0.0000, -1.0000, 0.0000]r:[0.0000, 0.0000, -1.0000]]
C-ITER (53/1000)	with baseline accuracy = 100
maxgenerators: 10;
126: [[-0.9600, -9.3700, 0.0000]r:[-1.0000, 0.0000, 0.0000][0.0000, -10.3300, 0.0000]r:[0.0000, -1.0000, 0.0000]r:[0.0000, 0.0000, -1.0000]]
state 11 not converged yet.
maxgenerators: 11;
11: [[-0.1500, -19.0300, 0.0000]r:[-1.0000, 0.0000, 0.0000][0.0000, -19.1800, 0.0000]r:[0.0000, -1.0000, 0.0000]r:[0.0000, 0.0000, -1.0000]]
maxgenerators: 10;
11: [[-0.1800, -19.0300, 0.0000]r:[-1.0000, 0.0000, 0.0000][0.0000, -19.2100, 0.0000]r:[0.0000, -1.0000, 0.0000]r:[0.0000, 0.0000, -1.0000]]
C-ITER (54/1000)	with baseline accuracy = 100
maxgenerators: 10;
126: [[-0.9900, -9.3700, 0.0000]r:[-1.0000, 0.0000, 0.0000][0.0000, -10.3600, 0.0000]r:[0.0000, -1.0000, 0.0000]r:[0.0000, 0.0000, -1.0000]]
state 0 not converged yet.
maxgenerators: 10;
0: [[-0.9600, -9.3700, 0.0000]r:[-1.0000, 0.0000, 0.0000][0.0000, -10.3201, 0.0000]r:[0.0000, -1.0000, 0.0000]r:[0.0000, 0.0000, -1.0000]]
maxgenerators: 10;
0: [[-0.9800, -9.3700, 0.0000]r:[-1.0000, 0.0000, 0.0000][0.0000, -10.3500, 0.0000]r:[0.0000, -1.0000, 0.0000]r:[0.0000, 0.0000, -1.0000]]
C-ITER (55/1000)	with baseline accuracy = 100
maxgenerators: 10;
126: [[-1.0300, -9.3700, 0.0000]r:[-1.0000, 0.0000, 0.0000][0.0000, -10.3901, 0.0000]r:[0.0000, -1.0000, 0.0000]r:[0.0000, 0.0000, -1.0000]]
state 0 not converged yet.
maxgenerators: 10;
0: [[-0.9800, -9.3700, 0.0000]r:[-1.0000, 0.0000, 0.0000][0.0000, -10.3500, 0.0000]r:[0.0000, -1.0000, 0.0000]r:[0.0000, 0.0000, -1.0000]]
maxgenerators: 10;
0: [[-1.0100, -9.3700, 0.0000]r:[-1.0000, 0.0000, 0.0000][0.0000, -10.3800, 0.0000]r:[0.0000, -1.0000, 0.0000]r:[0.0000, 0.0000, -1.0000]]
C-ITER (56/1000)	with baseline accuracy = 100
maxgenerators: 10;
126: [[-1.1000, -9.3700, 0.0000]r:[-1.0000, 0.0000, 0.0000][0.0000, -10.4601, 0.0000]r:[0.0000, -1.0000, 0.0000]r:[0.0000, 0.0000, -1.0000]]
state 0 not converged yet.
maxgenerators: 10;
0: [[-1.0100, -9.3700, 0.0000]r:[-1.0000, 0.0000, 0.0000][0.0000, -10.3800, 0.0000]r:[0.0000, -1.0000, 0.0000]r:[0.0000, 0.0000, -1.0000]]
maxgenerators: 10;
0: [[-1.0700, -9.3700, 0.0000]r:[-1.0000, 0.0000, 0.0000][0.0000, -10.4301, 0.0000]r:[0.0000, -1.0000, 0.0000]r:[0.0000, 0.0000, -1.0000]]
C-ITER (57/1000)	with baseline accuracy = 100
maxgenerators: 10;
126: [[-1.1700, -9.3700, 0.0000]r:[-1.0000, 0.0000, 0.0000][0.0000, -10.5301, 0.0000]r:[0.0000, -1.0000, 0.0000]r:[0.0000, 0.0000, -1.0000]]
state 0 not converged yet.
maxgenerators: 10;
0: [[-1.0700, -9.3700, 0.0000]r:[-1.0000, 0.0000, 0.0000][0.0000, -10.4301, 0.0000]r:[0.0000, -1.0000, 0.0000]r:[0.0000, 0.0000, -1.0000]]
maxgenerators: 10;
0: [[-1.1500, -9.3700, 0.0000]r:[-1.0000, 0.0000, 0.0000][0.0000, -10.5200, 0.0000]r:[0.0000, -1.0000, 0.0000]r:[0.0000, 0.0000, -1.0000]]
C-ITER (58/1000)	with baseline accuracy = 100
maxgenerators: 10;
126: [[-1.2100, -9.3700, 0.0000]r:[-1.0000, 0.0000, 0.0000][0.0000, -10.5701, 0.0000]r:[0.0000, -1.0000, 0.0000]r:[0.0000, 0.0000, -1.0000]]
state 0 not converged yet.
maxgenerators: 10;
0: [[-1.1500, -9.3700, 0.0000]r:[-1.0000, 0.0000, 0.0000][0.0000, -10.5200, 0.0000]r:[0.0000, -1.0000, 0.0000]r:[0.0000, 0.0000, -1.0000]]
maxgenerators: 10;
0: [[-1.2000, -9.3700, 0.0000]r:[-1.0000, 0.0000, 0.0000][0.0000, -10.5700, 0.0000]r:[0.0000, -1.0000, 0.0000]r:[0.0000, 0.0000, -1.0000]]
C-ITER (59/1000)	with baseline accuracy = 100
maxgenerators: 10;
126: [[-1.2300, -9.3700, 0.0000]r:[-1.0000, 0.0000, 0.0000][0.0000, -10.5901, 0.0000]r:[0.0000, -1.0000, 0.0000]r:[0.0000, 0.0000, -1.0000]]
state 3 not converged yet.
maxgenerators: 10;
3: [[-0.3900, -18.5900, 0.0000]r:[-1.0000, 0.0000, 0.0000][0.0000, -18.9800, 0.0000]r:[0.0000, -1.0000, 0.0000]r:[0.0000, 0.0000, -1.0000]]
maxgenerators: 10;
3: [[-0.4200, -18.5900, 0.0000]r:[-1.0000, 0.0000, 0.0000][0.0000, -19.0100, 0.0000]r:[0.0000, -1.0000, 0.0000]r:[0.0000, 0.0000, -1.0000]]
C-ITER (60/1000)	with baseline accuracy = 100
maxgenerators: 9;
126: [[-1.2600, -9.3700, 0.0000]r:[-1.0000, 0.0000, 0.0000][0.0000, -10.6201, 0.0000]r:[0.0000, -1.0000, 0.0000]r:[0.0000, 0.0000, -1.0000]]
state 0 not converged yet.
maxgenerators: 10;
0: [[-1.2200, -9.3700, 0.0000]r:[-1.0000, 0.0000, 0.0000][0.0000, -10.5900, 0.0000]r:[0.0000, -1.0000, 0.0000]r:[0.0000, 0.0000, -1.0000]]
maxgenerators: 9;
0: [[-1.2500, -9.3700, 0.0000]r:[-1.0000, 0.0000, 0.0000][0.0000, -10.6101, 0.0000]r:[0.0000, -1.0000, 0.0000]r:[0.0000, 0.0000, -1.0000]]
C-ITER (61/1000)	with baseline accuracy = 100
maxgenerators: 9;
126: [[-1.2800, -9.3700, 0.0000]r:[-1.0000, 0.0000, 0.0000][0.0000, -10.6401, 0.0000]r:[0.0000, -1.0000, 0.0000]r:[0.0000, 0.0000, -1.0000]]
state 0 not converged yet.
maxgenerators: 9;
0: [[-1.2500, -9.3700, 0.0000]r:[-1.0000, 0.0000, 0.0000][0.0000, -10.6101, 0.0000]r:[0.0000, -1.0000, 0.0000]r:[0.0000, 0.0000, -1.0000]]
maxgenerators: 9;
0: [[-1.2700, -9.3700, 0.0000]r:[-1.0000, 0.0000, 0.0000][0.0000, -10.6400, 0.0000]r:[0.0000, -1.0000, 0.0000]r:[0.0000, 0.0000, -1.0000]]
C-ITER (62/1000)	with baseline accuracy = 100
maxgenerators: 10;
126: [[-1.3000, -9.3700, 0.0000]r:[-1.0000, 0.0000, 0.0000][0.0000, -10.6601, 0.0000]r:[0.0000, -1.0000, 0.0000]r:[0.0000, 0.0000, -1.0000]]
state 2 not converged yet.
maxgenerators: 9;
2: [[-0.4600, -20.4900, 0.0000]r:[-1.0000, 0.0000, 0.0000][0.0000, -20.9500, 0.0000]r:[0.0000, -1.0000, 0.0000]r:[0.0000, 0.0000, -1.0000]]
maxgenerators: 10;
2: [[-0.5200, -20.4900, 0.0000]r:[-1.0000, 0.0000, 0.0000][0.0000, -21.0100, 0.0000]r:[0.0000, -1.0000, 0.0000]r:[0.0000, 0.0000, -1.0000]]
C-ITER (63/1000)	with baseline accuracy = 100
maxgenerators: 10;
126: [[-1.3100, -9.3700, 0.0000]r:[-1.0000, 0.0000, 0.0000][0.0000, -10.6800, 0.0000]r:[0.0000, -1.0000, 0.0000]r:[0.0000, 0.0000, -1.0000]]
state 2 not converged yet.
maxgenerators: 10;
2: [[-0.5200, -20.4900, 0.0000]r:[-1.0000, 0.0000, 0.0000][0.0000, -21.0100, 0.0000]r:[0.0000, -1.0000, 0.0000]r:[0.0000, 0.0000, -1.0000]]
maxgenerators: 10;
2: [[-0.5700, -20.4900, 0.0000]r:[-1.0000, 0.0000, 0.0000][0.0000, -21.0600, 0.0000]r:[0.0000, -1.0000, 0.0000]r:[0.0000, 0.0000, -1.0000]]
C-ITER (64/1000)	with baseline accuracy = 100
maxgenerators: 10;
126: [[-1.3200, -9.3700, 0.0000]r:[-1.0000, 0.0000, 0.0000][0.0000, -10.6900, 0.0000]r:[0.0000, -1.0000, 0.0000]r:[0.0000, 0.0000, -1.0000]]
state 3 not converged yet.
maxgenerators: 10;
3: [[-0.6000, -18.5900, 0.0000]r:[-1.0000, 0.0000, 0.0000][0.0000, -19.1900, 0.0000]r:[0.0000, -1.0000, 0.0000]r:[0.0000, 0.0000, -1.0000]]
maxgenerators: 10;
3: [[-0.6300, -18.5900, 0.0000]r:[-1.0000, 0.0000, 0.0000][0.0000, -19.2200, 0.0000]r:[0.0000, -1.0000, 0.0000]r:[0.0000, 0.0000, -1.0000]]
C-ITER (65/1000)	with baseline accuracy = 100
maxgenerators: 10;
126: [[-1.3200, -9.3700, 0.0000]r:[-1.0000, 0.0000, 0.0000][0.0000, -10.6900, 0.0000]r:[0.0000, -1.0000, 0.0000]r:[0.0000, 0.0000, -1.0000]]
state 1 not converged yet.
maxgenerators: 10;
1: [[-0.2100, -24.7300, 0.0000]r:[-1.0000, 0.0000, 0.0000][0.0000, -24.9400, 0.0000]r:[0.0000, -1.0000, 0.0000]r:[0.0000, 0.0000, -1.0000]]
maxgenerators: 10;
1: [[-0.2400, -24.7300, 0.0000]r:[-1.0000, 0.0000, 0.0000][0.0000, -24.9700, 0.0000]r:[0.0000, -1.0000, 0.0000]r:[0.0000, 0.0000, -1.0000]]
C-ITER (66/1000)	with baseline accuracy = 100
maxgenerators: 10;
126: [[-1.3300, -9.3700, 0.0000]r:[-1.0000, 0.0000, 0.0000][0.0000, -10.7000, 0.0000]r:[0.0000, -1.0000, 0.0000]r:[0.0000, 0.0000, -1.0000]]
state 1 not converged yet.
maxgenerators: 10;
1: [[-0.2400, -24.7300, 0.0000]r:[-1.0000, 0.0000, 0.0000][0.0000, -24.9700, 0.0000]r:[0.0000, -1.0000, 0.0000]r:[0.0000, 0.0000, -1.0000]]
maxgenerators: 10;
1: [[-0.3000, -24.7300, 0.0000]r:[-1.0000, 0.0000, 0.0000][0.0000, -25.0300, 0.0000]r:[0.0000, -1.0000, 0.0000]r:[0.0000, 0.0000, -1.0000]]
C-ITER (67/1000)	with baseline accuracy = 100
maxgenerators: 10;
126: [[-1.3500, -9.3700, 0.0000]r:[-1.0000, 0.0000, 0.0000][0.0000, -10.7200, 0.0000]r:[0.0000, -1.0000, 0.0000]r:[0.0000, 0.0000, -1.0000]]
state 1 not converged yet.
maxgenerators: 10;
1: [[-0.3000, -24.7300, 0.0000]r:[-1.0000, 0.0000, 0.0000][0.0000, -25.0300, 0.0000]r:[0.0000, -1.0000, 0.0000]r:[0.0000, 0.0000, -1.0000]]
maxgenerators: 10;
1: [[-0.3700, -24.7300, 0.0000]r:[-1.0000, 0.0000, 0.0000][0.0000, -25.1000, 0.0000]r:[0.0000, -1.0000, 0.0000]r:[0.0000, 0.0000, -1.0000]]
C-ITER (68/1000)	with baseline accuracy = 100
maxgenerators: 10;
126: [[-1.3800, -9.3700, 0.0000]r:[-1.0000, 0.0000, 0.0000][0.0000, -10.7401, 0.0000]r:[0.0000, -1.0000, 0.0000]r:[0.0000, 0.0000, -1.0000]]
state 0 not converged yet.
maxgenerators: 10;
0: [[-1.3400, -9.3700, 0.0000]r:[-1.0000, 0.0000, 0.0000][0.0000, -10.7100, 0.0000]r:[0.0000, -1.0000, 0.0000]r:[0.0000, 0.0000, -1.0000]]
maxgenerators: 10;
0: [[-1.3700, -9.3700, 0.0000]r:[-1.0000, 0.0000, 0.0000][0.0000, -10.7301, 0.0000]r:[0.0000, -1.0000, 0.0000]r:[0.0000, 0.0000, -1.0000]]
C-ITER (69/1000)	with baseline accuracy = 100
maxgenerators: 10;
126: [[-1.4100, -9.3700, 0.0000]r:[-1.0000, 0.0000, 0.0000][0.0000, -10.7701, 0.0000]r:[0.0000, -1.0000, 0.0000]r:[0.0000, 0.0000, -1.0000]]
state 0 not converged yet.
maxgenerators: 10;
0: [[-1.3700, -9.3700, 0.0000]r:[-1.0000, 0.0000, 0.0000][0.0000, -10.7301, 0.0000]r:[0.0000, -1.0000, 0.0000]r:[0.0000, 0.0000, -1.0000]]
maxgenerators: 10;
0: [[-1.4000, -9.3700, 0.0000]r:[-1.0000, 0.0000, 0.0000][0.0000, -10.7601, 0.0000]r:[0.0000, -1.0000, 0.0000]r:[0.0000, 0.0000, -1.0000]]
C-ITER (70/1000)	with baseline accuracy = 100
maxgenerators: 10;
126: [[-1.4400, -9.3700, 0.0000]r:[-1.0000, 0.0000, 0.0000][0.0000, -10.8100, 0.0000]r:[0.0000, -1.0000, 0.0000]r:[0.0000, 0.0000, -1.0000]]
state 0 not converged yet.
maxgenerators: 10;
0: [[-1.4000, -9.3700, 0.0000]r:[-1.0000, 0.0000, 0.0000][0.0000, -10.7601, 0.0000]r:[0.0000, -1.0000, 0.0000]r:[0.0000, 0.0000, -1.0000]]
maxgenerators: 10;
0: [[-1.4300, -9.3700, 0.0000]r:[-1.0000, 0.0000, 0.0000][0.0000, -10.7901, 0.0000]r:[0.0000, -1.0000, 0.0000]r:[0.0000, 0.0000, -1.0000]]
C-ITER (71/1000)	with baseline accuracy = 100
maxgenerators: 10;
126: [[-1.4800, -9.3700, 0.0000]r:[-1.0000, 0.0000, 0.0000][0.0000, -10.8500, 0.0000]r:[0.0000, -1.0000, 0.0000]r:[0.0000, 0.0000, -1.0000]]
state 0 not converged yet.
maxgenerators: 10;
0: [[-1.4300, -9.3700, 0.0000]r:[-1.0000, 0.0000, 0.0000][0.0000, -10.7901, 0.0000]r:[0.0000, -1.0000, 0.0000]r:[0.0000, 0.0000, -1.0000]]
maxgenerators: 10;
0: [[-1.4600, -9.3700, 0.0000]r:[-1.0000, 0.0000, 0.0000][0.0000, -10.8300, 0.0000]r:[0.0000, -1.0000, 0.0000]r:[0.0000, 0.0000, -1.0000]]
C-ITER (72/1000)	with baseline accuracy = 100
maxgenerators: 10;
126: [[-1.5500, -9.3700, 0.0000]r:[-1.0000, 0.0000, 0.0000][0.0000, -10.9101, 0.0000]r:[0.0000, -1.0000, 0.0000]r:[0.0000, 0.0000, -1.0000]]
state 0 not converged yet.
maxgenerators: 10;
0: [[-1.4600, -9.3700, 0.0000]r:[-1.0000, 0.0000, 0.0000][0.0000, -10.8300, 0.0000]r:[0.0000, -1.0000, 0.0000]r:[0.0000, 0.0000, -1.0000]]
maxgenerators: 10;
0: [[-1.5300, -9.3700, 0.0000]r:[-1.0000, 0.0000, 0.0000][0.0000, -10.8901, 0.0000]r:[0.0000, -1.0000, 0.0000]r:[0.0000, 0.0000, -1.0000]]
C-ITER (73/1000)	with baseline accuracy = 100
maxgenerators: 10;
126: [[-1.5900, -9.3700, 0.0000]r:[-1.0000, 0.0000, 0.0000][0.0000, -10.9600, 0.0000]r:[0.0000, -1.0000, 0.0000]r:[0.0000, 0.0000, -1.0000]]
state 0 not converged yet.
maxgenerators: 10;
0: [[-1.5300, -9.3700, 0.0000]r:[-1.0000, 0.0000, 0.0000][0.0000, -10.8901, 0.0000]r:[0.0000, -1.0000, 0.0000]r:[0.0000, 0.0000, -1.0000]]
maxgenerators: 10;
0: [[-1.5800, -9.3700, 0.0000]r:[-1.0000, 0.0000, 0.0000][0.0000, -10.9401, 0.0000]r:[0.0000, -1.0000, 0.0000]r:[0.0000, 0.0000, -1.0000]]
C-ITER (74/1000)	with baseline accuracy = 100
maxgenerators: 9;
126: [[-1.6300, -9.3700, 0.0000]r:[-1.0000, 0.0000, 0.0000][0.0000, -10.9901, 0.0000]r:[0.0000, -1.0000, 0.0000]r:[0.0000, 0.0000, -1.0000]]
state 0 not converged yet.
maxgenerators: 10;
0: [[-1.5800, -9.3700, 0.0000]r:[-1.0000, 0.0000, 0.0000][0.0000, -10.9401, 0.0000]r:[0.0000, -1.0000, 0.0000]r:[0.0000, 0.0000, -1.0000]]
maxgenerators: 9;
0: [[-1.6200, -9.3700, 0.0000]r:[-1.0000, 0.0000, 0.0000][0.0000, -10.9801, 0.0000]r:[0.0000, -1.0000, 0.0000]r:[0.0000, 0.0000, -1.0000]]
C-ITER (75/1000)	with baseline accuracy = 100
maxgenerators: 9;
126: [[-1.6500, -9.3700, 0.0000]r:[-1.0000, 0.0000, 0.0000][0.0000, -11.0101, 0.0000]r:[0.0000, -1.0000, 0.0000]r:[0.0000, 0.0000, -1.0000]]
state 0 not converged yet.
maxgenerators: 9;
0: [[-1.6200, -9.3700, 0.0000]r:[-1.0000, 0.0000, 0.0000][0.0000, -10.9801, 0.0000]r:[0.0000, -1.0000, 0.0000]r:[0.0000, 0.0000, -1.0000]]
maxgenerators: 9;
0: [[-1.6400, -9.3700, 0.0000]r:[-1.0000, 0.0000, 0.0000][0.0000, -11.0100, 0.0000]r:[0.0000, -1.0000, 0.0000]r:[0.0000, 0.0000, -1.0000]]
C-ITER (76/1000)	with baseline accuracy = 100
maxgenerators: 9;
126: [[-1.6700, -9.3700, 0.0000]r:[-1.0000, 0.0000, 0.0000][0.0000, -11.0301, 0.0000]r:[0.0000, -1.0000, 0.0000]r:[0.0000, 0.0000, -1.0000]]
state 2 not converged yet.
maxgenerators: 9;
2: [[-0.7800, -20.4900, 0.0000]r:[-1.0000, 0.0000, 0.0000][0.0000, -21.2700, 0.0000]r:[0.0000, -1.0000, 0.0000]r:[0.0000, 0.0000, -1.0000]]
maxgenerators: 9;
2: [[-0.8200, -20.4900, 0.0000]r:[-1.0000, 0.0000, 0.0000][0.0000, -21.3100, 0.0000]r:[0.0000, -1.0000, 0.0000]r:[0.0000, 0.0000, -1.0000]]
C-ITER (77/1000)	with baseline accuracy = 100
maxgenerators: 9;
126: [[-1.6800, -9.3700, 0.0000]r:[-1.0000, 0.0000, 0.0000][0.0000, -11.0500, 0.0000]r:[0.0000, -1.0000, 0.0000]r:[0.0000, 0.0000, -1.0000]]
state 2 not converged yet.
maxgenerators: 9;
2: [[-0.8200, -20.4900, 0.0000]r:[-1.0000, 0.0000, 0.0000][0.0000, -21.3100, 0.0000]r:[0.0000, -1.0000, 0.0000]r:[0.0000, 0.0000, -1.0000]]
maxgenerators: 9;
2: [[-0.8900, -20.4900, 0.0000]r:[-1.0000, 0.0000, 0.0000][0.0000, -21.3800, 0.0000]r:[0.0000, -1.0000, 0.0000]r:[0.0000, 0.0000, -1.0000]]
C-ITER (78/1000)	with baseline accuracy = 100
maxgenerators: 9;
126: [[-1.7000, -9.3700, 0.0000]r:[-1.0000, 0.0000, 0.0000][0.0000, -11.0601, 0.0000]r:[0.0000, -1.0000, 0.0000]r:[0.0000, 0.0000, -1.0000]]
state 2 not converged yet.
maxgenerators: 9;
2: [[-0.8900, -20.4900, 0.0000]r:[-1.0000, 0.0000, 0.0000][0.0000, -21.3800, 0.0000]r:[0.0000, -1.0000, 0.0000]r:[0.0000, 0.0000, -1.0000]]
maxgenerators: 9;
2: [[-0.9400, -20.4900, 0.0000]r:[-1.0000, 0.0000, 0.0000][0.0000, -21.4300, 0.0000]r:[0.0000, -1.0000, 0.0000]r:[0.0000, 0.0000, -1.0000]]
C-ITER (79/1000)	with baseline accuracy = 100
maxgenerators: 9;
126: [[-1.7100, -9.3700, 0.0000]r:[-1.0000, 0.0000, 0.0000][0.0000, -11.0800, 0.0000]r:[0.0000, -1.0000, 0.0000]r:[0.0000, 0.0000, -1.0000]]
state 1 not converged yet.
maxgenerators: 9;
1: [[-0.5600, -24.7300, 0.0000]r:[-1.0000, 0.0000, 0.0000][0.0000, -25.2900, 0.0000]r:[0.0000, -1.0000, 0.0000]r:[0.0000, 0.0000, -1.0000]]
maxgenerators: 9;
1: [[-0.5900, -24.7300, 0.0000]r:[-1.0000, 0.0000, 0.0000][0.0000, -25.3200, 0.0000]r:[0.0000, -1.0000, 0.0000]r:[0.0000, 0.0000, -1.0000]]
C-ITER (80/1000)	with baseline accuracy = 100
maxgenerators: 9;
126: [[-1.7100, -9.3700, 0.0000]r:[-1.0000, 0.0000, 0.0000][0.0000, -11.0800, 0.0000]r:[0.0000, -1.0000, 0.0000]r:[0.0000, 0.0000, -1.0000]]
state 1 not converged yet.
maxgenerators: 9;
1: [[-0.5900, -24.7300, 0.0000]r:[-1.0000, 0.0000, 0.0000][0.0000, -25.3200, 0.0000]r:[0.0000, -1.0000, 0.0000]r:[0.0000, 0.0000, -1.0000]]
maxgenerators: 9;
1: [[-0.6200, -24.7300, 0.0000]r:[-1.0000, 0.0000, 0.0000][0.0000, -25.3500, 0.0000]r:[0.0000, -1.0000, 0.0000]r:[0.0000, 0.0000, -1.0000]]
C-ITER (81/1000)	with baseline accuracy = 100
maxgenerators: 9;
126: [[-1.7300, -9.3700, 0.0000]r:[-1.0000, 0.0000, 0.0000][0.0000, -11.0901, 0.0000]r:[0.0000, -1.0000, 0.0000]r:[0.0000, 0.0000, -1.0000]]
state 1 not converged yet.
maxgenerators: 9;
1: [[-0.6200, -24.7300, 0.0000]r:[-1.0000, 0.0000, 0.0000][0.0000, -25.3500, 0.0000]r:[0.0000, -1.0000, 0.0000]r:[0.0000, 0.0000, -1.0000]]
maxgenerators: 9;
1: [[-0.6600, -24.7300, 0.0000]r:[-1.0000, 0.0000, 0.0000][0.0000, -25.3900, 0.0000]r:[0.0000, -1.0000, 0.0000]r:[0.0000, 0.0000, -1.0000]]
C-ITER (82/1000)	with baseline accuracy = 100
maxgenerators: 10;
126: [[-1.7500, -9.3700, 0.0000]r:[-1.0000, 0.0000, 0.0000][0.0000, -11.1101, 0.0000]r:[0.0000, -1.0000, 0.0000]r:[0.0000, 0.0000, -1.0000]]
state 1 not converged yet.
maxgenerators: 9;
1: [[-0.6600, -24.7300, 0.0000]r:[-1.0000, 0.0000, 0.0000][0.0000, -25.3900, 0.0000]r:[0.0000, -1.0000, 0.0000]r:[0.0000, 0.0000, -1.0000]]
maxgenerators: 10;
1: [[-0.7300, -24.7300, 0.0000]r:[-1.0000, 0.0000, 0.0000][0.0000, -25.4600, 0.0000]r:[0.0000, -1.0000, 0.0000]r:[0.0000, 0.0000, -1.0000]]
C-ITER (83/1000)	with baseline accuracy = 100
maxgenerators: 10;
126: [[-1.7800, -9.3700, 0.0000]r:[-1.0000, 0.0000, 0.0000][0.0000, -11.1500, 0.0000]r:[0.0000, -1.0000, 0.0000]r:[0.0000, 0.0000, -1.0000]]
state 0 not converged yet.
maxgenerators: 10;
0: [[-1.7400, -9.3700, 0.0000]r:[-1.0000, 0.0000, 0.0000][0.0000, -11.1100, 0.0000]r:[0.0000, -1.0000, 0.0000]r:[0.0000, 0.0000, -1.0000]]
maxgenerators: 10;
0: [[-1.7700, -9.3700, 0.0000]r:[-1.0000, 0.0000, 0.0000][0.0000, -11.1301, 0.0000]r:[0.0000, -1.0000, 0.0000]r:[0.0000, 0.0000, -1.0000]]
C-ITER (84/1000)	with baseline accuracy = 100
maxgenerators: 9;
126: [[-1.8100, -9.3700, 0.0000]r:[-1.0000, 0.0000, 0.0000][0.0000, -11.1800, 0.0000]r:[0.0000, -1.0000, 0.0000]r:[0.0000, 0.0000, -1.0000]]
state 0 not converged yet.
maxgenerators: 10;
0: [[-1.7700, -9.3700, 0.0000]r:[-1.0000, 0.0000, 0.0000][0.0000, -11.1301, 0.0000]r:[0.0000, -1.0000, 0.0000]r:[0.0000, 0.0000, -1.0000]]
maxgenerators: 9;
0: [[-1.8000, -9.3700, 0.0000]r:[-1.0000, 0.0000, 0.0000][0.0000, -11.1601, 0.0000]r:[0.0000, -1.0000, 0.0000]r:[0.0000, 0.0000, -1.0000]]
C-ITER (85/1000)	with baseline accuracy = 100
maxgenerators: 9;
126: [[-1.8500, -9.3700, 0.0000]r:[-1.0000, 0.0000, 0.0000][0.0000, -11.2101, 0.0000]r:[0.0000, -1.0000, 0.0000]r:[0.0000, 0.0000, -1.0000]]
state 0 not converged yet.
maxgenerators: 9;
0: [[-1.8000, -9.3700, 0.0000]r:[-1.0000, 0.0000, 0.0000][0.0000, -11.1601, 0.0000]r:[0.0000, -1.0000, 0.0000]r:[0.0000, 0.0000, -1.0000]]
maxgenerators: 9;
0: [[-1.8400, -9.3700, 0.0000]r:[-1.0000, 0.0000, 0.0000][0.0000, -11.2001, 0.0000]r:[0.0000, -1.0000, 0.0000]r:[0.0000, 0.0000, -1.0000]]
C-ITER (86/1000)	with baseline accuracy = 100
maxgenerators: 9;
126: [[-1.8800, -9.3700, 0.0000]r:[-1.0000, 0.0000, 0.0000][0.0000, -11.2500, 0.0000]r:[0.0000, -1.0000, 0.0000]r:[0.0000, 0.0000, -1.0000]]
state 0 not converged yet.
maxgenerators: 9;
0: [[-1.8400, -9.3700, 0.0000]r:[-1.0000, 0.0000, 0.0000][0.0000, -11.2001, 0.0000]r:[0.0000, -1.0000, 0.0000]r:[0.0000, 0.0000, -1.0000]]
maxgenerators: 9;
0: [[-1.8700, -9.3700, 0.0000]r:[-1.0000, 0.0000, 0.0000][0.0000, -11.2301, 0.0000]r:[0.0000, -1.0000, 0.0000]r:[0.0000, 0.0000, -1.0000]]
C-ITER (87/1000)	with baseline accuracy = 100
maxgenerators: 9;
126: [[-1.9300, -9.3700, 0.0000]r:[-1.0000, 0.0000, 0.0000][0.0000, -11.2901, 0.0000]r:[0.0000, -1.0000, 0.0000]r:[0.0000, 0.0000, -1.0000]]
state 0 not converged yet.
maxgenerators: 9;
0: [[-1.8700, -9.3700, 0.0000]r:[-1.0000, 0.0000, 0.0000][0.0000, -11.2301, 0.0000]r:[0.0000, -1.0000, 0.0000]r:[0.0000, 0.0000, -1.0000]]
maxgenerators: 9;
0: [[-1.9100, -9.3700, 0.0000]r:[-1.0000, 0.0000, 0.0000][0.0000, -11.2701, 0.0000]r:[0.0000, -1.0000, 0.0000]r:[0.0000, 0.0000, -1.0000]]
C-ITER (88/1000)	with baseline accuracy = 100
maxgenerators: 9;
126: [[-1.9700, -9.3700, 0.0000]r:[-1.0000, 0.0000, 0.0000][0.0000, -11.3400, 0.0000]r:[0.0000, -1.0000, 0.0000]r:[0.0000, 0.0000, -1.0000]]
state 0 not converged yet.
maxgenerators: 9;
0: [[-1.9100, -9.3700, 0.0000]r:[-1.0000, 0.0000, 0.0000][0.0000, -11.2701, 0.0000]r:[0.0000, -1.0000, 0.0000]r:[0.0000, 0.0000, -1.0000]]
maxgenerators: 9;
0: [[-1.9600, -9.3700, 0.0000]r:[-1.0000, 0.0000, 0.0000][0.0000, -11.3201, 0.0000]r:[0.0000, -1.0000, 0.0000]r:[0.0000, 0.0000, -1.0000]]
C-ITER (89/1000)	with baseline accuracy = 100
maxgenerators: 9;
126: [[-2.0200, -9.3700, 0.0000]r:[-1.0000, 0.0000, 0.0000][0.0000, -11.3800, 0.0000]r:[0.0000, -1.0000, 0.0000]r:[0.0000, 0.0000, -1.0000]]
state 0 not converged yet.
maxgenerators: 9;
0: [[-1.9600, -9.3700, 0.0000]r:[-1.0000, 0.0000, 0.0000][0.0000, -11.3201, 0.0000]r:[0.0000, -1.0000, 0.0000]r:[0.0000, 0.0000, -1.0000]]
maxgenerators: 9;
0: [[-2.0100, -9.3700, 0.0000]r:[-1.0000, 0.0000, 0.0000][0.0000, -11.3700, 0.0000]r:[0.0000, -1.0000, 0.0000]r:[0.0000, 0.0000, -1.0000]]
C-ITER (90/1000)	with baseline accuracy = 100
maxgenerators: 10;
126: [[-2.0400, -9.3700, 0.0000]r:[-1.0000, 0.0000, 0.0000][0.0000, -11.4000, 0.0000]r:[0.0000, -1.0000, 0.0000]r:[0.0000, 0.0000, -1.0000]]
state 0 not converged yet.
maxgenerators: 9;
0: [[-2.0100, -9.3700, 0.0000]r:[-1.0000, 0.0000, 0.0000][0.0000, -11.3700, 0.0000]r:[0.0000, -1.0000, 0.0000]r:[0.0000, 0.0000, -1.0000]]
maxgenerators: 10;
0: [[-2.0300, -9.3700, 0.0000]r:[-1.0000, 0.0000, 0.0000][0.0000, -11.4000, 0.0000]r:[0.0000, -1.0000, 0.0000]r:[0.0000, 0.0000, -1.0000]]
C-ITER (91/1000)	with baseline accuracy = 100
maxgenerators: 10;
126: [[-2.0600, -9.3700, 0.0000]r:[-1.0000, 0.0000, 0.0000][0.0000, -11.4200, 0.0000]r:[0.0000, -1.0000, 0.0000]r:[0.0000, 0.0000, -1.0000]]
state 2 not converged yet.
maxgenerators: 10;
2: [[-1.1800, -20.4900, 0.0000]r:[-1.0000, 0.0000, 0.0000][0.0000, -21.6700, 0.0000]r:[0.0000, -1.0000, 0.0000]r:[0.0000, 0.0000, -1.0000]]
maxgenerators: 10;
2: [[-1.2200, -20.4900, 0.0000]r:[-1.0000, 0.0000, 0.0000][0.0000, -21.7100, 0.0000]r:[0.0000, -1.0000, 0.0000]r:[0.0000, 0.0000, -1.0000]]
C-ITER (92/1000)	with baseline accuracy = 100
maxgenerators: 9;
126: [[-2.0700, -9.3700, 0.0000]r:[-1.0000, 0.0000, 0.0000][0.0000, -11.4400, 0.0000]r:[0.0000, -1.0000, 0.0000]r:[0.0000, 0.0000, -1.0000]]
state 2 not converged yet.
maxgenerators: 10;
2: [[-1.2200, -20.4900, 0.0000]r:[-1.0000, 0.0000, 0.0000][0.0000, -21.7100, 0.0000]r:[0.0000, -1.0000, 0.0000]r:[0.0000, 0.0000, -1.0000]]
maxgenerators: 9;
2: [[-1.2700, -20.4900, 0.0000]r:[-1.0000, 0.0000, 0.0000][0.0000, -21.7600, 0.0000]r:[0.0000, -1.0000, 0.0000]r:[0.0000, 0.0000, -1.0000]]
C-ITER (93/1000)	with baseline accuracy = 100
maxgenerators: 9;
126: [[-2.0900, -9.3700, 0.0000]r:[-1.0000, 0.0000, 0.0000][0.0000, -11.4500, 0.0000]r:[0.0000, -1.0000, 0.0000]r:[0.0000, 0.0000, -1.0000]]
state 1 not converged yet.
maxgenerators: 9;
1: [[-0.9300, -24.7300, 0.0000]r:[-1.0000, 0.0000, 0.0000][0.0000, -25.6600, 0.0000]r:[0.0000, -1.0000, 0.0000]r:[0.0000, 0.0000, -1.0000]]
maxgenerators: 9;
1: [[-0.9600, -24.7300, 0.0000]r:[-1.0000, 0.0000, 0.0000][0.0000, -25.6900, 0.0000]r:[0.0000, -1.0000, 0.0000]r:[0.0000, 0.0000, -1.0000]]
C-ITER (94/1000)	with baseline accuracy = 100
maxgenerators: 9;
126: [[-2.1000, -9.3700, 0.0000]r:[-1.0000, 0.0000, 0.0000][0.0000, -11.4700, 0.0000]r:[0.0000, -1.0000, 0.0000]r:[0.0000, 0.0000, -1.0000]]
state 1 not converged yet.
maxgenerators: 9;
1: [[-0.9600, -24.7300, 0.0000]r:[-1.0000, 0.0000, 0.0000][0.0000, -25.6900, 0.0000]r:[0.0000, -1.0000, 0.0000]r:[0.0000, 0.0000, -1.0000]]
maxgenerators: 9;
1: [[-0.9900, -24.7300, 0.0000]r:[-1.0000, 0.0000, 0.0000][0.0000, -25.7200, 0.0000]r:[0.0000, -1.0000, 0.0000]r:[0.0000, 0.0000, -1.0000]]
C-ITER (95/1000)	with baseline accuracy = 100
maxgenerators: 9;
126: [[-2.1000, -9.3700, 0.0000]r:[-1.0000, 0.0000, 0.0000][0.0000, -11.4700, 0.0000]r:[0.0000, -1.0000, 0.0000]r:[0.0000, 0.0000, -1.0000]]
state 1 not converged yet.
maxgenerators: 9;
1: [[-0.9900, -24.7300, 0.0000]r:[-1.0000, 0.0000, 0.0000][0.0000, -25.7200, 0.0000]r:[0.0000, -1.0000, 0.0000]r:[0.0000, 0.0000, -1.0000]]
maxgenerators: 9;
1: [[-1.0300, -24.7300, 0.0000]r:[-1.0000, 0.0000, 0.0000][0.0000, -25.7600, 0.0000]r:[0.0000, -1.0000, 0.0000]r:[0.0000, 0.0000, -1.0000]]
C-ITER (96/1000)	with baseline accuracy = 100
maxgenerators: 10;
126: [[-2.1300, -9.3700, 0.0000]r:[-1.0000, 0.0000, 0.0000][0.0000, -11.4900, 0.0000]r:[0.0000, -1.0000, 0.0000]r:[0.0000, 0.0000, -1.0000]]
state 1 not converged yet.
maxgenerators: 9;
1: [[-1.0300, -24.7300, 0.0000]r:[-1.0000, 0.0000, 0.0000][0.0000, -25.7600, 0.0000]r:[0.0000, -1.0000, 0.0000]r:[0.0000, 0.0000, -1.0000]]
maxgenerators: 10;
1: [[-1.0600, -24.7300, 0.0000]r:[-1.0000, 0.0000, 0.0000][0.0000, -25.7900, 0.0000]r:[0.0000, -1.0000, 0.0000]r:[0.0000, 0.0000, -1.0000]]
C-ITER (97/1000)	with baseline accuracy = 100
maxgenerators: 10;
126: [[-2.1500, -9.3700, 0.0000]r:[-1.0000, 0.0000, 0.0000][0.0000, -11.5100, 0.0000]r:[0.0000, -1.0000, 0.0000]r:[0.0000, 0.0000, -1.0000]]
state 0 not converged yet.
maxgenerators: 10;
0: [[-2.1200, -9.3700, 0.0000]r:[-1.0000, 0.0000, 0.0000][0.0000, -11.4800, 0.0000]r:[0.0000, -1.0000, 0.0000]r:[0.0000, 0.0000, -1.0000]]
maxgenerators: 10;
0: [[-2.1400, -9.3700, 0.0000]r:[-1.0000, 0.0000, 0.0000][0.0000, -11.5000, 0.0000]r:[0.0000, -1.0000, 0.0000]r:[0.0000, 0.0000, -1.0000]]
C-ITER (98/1000)	with baseline accuracy = 100
maxgenerators: 10;
126: [[-2.1800, -9.3700, 0.0000]r:[-1.0000, 0.0000, 0.0000][0.0000, -11.5400, 0.0000]r:[0.0000, -1.0000, 0.0000]r:[0.0000, 0.0000, -1.0000]]
state 0 not converged yet.
maxgenerators: 10;
0: [[-2.1400, -9.3700, 0.0000]r:[-1.0000, 0.0000, 0.0000][0.0000, -11.5000, 0.0000]r:[0.0000, -1.0000, 0.0000]r:[0.0000, 0.0000, -1.0000]]
maxgenerators: 10;
0: [[-2.1700, -9.3700, 0.0000]r:[-1.0000, 0.0000, 0.0000][0.0000, -11.5300, 0.0000]r:[0.0000, -1.0000, 0.0000]r:[0.0000, 0.0000, -1.0000]]
C-ITER (99/1000)	with baseline accuracy = 100
maxgenerators: 9;
126: [[-2.2100, -9.3700, 0.0000]r:[-1.0000, 0.0000, 0.0000][0.0000, -11.5800, 0.0000]r:[0.0000, -1.0000, 0.0000]r:[0.0000, 0.0000, -1.0000]]
state 0 not converged yet.
maxgenerators: 10;
0: [[-2.1700, -9.3700, 0.0000]r:[-1.0000, 0.0000, 0.0000][0.0000, -11.5300, 0.0000]r:[0.0000, -1.0000, 0.0000]r:[0.0000, 0.0000, -1.0000]]
maxgenerators: 9;
0: [[-2.2000, -9.3700, 0.0000]r:[-1.0000, 0.0000, 0.0000][0.0000, -11.5600, 0.0000]r:[0.0000, -1.0000, 0.0000]r:[0.0000, 0.0000, -1.0000]]
C-ITER (100/1000)	with baseline accuracy = 100
maxgenerators: 9;
126: [[-2.2500, -9.3700, 0.0000]r:[-1.0000, 0.0000, 0.0000][0.0000, -11.6200, 0.0000]r:[0.0000, -1.0000, 0.0000]r:[0.0000, 0.0000, -1.0000]]
state 0 not converged yet.
maxgenerators: 9;
0: [[-2.2000, -9.3700, 0.0000]r:[-1.0000, 0.0000, 0.0000][0.0000, -11.5600, 0.0000]r:[0.0000, -1.0000, 0.0000]r:[0.0000, 0.0000, -1.0000]]
maxgenerators: 9;
0: [[-2.2400, -9.3700, 0.0000]r:[-1.0000, 0.0000, 0.0000][0.0000, -11.6000, 0.0000]r:[0.0000, -1.0000, 0.0000]r:[0.0000, 0.0000, -1.0000]]
C-ITER (101/1000)	with baseline accuracy = 100
maxgenerators: 9;
126: [[-2.2900, -9.3700, 0.0000]r:[-1.0000, 0.0000, 0.0000][0.0000, -11.6500, 0.0000]r:[0.0000, -1.0000, 0.0000]r:[0.0000, 0.0000, -1.0000]]
state 0 not converged yet.
maxgenerators: 9;
0: [[-2.2400, -9.3700, 0.0000]r:[-1.0000, 0.0000, 0.0000][0.0000, -11.6000, 0.0000]r:[0.0000, -1.0000, 0.0000]r:[0.0000, 0.0000, -1.0000]]
maxgenerators: 9;
0: [[-2.2800, -9.3700, 0.0000]r:[-1.0000, 0.0000, 0.0000][0.0000, -11.6400, 0.0000]r:[0.0000, -1.0000, 0.0000]r:[0.0000, 0.0000, -1.0000]]
C-ITER (102/1000)	with baseline accuracy = 100
maxgenerators: 9;
126: [[-2.3200, -9.3700, 0.0000]r:[-1.0000, 0.0000, 0.0000][0.0000, -11.6900, 0.0000]r:[0.0000, -1.0000, 0.0000]r:[0.0000, 0.0000, -1.0000]]
state 0 not converged yet.
maxgenerators: 9;
0: [[-2.2800, -9.3700, 0.0000]r:[-1.0000, 0.0000, 0.0000][0.0000, -11.6400, 0.0000]r:[0.0000, -1.0000, 0.0000]r:[0.0000, 0.0000, -1.0000]]
maxgenerators: 9;
0: [[-2.3100, -9.3700, 0.0000]r:[-1.0000, 0.0000, 0.0000][0.0000, -11.6700, 0.0000]r:[0.0000, -1.0000, 0.0000]r:[0.0000, 0.0000, -1.0000]]
C-ITER (103/1000)	with baseline accuracy = 100
maxgenerators: 9;
126: [[-2.3600, -9.3700, 0.0000]r:[-1.0000, 0.0000, 0.0000][0.0000, -11.7200, 0.0000]r:[0.0000, -1.0000, 0.0000]r:[0.0000, 0.0000, -1.0000]]
state 0 not converged yet.
maxgenerators: 9;
0: [[-2.3100, -9.3700, 0.0000]r:[-1.0000, 0.0000, 0.0000][0.0000, -11.6700, 0.0000]r:[0.0000, -1.0000, 0.0000]r:[0.0000, 0.0000, -1.0000]]
maxgenerators: 9;
0: [[-2.3400, -9.3700, 0.0000]r:[-1.0000, 0.0000, 0.0000][0.0000, -11.7100, 0.0000]r:[0.0000, -1.0000, 0.0000]r:[0.0000, 0.0000, -1.0000]]
C-ITER (104/1000)	with baseline accuracy = 100
maxgenerators: 9;
126: [[-2.4000, -9.3700, 0.0000]r:[-1.0000, 0.0000, 0.0000][0.0000, -11.7700, 0.0000]r:[0.0000, -1.0000, 0.0000]r:[0.0000, 0.0000, -1.0000]]
state 0 not converged yet.
maxgenerators: 9;
0: [[-2.3400, -9.3700, 0.0000]r:[-1.0000, 0.0000, 0.0000][0.0000, -11.7100, 0.0000]r:[0.0000, -1.0000, 0.0000]r:[0.0000, 0.0000, -1.0000]]
maxgenerators: 9;
0: [[-2.3900, -9.3700, 0.0000]r:[-1.0000, 0.0000, 0.0000][0.0000, -11.7500, 0.0000]r:[0.0000, -1.0000, 0.0000]r:[0.0000, 0.0000, -1.0000]]
C-ITER (105/1000)	with baseline accuracy = 100
maxgenerators: 9;
126: [[-2.4300, -9.3700, 0.0000]r:[-1.0000, 0.0000, 0.0000][0.0000, -11.7900, 0.0000]r:[0.0000, -1.0000, 0.0000]r:[0.0000, 0.0000, -1.0000]]
state 0 not converged yet.
maxgenerators: 9;
0: [[-2.3900, -9.3700, 0.0000]r:[-1.0000, 0.0000, 0.0000][0.0000, -11.7500, 0.0000]r:[0.0000, -1.0000, 0.0000]r:[0.0000, 0.0000, -1.0000]]
maxgenerators: 9;
0: [[-2.4200, -9.3700, 0.0000]r:[-1.0000, 0.0000, 0.0000][0.0000, -11.7900, 0.0000]r:[0.0000, -1.0000, 0.0000]r:[0.0000, 0.0000, -1.0000]]
C-ITER (106/1000)	with baseline accuracy = 100
maxgenerators: 9;
126: [[-2.4500, -9.3700, 0.0000]r:[-1.0000, 0.0000, 0.0000][0.0000, -11.8100, 0.0000]r:[0.0000, -1.0000, 0.0000]r:[0.0000, 0.0000, -1.0000]]
state 2 not converged yet.
maxgenerators: 9;
2: [[-1.5800, -20.4900, 0.0000]r:[-1.0000, 0.0000, 0.0000][0.0000, -22.0700, 0.0000]r:[0.0000, -1.0000, 0.0000]r:[0.0000, 0.0000, -1.0000]]
maxgenerators: 9;
2: [[-1.6200, -20.4900, 0.0000]r:[-1.0000, 0.0000, 0.0000][0.0000, -22.1100, 0.0000]r:[0.0000, -1.0000, 0.0000]r:[0.0000, 0.0000, -1.0000]]
C-ITER (107/1000)	with baseline accuracy = 100
maxgenerators: 9;
126: [[-2.4600, -9.3700, 0.0000]r:[-1.0000, 0.0000, 0.0000][0.0000, -11.8300, 0.0000]r:[0.0000, -1.0000, 0.0000]r:[0.0000, 0.0000, -1.0000]]
state 2 not converged yet.
maxgenerators: 9;
2: [[-1.6200, -20.4900, 0.0000]r:[-1.0000, 0.0000, 0.0000][0.0000, -22.1100, 0.0000]r:[0.0000, -1.0000, 0.0000]r:[0.0000, 0.0000, -1.0000]]
maxgenerators: 9;
2: [[-1.6600, -20.4900, 0.0000]r:[-1.0000, 0.0000, 0.0000][0.0000, -22.1500, 0.0000]r:[0.0000, -1.0000, 0.0000]r:[0.0000, 0.0000, -1.0000]]
C-ITER (108/1000)	with baseline accuracy = 100
maxgenerators: 9;
126: [[-2.4800, -9.3700, 0.0000]r:[-1.0000, 0.0000, 0.0000][0.0000, -11.8400, 0.0000]r:[0.0000, -1.0000, 0.0000]r:[0.0000, 0.0000, -1.0000]]
state 1 not converged yet.
maxgenerators: 9;
1: [[-1.3300, -24.7300, 0.0000]r:[-1.0000, 0.0000, 0.0000][0.0000, -26.0600, 0.0000]r:[0.0000, -1.0000, 0.0000]r:[0.0000, 0.0000, -1.0000]]
maxgenerators: 9;
1: [[-1.3600, -24.7300, 0.0000]r:[-1.0000, 0.0000, 0.0000][0.0000, -26.0900, 0.0000]r:[0.0000, -1.0000, 0.0000]r:[0.0000, 0.0000, -1.0000]]
C-ITER (109/1000)	with baseline accuracy = 100
maxgenerators: 9;
126: [[-2.4900, -9.3700, 0.0000]r:[-1.0000, 0.0000, 0.0000][0.0000, -11.8600, 0.0000]r:[0.0000, -1.0000, 0.0000]r:[0.0000, 0.0000, -1.0000]]
state 1 not converged yet.
maxgenerators: 9;
1: [[-1.3600, -24.7300, 0.0000]r:[-1.0000, 0.0000, 0.0000][0.0000, -26.0900, 0.0000]r:[0.0000, -1.0000, 0.0000]r:[0.0000, 0.0000, -1.0000]]
maxgenerators: 9;
1: [[-1.3900, -24.7300, 0.0000]r:[-1.0000, 0.0000, 0.0000][0.0000, -26.1200, 0.0000]r:[0.0000, -1.0000, 0.0000]r:[0.0000, 0.0000, -1.0000]]
C-ITER (110/1000)	with baseline accuracy = 100
maxgenerators: 10;
126: [[-2.5000, -9.3700, 0.0000]r:[-1.0000, 0.0000, 0.0000][0.0000, -11.8600, 0.0000]r:[0.0000, -1.0000, 0.0000]r:[0.0000, 0.0000, -1.0000]]
state 1 not converged yet.
maxgenerators: 9;
1: [[-1.3900, -24.7300, 0.0000]r:[-1.0000, 0.0000, 0.0000][0.0000, -26.1200, 0.0000]r:[0.0000, -1.0000, 0.0000]r:[0.0000, 0.0000, -1.0000]]
maxgenerators: 10;
1: [[-1.4200, -24.7300, 0.0000]r:[-1.0000, 0.0000, 0.0000][0.0000, -26.1500, 0.0000]r:[0.0000, -1.0000, 0.0000]r:[0.0000, 0.0000, -1.0000]]
C-ITER (111/1000)	with baseline accuracy = 100
maxgenerators: 10;
126: [[-2.5200, -9.3700, 0.0000]r:[-1.0000, 0.0000, 0.0000][0.0000, -11.8800, 0.0000]r:[0.0000, -1.0000, 0.0000]r:[0.0000, 0.0000, -1.0000]]
state 1 not converged yet.
maxgenerators: 10;
1: [[-1.4200, -24.7300, 0.0000]r:[-1.0000, 0.0000, 0.0000][0.0000, -26.1500, 0.0000]r:[0.0000, -1.0000, 0.0000]r:[0.0000, 0.0000, -1.0000]]
maxgenerators: 10;
1: [[-1.4600, -24.7300, 0.0000]r:[-1.0000, 0.0000, 0.0000][0.0000, -26.1900, 0.0000]r:[0.0000, -1.0000, 0.0000]r:[0.0000, 0.0000, -1.0000]]
C-ITER (112/1000)	with baseline accuracy = 100
maxgenerators: 10;
126: [[-2.5500, -9.3700, 0.0000]r:[-1.0000, 0.0000, 0.0000][0.0000, -11.9100, 0.0000]r:[0.0000, -1.0000, 0.0000]r:[0.0000, 0.0000, -1.0000]]
state 0 not converged yet.
maxgenerators: 10;
0: [[-2.5100, -9.3700, 0.0000]r:[-1.0000, 0.0000, 0.0000][0.0000, -11.8800, 0.0000]r:[0.0000, -1.0000, 0.0000]r:[0.0000, 0.0000, -1.0000]]
maxgenerators: 10;
0: [[-2.5400, -9.3700, 0.0000]r:[-1.0000, 0.0000, 0.0000][0.0000, -11.9000, 0.0000]r:[0.0000, -1.0000, 0.0000]r:[0.0000, 0.0000, -1.0000]]
C-ITER (113/1000)	with baseline accuracy = 100
maxgenerators: 10;
126: [[-2.5800, -9.3700, 0.0000]r:[-1.0000, 0.0000, 0.0000][0.0000, -11.9400, 0.0000]r:[0.0000, -1.0000, 0.0000]r:[0.0000, 0.0000, -1.0000]]
state 0 not converged yet.
maxgenerators: 10;
0: [[-2.5400, -9.3700, 0.0000]r:[-1.0000, 0.0000, 0.0000][0.0000, -11.9000, 0.0000]r:[0.0000, -1.0000, 0.0000]r:[0.0000, 0.0000, -1.0000]]
maxgenerators: 10;
0: [[-2.5700, -9.3700, 0.0000]r:[-1.0000, 0.0000, 0.0000][0.0000, -11.9300, 0.0000]r:[0.0000, -1.0000, 0.0000]r:[0.0000, 0.0000, -1.0000]]
C-ITER (114/1000)	with baseline accuracy = 100
maxgenerators: 10;
126: [[-2.6100, -9.3700, 0.0000]r:[-1.0000, 0.0000, 0.0000][0.0000, -11.9800, 0.0000]r:[0.0000, -1.0000, 0.0000]r:[0.0000, 0.0000, -1.0000]]
state 0 not converged yet.
maxgenerators: 10;
0: [[-2.5700, -9.3700, 0.0000]r:[-1.0000, 0.0000, 0.0000][0.0000, -11.9300, 0.0000]r:[0.0000, -1.0000, 0.0000]r:[0.0000, 0.0000, -1.0000]]
maxgenerators: 10;
0: [[-2.6000, -9.3700, 0.0000]r:[-1.0000, 0.0000, 0.0000][0.0000, -11.9600, 0.0000]r:[0.0000, -1.0000, 0.0000]r:[0.0000, 0.0000, -1.0000]]
C-ITER (115/1000)	with baseline accuracy = 100
maxgenerators: 10;
126: [[-2.6400, -9.3700, 0.0000]r:[-1.0000, 0.0000, 0.0000][0.0000, -12.0100, 0.0000]r:[0.0000, -1.0000, 0.0000]r:[0.0000, 0.0000, -1.0000]]
state 0 not converged yet.
maxgenerators: 10;
0: [[-2.6000, -9.3700, 0.0000]r:[-1.0000, 0.0000, 0.0000][0.0000, -11.9600, 0.0000]r:[0.0000, -1.0000, 0.0000]r:[0.0000, 0.0000, -1.0000]]
maxgenerators: 10;
0: [[-2.6300, -9.3700, 0.0000]r:[-1.0000, 0.0000, 0.0000][0.0000, -11.9900, 0.0000]r:[0.0000, -1.0000, 0.0000]r:[0.0000, 0.0000, -1.0000]]
C-ITER (116/1000)	with baseline accuracy = 100
maxgenerators: 10;
126: [[-2.6800, -9.3700, 0.0000]r:[-1.0000, 0.0000, 0.0000][0.0000, -12.0500, 0.0000]r:[0.0000, -1.0000, 0.0000]r:[0.0000, 0.0000, -1.0000]]
state 0 not converged yet.
maxgenerators: 10;
0: [[-2.6300, -9.3700, 0.0000]r:[-1.0000, 0.0000, 0.0000][0.0000, -11.9900, 0.0000]r:[0.0000, -1.0000, 0.0000]r:[0.0000, 0.0000, -1.0000]]
maxgenerators: 10;
0: [[-2.6700, -9.3700, 0.0000]r:[-1.0000, 0.0000, 0.0000][0.0000, -12.0300, 0.0000]r:[0.0000, -1.0000, 0.0000]r:[0.0000, 0.0000, -1.0000]]
C-ITER (117/1000)	with baseline accuracy = 100
maxgenerators: 9;
126: [[-2.7200, -9.3700, 0.0000]r:[-1.0000, 0.0000, 0.0000][0.0000, -12.0800, 0.0000]r:[0.0000, -1.0000, 0.0000]r:[0.0000, 0.0000, -1.0000]]
state 0 not converged yet.
maxgenerators: 10;
0: [[-2.6700, -9.3700, 0.0000]r:[-1.0000, 0.0000, 0.0000][0.0000, -12.0300, 0.0000]r:[0.0000, -1.0000, 0.0000]r:[0.0000, 0.0000, -1.0000]]
maxgenerators: 9;
0: [[-2.7100, -9.3700, 0.0000]r:[-1.0000, 0.0000, 0.0000][0.0000, -12.0700, 0.0000]r:[0.0000, -1.0000, 0.0000]r:[0.0000, 0.0000, -1.0000]]
C-ITER (118/1000)	with baseline accuracy = 100
maxgenerators: 9;
126: [[-2.7500, -9.3700, 0.0000]r:[-1.0000, 0.0000, 0.0000][0.0000, -12.1100, 0.0000]r:[0.0000, -1.0000, 0.0000]r:[0.0000, 0.0000, -1.0000]]
state 0 not converged yet.
maxgenerators: 9;
0: [[-2.7100, -9.3700, 0.0000]r:[-1.0000, 0.0000, 0.0000][0.0000, -12.0700, 0.0000]r:[0.0000, -1.0000, 0.0000]r:[0.0000, 0.0000, -1.0000]]
maxgenerators: 9;
0: [[-2.7400, -9.3700, 0.0000]r:[-1.0000, 0.0000, 0.0000][0.0000, -12.1000, 0.0000]r:[0.0000, -1.0000, 0.0000]r:[0.0000, 0.0000, -1.0000]]
C-ITER (119/1000)	with baseline accuracy = 100
maxgenerators: 9;
126: [[-2.7800, -9.3700, 0.0000]r:[-1.0000, 0.0000, 0.0000][0.0000, -12.1500, 0.0000]r:[0.0000, -1.0000, 0.0000]r:[0.0000, 0.0000, -1.0000]]
state 0 not converged yet.
maxgenerators: 9;
0: [[-2.7400, -9.3700, 0.0000]r:[-1.0000, 0.0000, 0.0000][0.0000, -12.1000, 0.0000]r:[0.0000, -1.0000, 0.0000]r:[0.0000, 0.0000, -1.0000]]
maxgenerators: 9;
0: [[-2.7700, -9.3700, 0.0000]r:[-1.0000, 0.0000, 0.0000][0.0000, -12.1300, 0.0000]r:[0.0000, -1.0000, 0.0000]r:[0.0000, 0.0000, -1.0000]]
C-ITER (120/1000)	with baseline accuracy = 100
maxgenerators: 9;
126: [[-2.8200, -9.3700, 0.0000]r:[-1.0000, 0.0000, 0.0000][0.0000, -12.1800, 0.0000]r:[0.0000, -1.0000, 0.0000]r:[0.0000, 0.0000, -1.0000]]
state 0 not converged yet.
maxgenerators: 9;
0: [[-2.7700, -9.3700, 0.0000]r:[-1.0000, 0.0000, 0.0000][0.0000, -12.1300, 0.0000]r:[0.0000, -1.0000, 0.0000]r:[0.0000, 0.0000, -1.0000]]
maxgenerators: 9;
0: [[-2.8100, -9.3700, 0.0000]r:[-1.0000, 0.0000, 0.0000][0.0000, -12.1800, 0.0000]r:[0.0000, -1.0000, 0.0000]r:[0.0000, 0.0000, -1.0000]]
C-ITER (121/1000)	with baseline accuracy = 100
maxgenerators: 9;
126: [[-2.8400, -9.3700, 0.0000]r:[-1.0000, 0.0000, 0.0000][0.0000, -12.2000, 0.0000]r:[0.0000, -1.0000, 0.0000]r:[0.0000, 0.0000, -1.0000]]
state 2 not converged yet.
maxgenerators: 9;
2: [[-1.9800, -20.4900, 0.0000]r:[-1.0000, 0.0000, 0.0000][0.0000, -22.4700, 0.0000]r:[0.0000, -1.0000, 0.0000]r:[0.0000, 0.0000, -1.0000]]
maxgenerators: 9;
2: [[-2.0100, -20.4900, 0.0000]r:[-1.0000, 0.0000, 0.0000][0.0000, -22.5000, 0.0000]r:[0.0000, -1.0000, 0.0000]r:[0.0000, 0.0000, -1.0000]]
C-ITER (122/1000)	with baseline accuracy = 100
maxgenerators: 9;
126: [[-2.8500, -9.3700, 0.0000]r:[-1.0000, 0.0000, 0.0000][0.0000, -12.2200, 0.0000]r:[0.0000, -1.0000, 0.0000]r:[0.0000, 0.0000, -1.0000]]
state 1 not converged yet.
maxgenerators: 9;
1: [[-1.7000, -24.7300, 0.0000]r:[-1.0000, 0.0000, 0.0000][0.0000, -26.4300, 0.0000]r:[0.0000, -1.0000, 0.0000]r:[0.0000, 0.0000, -1.0000]]
maxgenerators: 9;
1: [[-1.7300, -24.7300, 0.0000]r:[-1.0000, 0.0000, 0.0000][0.0000, -26.4600, 0.0000]r:[0.0000, -1.0000, 0.0000]r:[0.0000, 0.0000, -1.0000]]
C-ITER (123/1000)	with baseline accuracy = 100
maxgenerators: 9;
126: [[-2.8700, -9.3700, 0.0000]r:[-1.0000, 0.0000, 0.0000][0.0000, -12.2300, 0.0000]r:[0.0000, -1.0000, 0.0000]r:[0.0000, 0.0000, -1.0000]]
state 1 not converged yet.
maxgenerators: 9;
1: [[-1.7300, -24.7300, 0.0000]r:[-1.0000, 0.0000, 0.0000][0.0000, -26.4600, 0.0000]r:[0.0000, -1.0000, 0.0000]r:[0.0000, 0.0000, -1.0000]]
maxgenerators: 9;
1: [[-1.7600, -24.7300, 0.0000]r:[-1.0000, 0.0000, 0.0000][0.0000, -26.4900, 0.0000]r:[0.0000, -1.0000, 0.0000]r:[0.0000, 0.0000, -1.0000]]
C-ITER (124/1000)	with baseline accuracy = 100
maxgenerators: 9;
126: [[-2.8800, -9.3700, 0.0000]r:[-1.0000, 0.0000, 0.0000][0.0000, -12.2500, 0.0000]r:[0.0000, -1.0000, 0.0000]r:[0.0000, 0.0000, -1.0000]]
state 1 not converged yet.
maxgenerators: 9;
1: [[-1.7600, -24.7300, 0.0000]r:[-1.0000, 0.0000, 0.0000][0.0000, -26.4900, 0.0000]r:[0.0000, -1.0000, 0.0000]r:[0.0000, 0.0000, -1.0000]]
maxgenerators: 9;
1: [[-1.7900, -24.7300, 0.0000]r:[-1.0000, 0.0000, 0.0000][0.0000, -26.5200, 0.0000]r:[0.0000, -1.0000, 0.0000]r:[0.0000, 0.0000, -1.0000]]
C-ITER (125/1000)	with baseline accuracy = 100
maxgenerators: 10;
126: [[-2.9000, -9.3700, 0.0000]r:[-1.0000, 0.0000, 0.0000][0.0000, -12.2600, 0.0000]r:[0.0000, -1.0000, 0.0000]r:[0.0000, 0.0000, -1.0000]]
state 1 not converged yet.
maxgenerators: 9;
1: [[-1.7900, -24.7300, 0.0000]r:[-1.0000, 0.0000, 0.0000][0.0000, -26.5200, 0.0000]r:[0.0000, -1.0000, 0.0000]r:[0.0000, 0.0000, -1.0000]]
maxgenerators: 10;
1: [[-1.8200, -24.7300, 0.0000]r:[-1.0000, 0.0000, 0.0000][0.0000, -26.5500, 0.0000]r:[0.0000, -1.0000, 0.0000]r:[0.0000, 0.0000, -1.0000]]
C-ITER (126/1000)	with baseline accuracy = 100
maxgenerators: 9;
126: [[-2.9200, -9.3700, 0.0000]r:[-1.0000, 0.0000, 0.0000][0.0000, -12.2800, 0.0000]r:[0.0000, -1.0000, 0.0000]r:[0.0000, 0.0000, -1.0000]]
state 0 not converged yet.
maxgenerators: 10;
0: [[-2.8900, -9.3700, 0.0000]r:[-1.0000, 0.0000, 0.0000][0.0000, -12.2500, 0.0000]r:[0.0000, -1.0000, 0.0000]r:[0.0000, 0.0000, -1.0000]]
maxgenerators: 9;
0: [[-2.9100, -9.3700, 0.0000]r:[-1.0000, 0.0000, 0.0000][0.0000, -12.2700, 0.0000]r:[0.0000, -1.0000, 0.0000]r:[0.0000, 0.0000, -1.0000]]
C-ITER (127/1000)	with baseline accuracy = 100
maxgenerators: 10;
126: [[-2.9500, -9.3700, 0.0000]r:[-1.0000, 0.0000, 0.0000][0.0000, -12.3100, 0.0000]r:[0.0000, -1.0000, 0.0000]r:[0.0000, 0.0000, -1.0000]]
state 0 not converged yet.
maxgenerators: 9;
0: [[-2.9100, -9.3700, 0.0000]r:[-1.0000, 0.0000, 0.0000][0.0000, -12.2700, 0.0000]r:[0.0000, -1.0000, 0.0000]r:[0.0000, 0.0000, -1.0000]]
maxgenerators: 10;
0: [[-2.9400, -9.3700, 0.0000]r:[-1.0000, 0.0000, 0.0000][0.0000, -12.3000, 0.0000]r:[0.0000, -1.0000, 0.0000]r:[0.0000, 0.0000, -1.0000]]
C-ITER (128/1000)	with baseline accuracy = 100
maxgenerators: 10;
126: [[-2.9800, -9.3700, 0.0000]r:[-1.0000, 0.0000, 0.0000][0.0000, -12.3400, 0.0000]r:[0.0000, -1.0000, 0.0000]r:[0.0000, 0.0000, -1.0000]]
state 0 not converged yet.
maxgenerators: 10;
0: [[-2.9400, -9.3700, 0.0000]r:[-1.0000, 0.0000, 0.0000][0.0000, -12.3000, 0.0000]r:[0.0000, -1.0000, 0.0000]r:[0.0000, 0.0000, -1.0000]]
maxgenerators: 10;
0: [[-2.9700, -9.3700, 0.0000]r:[-1.0000, 0.0000, 0.0000][0.0000, -12.3300, 0.0000]r:[0.0000, -1.0000, 0.0000]r:[0.0000, 0.0000, -1.0000]]
C-ITER (129/1000)	with baseline accuracy = 100
maxgenerators: 10;
126: [[-3.0100, -9.3700, 0.0000]r:[-1.0000, 0.0000, 0.0000][0.0000, -12.3800, 0.0000]r:[0.0000, -1.0000, 0.0000]r:[0.0000, 0.0000, -1.0000]]
state 0 not converged yet.
maxgenerators: 10;
0: [[-2.9700, -9.3700, 0.0000]r:[-1.0000, 0.0000, 0.0000][0.0000, -12.3300, 0.0000]r:[0.0000, -1.0000, 0.0000]r:[0.0000, 0.0000, -1.0000]]
maxgenerators: 10;
0: [[-3.0000, -9.3700, 0.0000]r:[-1.0000, 0.0000, 0.0000][0.0000, -12.3600, 0.0000]r:[0.0000, -1.0000, 0.0000]r:[0.0000, 0.0000, -1.0000]]
C-ITER (130/1000)	with baseline accuracy = 100
maxgenerators: 10;
126: [[-3.0400, -9.3700, 0.0000]r:[-1.0000, 0.0000, 0.0000][0.0000, -12.4100, 0.0000]r:[0.0000, -1.0000, 0.0000]r:[0.0000, 0.0000, -1.0000]]
state 0 not converged yet.
maxgenerators: 10;
0: [[-3.0000, -9.3700, 0.0000]r:[-1.0000, 0.0000, 0.0000][0.0000, -12.3600, 0.0000]r:[0.0000, -1.0000, 0.0000]r:[0.0000, 0.0000, -1.0000]]
maxgenerators: 10;
0: [[-3.0300, -9.3700, 0.0000]r:[-1.0000, 0.0000, 0.0000][0.0000, -12.3900, 0.0000]r:[0.0000, -1.0000, 0.0000]r:[0.0000, 0.0000, -1.0000]]
C-ITER (131/1000)	with baseline accuracy = 100
maxgenerators: 10;
126: [[-3.0700, -9.3700, 0.0000]r:[-1.0000, 0.0000, 0.0000][0.0000, -12.4400, 0.0000]r:[0.0000, -1.0000, 0.0000]r:[0.0000, 0.0000, -1.0000]]
state 0 not converged yet.
maxgenerators: 10;
0: [[-3.0300, -9.3700, 0.0000]r:[-1.0000, 0.0000, 0.0000][0.0000, -12.3900, 0.0000]r:[0.0000, -1.0000, 0.0000]r:[0.0000, 0.0000, -1.0000]]
maxgenerators: 10;
0: [[-3.0600, -9.3700, 0.0000]r:[-1.0000, 0.0000, 0.0000][0.0000, -12.4300, 0.0000]r:[0.0000, -1.0000, 0.0000]r:[0.0000, 0.0000, -1.0000]]
C-ITER (132/1000)	with baseline accuracy = 100
maxgenerators: 10;
126: [[-3.1100, -9.3700, 0.0000]r:[-1.0000, 0.0000, 0.0000][0.0000, -12.4800, 0.0000]r:[0.0000, -1.0000, 0.0000]r:[0.0000, 0.0000, -1.0000]]
state 0 not converged yet.
maxgenerators: 10;
0: [[-3.0600, -9.3700, 0.0000]r:[-1.0000, 0.0000, 0.0000][0.0000, -12.4300, 0.0000]r:[0.0000, -1.0000, 0.0000]r:[0.0000, 0.0000, -1.0000]]
maxgenerators: 10;
0: [[-3.1000, -9.3700, 0.0000]r:[-1.0000, 0.0000, 0.0000][0.0000, -12.4700, 0.0000]r:[0.0000, -1.0000, 0.0000]r:[0.0000, 0.0000, -1.0000]]
C-ITER (133/1000)	with baseline accuracy = 100
maxgenerators: 9;
126: [[-3.1500, -9.3700, 0.0000]r:[-1.0000, 0.0000, 0.0000][0.0000, -12.5100, 0.0000]r:[0.0000, -1.0000, 0.0000]r:[0.0000, 0.0000, -1.0000]]
state 0 not converged yet.
maxgenerators: 10;
0: [[-3.1000, -9.3700, 0.0000]r:[-1.0000, 0.0000, 0.0000][0.0000, -12.4700, 0.0000]r:[0.0000, -1.0000, 0.0000]r:[0.0000, 0.0000, -1.0000]]
maxgenerators: 9;
0: [[-3.1400, -9.3700, 0.0000]r:[-1.0000, 0.0000, 0.0000][0.0000, -12.5000, 0.0000]r:[0.0000, -1.0000, 0.0000]r:[0.0000, 0.0000, -1.0000]]
C-ITER (134/1000)	with baseline accuracy = 100
maxgenerators: 9;
126: [[-3.1800, -9.3700, 0.0000]r:[-1.0000, 0.0000, 0.0000][0.0000, -12.5400, 0.0000]r:[0.0000, -1.0000, 0.0000]r:[0.0000, 0.0000, -1.0000]]
state 0 not converged yet.
maxgenerators: 9;
0: [[-3.1400, -9.3700, 0.0000]r:[-1.0000, 0.0000, 0.0000][0.0000, -12.5000, 0.0000]r:[0.0000, -1.0000, 0.0000]r:[0.0000, 0.0000, -1.0000]]
maxgenerators: 9;
0: [[-3.1700, -9.3700, 0.0000]r:[-1.0000, 0.0000, 0.0000][0.0000, -12.5300, 0.0000]r:[0.0000, -1.0000, 0.0000]r:[0.0000, 0.0000, -1.0000]]
C-ITER (135/1000)	with baseline accuracy = 100
maxgenerators: 9;
126: [[-3.2100, -9.3700, 0.0000]r:[-1.0000, 0.0000, 0.0000][0.0000, -12.5700, 0.0000]r:[0.0000, -1.0000, 0.0000]r:[0.0000, 0.0000, -1.0000]]
state 0 not converged yet.
maxgenerators: 9;
0: [[-3.1700, -9.3700, 0.0000]r:[-1.0000, 0.0000, 0.0000][0.0000, -12.5300, 0.0000]r:[0.0000, -1.0000, 0.0000]r:[0.0000, 0.0000, -1.0000]]
maxgenerators: 9;
0: [[-3.2000, -9.3700, 0.0000]r:[-1.0000, 0.0000, 0.0000][0.0000, -12.5600, 0.0000]r:[0.0000, -1.0000, 0.0000]r:[0.0000, 0.0000, -1.0000]]
C-ITER (136/1000)	with baseline accuracy = 100
maxgenerators: 9;
126: [[-3.2300, -9.3700, 0.0000]r:[-1.0000, 0.0000, 0.0000][0.0000, -12.5900, 0.0000]r:[0.0000, -1.0000, 0.0000]r:[0.0000, 0.0000, -1.0000]]
state 0 not converged yet.
maxgenerators: 9;
0: [[-3.2000, -9.3700, 0.0000]r:[-1.0000, 0.0000, 0.0000][0.0000, -12.5600, 0.0000]r:[0.0000, -1.0000, 0.0000]r:[0.0000, 0.0000, -1.0000]]
maxgenerators: 9;
0: [[-3.2200, -9.3700, 0.0000]r:[-1.0000, 0.0000, 0.0000][0.0000, -12.5800, 0.0000]r:[0.0000, -1.0000, 0.0000]r:[0.0000, 0.0000, -1.0000]]
C-ITER (137/1000)	with baseline accuracy = 100
maxgenerators: 9;
126: [[-3.2400, -9.3700, 0.0000]r:[-1.0000, 0.0000, 0.0000][0.0000, -12.6100, 0.0000]r:[0.0000, -1.0000, 0.0000]r:[0.0000, 0.0000, -1.0000]]
state 0 not converged yet.
maxgenerators: 9;
0: [[-3.2200, -9.3700, 0.0000]r:[-1.0000, 0.0000, 0.0000][0.0000, -12.5800, 0.0000]r:[0.0000, -1.0000, 0.0000]r:[0.0000, 0.0000, -1.0000]]
maxgenerators: 9;
0: [[-3.2400, -9.3700, 0.0000]r:[-1.0000, 0.0000, 0.0000][0.0000, -12.6000, 0.0000]r:[0.0000, -1.0000, 0.0000]r:[0.0000, 0.0000, -1.0000]]
C-ITER (138/1000)	with baseline accuracy = 100
maxgenerators: 9;
126: [[-3.2600, -9.3700, 0.0000]r:[-1.0000, 0.0000, 0.0000][0.0000, -12.6200, 0.0000]r:[0.0000, -1.0000, 0.0000]r:[0.0000, 0.0000, -1.0000]]
state 1 not converged yet.
maxgenerators: 9;
1: [[-2.1300, -24.7300, 0.0000]r:[-1.0000, 0.0000, 0.0000][0.0000, -26.8600, 0.0000]r:[0.0000, -1.0000, 0.0000]r:[0.0000, 0.0000, -1.0000]]
maxgenerators: 9;
1: [[-2.1600, -24.7300, 0.0000]r:[-1.0000, 0.0000, 0.0000][0.0000, -26.8900, 0.0000]r:[0.0000, -1.0000, 0.0000]r:[0.0000, 0.0000, -1.0000]]
C-ITER (139/1000)	with baseline accuracy = 100
maxgenerators: 9;
126: [[-3.2700, -9.3700, 0.0000]r:[-1.0000, 0.0000, 0.0000][0.0000, -12.6400, 0.0000]r:[0.0000, -1.0000, 0.0000]r:[0.0000, 0.0000, -1.0000]]
state 1 not converged yet.
maxgenerators: 9;
1: [[-2.1600, -24.7300, 0.0000]r:[-1.0000, 0.0000, 0.0000][0.0000, -26.8900, 0.0000]r:[0.0000, -1.0000, 0.0000]r:[0.0000, 0.0000, -1.0000]]
maxgenerators: 9;
1: [[-2.1900, -24.7300, 0.0000]r:[-1.0000, 0.0000, 0.0000][0.0000, -26.9200, 0.0000]r:[0.0000, -1.0000, 0.0000]r:[0.0000, 0.0000, -1.0000]]
C-ITER (140/1000)	with baseline accuracy = 100
maxgenerators: 8;
126: [[-3.2900, -9.3700, 0.0000]r:[-1.0000, 0.0000, 0.0000][0.0000, -12.6500, 0.0000]r:[0.0000, -1.0000, 0.0000]r:[0.0000, 0.0000, -1.0000]]
state 1 not converged yet.
maxgenerators: 9;
1: [[-2.1900, -24.7300, 0.0000]r:[-1.0000, 0.0000, 0.0000][0.0000, -26.9200, 0.0000]r:[0.0000, -1.0000, 0.0000]r:[0.0000, 0.0000, -1.0000]]
maxgenerators: 8;
1: [[-2.2200, -24.7300, 0.0000]r:[-1.0000, 0.0000, 0.0000][0.0000, -26.9500, 0.0000]r:[0.0000, -1.0000, 0.0000]r:[0.0000, 0.0000, -1.0000]]
C-ITER (141/1000)	with baseline accuracy = 100
maxgenerators: 8;
126: [[-3.3200, -9.3700, 0.0000]r:[-1.0000, 0.0000, 0.0000][0.0000, -12.6800, 0.0000]r:[0.0000, -1.0000, 0.0000]r:[0.0000, 0.0000, -1.0000]]
state 0 not converged yet.
maxgenerators: 8;
0: [[-3.2800, -9.3700, 0.0000]r:[-1.0000, 0.0000, 0.0000][0.0000, -12.6500, 0.0000]r:[0.0000, -1.0000, 0.0000]r:[0.0000, 0.0000, -1.0000]]
maxgenerators: 8;
0: [[-3.3100, -9.3700, 0.0000]r:[-1.0000, 0.0000, 0.0000][0.0000, -12.6700, 0.0000]r:[0.0000, -1.0000, 0.0000]r:[0.0000, 0.0000, -1.0000]]
C-ITER (142/1000)	with baseline accuracy = 100
maxgenerators: 9;
126: [[-3.3500, -9.3700, 0.0000]r:[-1.0000, 0.0000, 0.0000][0.0000, -12.7100, 0.0000]r:[0.0000, -1.0000, 0.0000]r:[0.0000, 0.0000, -1.0000]]
state 0 not converged yet.
maxgenerators: 8;
0: [[-3.3100, -9.3700, 0.0000]r:[-1.0000, 0.0000, 0.0000][0.0000, -12.6700, 0.0000]r:[0.0000, -1.0000, 0.0000]r:[0.0000, 0.0000, -1.0000]]
maxgenerators: 9;
0: [[-3.3400, -9.3700, 0.0000]r:[-1.0000, 0.0000, 0.0000][0.0000, -12.7000, 0.0000]r:[0.0000, -1.0000, 0.0000]r:[0.0000, 0.0000, -1.0000]]
C-ITER (143/1000)	with baseline accuracy = 100
maxgenerators: 9;
126: [[-3.3800, -9.3700, 0.0000]r:[-1.0000, 0.0000, 0.0000][0.0000, -12.7400, 0.0000]r:[0.0000, -1.0000, 0.0000]r:[0.0000, 0.0000, -1.0000]]
state 0 not converged yet.
maxgenerators: 9;
0: [[-3.3400, -9.3700, 0.0000]r:[-1.0000, 0.0000, 0.0000][0.0000, -12.7000, 0.0000]r:[0.0000, -1.0000, 0.0000]r:[0.0000, 0.0000, -1.0000]]
maxgenerators: 9;
0: [[-3.3700, -9.3700, 0.0000]r:[-1.0000, 0.0000, 0.0000][0.0000, -12.7300, 0.0000]r:[0.0000, -1.0000, 0.0000]r:[0.0000, 0.0000, -1.0000]]
C-ITER (144/1000)	with baseline accuracy = 100
maxgenerators: 9;
126: [[-3.4100, -9.3700, 0.0000]r:[-1.0000, 0.0000, 0.0000][0.0000, -12.7700, 0.0000]r:[0.0000, -1.0000, 0.0000]r:[0.0000, 0.0000, -1.0000]]
state 0 not converged yet.
maxgenerators: 9;
0: [[-3.3700, -9.3700, 0.0000]r:[-1.0000, 0.0000, 0.0000][0.0000, -12.7300, 0.0000]r:[0.0000, -1.0000, 0.0000]r:[0.0000, 0.0000, -1.0000]]
maxgenerators: 9;
0: [[-3.4000, -9.3700, 0.0000]r:[-1.0000, 0.0000, 0.0000][0.0000, -12.7600, 0.0000]r:[0.0000, -1.0000, 0.0000]r:[0.0000, 0.0000, -1.0000]]
C-ITER (145/1000)	with baseline accuracy = 100
maxgenerators: 8;
126: [[-3.4400, -9.3700, 0.0000]r:[-1.0000, 0.0000, 0.0000][0.0000, -12.8100, 0.0000]r:[0.0000, -1.0000, 0.0000]r:[0.0000, 0.0000, -1.0000]]
state 0 not converged yet.
maxgenerators: 9;
0: [[-3.4000, -9.3700, 0.0000]r:[-1.0000, 0.0000, 0.0000][0.0000, -12.7600, 0.0000]r:[0.0000, -1.0000, 0.0000]r:[0.0000, 0.0000, -1.0000]]
maxgenerators: 8;
0: [[-3.4300, -9.3700, 0.0000]r:[-1.0000, 0.0000, 0.0000][0.0000, -12.7900, 0.0000]r:[0.0000, -1.0000, 0.0000]r:[0.0000, 0.0000, -1.0000]]
C-ITER (146/1000)	with baseline accuracy = 100
maxgenerators: 8;
126: [[-3.4700, -9.3700, 0.0000]r:[-1.0000, 0.0000, 0.0000][0.0000, -12.8400, 0.0000]r:[0.0000, -1.0000, 0.0000]r:[0.0000, 0.0000, -1.0000]]
state 0 not converged yet.
maxgenerators: 8;
0: [[-3.4300, -9.3700, 0.0000]r:[-1.0000, 0.0000, 0.0000][0.0000, -12.7900, 0.0000]r:[0.0000, -1.0000, 0.0000]r:[0.0000, 0.0000, -1.0000]]
maxgenerators: 8;
0: [[-3.4600, -9.3700, 0.0000]r:[-1.0000, 0.0000, 0.0000][0.0000, -12.8200, 0.0000]r:[0.0000, -1.0000, 0.0000]r:[0.0000, 0.0000, -1.0000]]
C-ITER (147/1000)	with baseline accuracy = 100
maxgenerators: 8;
126: [[-3.5000, -9.3700, 0.0000]r:[-1.0000, 0.0000, 0.0000][0.0000, -12.8700, 0.0000]r:[0.0000, -1.0000, 0.0000]r:[0.0000, 0.0000, -1.0000]]
state 0 not converged yet.
maxgenerators: 8;
0: [[-3.4600, -9.3700, 0.0000]r:[-1.0000, 0.0000, 0.0000][0.0000, -12.8200, 0.0000]r:[0.0000, -1.0000, 0.0000]r:[0.0000, 0.0000, -1.0000]]
maxgenerators: 8;
0: [[-3.4900, -9.3700, 0.0000]r:[-1.0000, 0.0000, 0.0000][0.0000, -12.8600, 0.0000]r:[0.0000, -1.0000, 0.0000]r:[0.0000, 0.0000, -1.0000]]
C-ITER (148/1000)	with baseline accuracy = 100
maxgenerators: 8;
126: [[-3.5400, -9.3700, 0.0000]r:[-1.0000, 0.0000, 0.0000][0.0000, -12.9100, 0.0000]r:[0.0000, -1.0000, 0.0000]r:[0.0000, 0.0000, -1.0000]]
state 0 not converged yet.
maxgenerators: 8;
0: [[-3.4900, -9.3700, 0.0000]r:[-1.0000, 0.0000, 0.0000][0.0000, -12.8600, 0.0000]r:[0.0000, -1.0000, 0.0000]r:[0.0000, 0.0000, -1.0000]]
maxgenerators: 8;
0: [[-3.5300, -9.3700, 0.0000]r:[-1.0000, 0.0000, 0.0000][0.0000, -12.8900, 0.0000]r:[0.0000, -1.0000, 0.0000]r:[0.0000, 0.0000, -1.0000]]
C-ITER (149/1000)	with baseline accuracy = 100
maxgenerators: 8;
126: [[-3.5700, -9.3700, 0.0000]r:[-1.0000, 0.0000, 0.0000][0.0000, -12.9300, 0.0000]r:[0.0000, -1.0000, 0.0000]r:[0.0000, 0.0000, -1.0000]]
state 0 not converged yet.
maxgenerators: 8;
0: [[-3.5300, -9.3700, 0.0000]r:[-1.0000, 0.0000, 0.0000][0.0000, -12.8900, 0.0000]r:[0.0000, -1.0000, 0.0000]r:[0.0000, 0.0000, -1.0000]]
maxgenerators: 8;
0: [[-3.5600, -9.3700, 0.0000]r:[-1.0000, 0.0000, 0.0000][0.0000, -12.9300, 0.0000]r:[0.0000, -1.0000, 0.0000]r:[0.0000, 0.0000, -1.0000]]
C-ITER (150/1000)	with baseline accuracy = 100
maxgenerators: 8;
126: [[-3.6000, -9.3700, 0.0000]r:[-1.0000, 0.0000, 0.0000][0.0000, -12.9600, 0.0000]r:[0.0000, -1.0000, 0.0000]r:[0.0000, 0.0000, -1.0000]]
state 0 not converged yet.
maxgenerators: 8;
0: [[-3.5600, -9.3700, 0.0000]r:[-1.0000, 0.0000, 0.0000][0.0000, -12.9300, 0.0000]r:[0.0000, -1.0000, 0.0000]r:[0.0000, 0.0000, -1.0000]]
maxgenerators: 8;
0: [[-3.5900, -9.3700, 0.0000]r:[-1.0000, 0.0000, 0.0000][0.0000, -12.9500, 0.0000]r:[0.0000, -1.0000, 0.0000]r:[0.0000, 0.0000, -1.0000]]
C-ITER (151/1000)	with baseline accuracy = 100
maxgenerators: 8;
126: [[-3.6200, -9.3700, 0.0000]r:[-1.0000, 0.0000, 0.0000][0.0000, -12.9800, 0.0000]r:[0.0000, -1.0000, 0.0000]r:[0.0000, 0.0000, -1.0000]]
state 0 not converged yet.
maxgenerators: 8;
0: [[-3.5900, -9.3700, 0.0000]r:[-1.0000, 0.0000, 0.0000][0.0000, -12.9500, 0.0000]r:[0.0000, -1.0000, 0.0000]r:[0.0000, 0.0000, -1.0000]]
maxgenerators: 8;
0: [[-3.6100, -9.3700, 0.0000]r:[-1.0000, 0.0000, 0.0000][0.0000, -12.9700, 0.0000]r:[0.0000, -1.0000, 0.0000]r:[0.0000, 0.0000, -1.0000]]
C-ITER (152/1000)	with baseline accuracy = 100
maxgenerators: 8;
126: [[-3.6300, -9.3700, 0.0000]r:[-1.0000, 0.0000, 0.0000][0.0000, -13.0000, 0.0000]r:[0.0000, -1.0000, 0.0000]r:[0.0000, 0.0000, -1.0000]]
state 0 not converged yet.
maxgenerators: 8;
0: [[-3.6100, -9.3700, 0.0000]r:[-1.0000, 0.0000, 0.0000][0.0000, -12.9700, 0.0000]r:[0.0000, -1.0000, 0.0000]r:[0.0000, 0.0000, -1.0000]]
maxgenerators: 8;
0: [[-3.6300, -9.3700, 0.0000]r:[-1.0000, 0.0000, 0.0000][0.0000, -12.9900, 0.0000]r:[0.0000, -1.0000, 0.0000]r:[0.0000, 0.0000, -1.0000]]
C-ITER (153/1000)	with baseline accuracy = 100
maxgenerators: 8;
126: [[-3.6500, -9.3700, 0.0000]r:[-1.0000, 0.0000, 0.0000][0.0000, -13.0100, 0.0000]r:[0.0000, -1.0000, 0.0000]r:[0.0000, 0.0000, -1.0000]]
state 1 not converged yet.
maxgenerators: 8;
1: [[-2.5300, -24.7300, 0.0000]r:[-1.0000, 0.0000, 0.0000][0.0000, -27.2600, 0.0000]r:[0.0000, -1.0000, 0.0000]r:[0.0000, 0.0000, -1.0000]]
maxgenerators: 8;
1: [[-2.5600, -24.7300, 0.0000]r:[-1.0000, 0.0000, 0.0000][0.0000, -27.2900, 0.0000]r:[0.0000, -1.0000, 0.0000]r:[0.0000, 0.0000, -1.0000]]
C-ITER (154/1000)	with baseline accuracy = 100
maxgenerators: 9;
126: [[-3.6700, -9.3700, 0.0000]r:[-1.0000, 0.0000, 0.0000][0.0000, -13.0300, 0.0000]r:[0.0000, -1.0000, 0.0000]r:[0.0000, 0.0000, -1.0000]]
state 1 not converged yet.
maxgenerators: 8;
1: [[-2.5600, -24.7300, 0.0000]r:[-1.0000, 0.0000, 0.0000][0.0000, -27.2900, 0.0000]r:[0.0000, -1.0000, 0.0000]r:[0.0000, 0.0000, -1.0000]]
maxgenerators: 9;
1: [[-2.5900, -24.7300, 0.0000]r:[-1.0000, 0.0000, 0.0000][0.0000, -27.3200, 0.0000]r:[0.0000, -1.0000, 0.0000]r:[0.0000, 0.0000, -1.0000]]
C-ITER (155/1000)	with baseline accuracy = 100
maxgenerators: 9;
126: [[-3.6900, -9.3700, 0.0000]r:[-1.0000, 0.0000, 0.0000][0.0000, -13.0500, 0.0000]r:[0.0000, -1.0000, 0.0000]r:[0.0000, 0.0000, -1.0000]]
state 0 not converged yet.
maxgenerators: 9;
0: [[-3.6600, -9.3700, 0.0000]r:[-1.0000, 0.0000, 0.0000][0.0000, -13.0200, 0.0000]r:[0.0000, -1.0000, 0.0000]r:[0.0000, 0.0000, -1.0000]]
maxgenerators: 9;
0: [[-3.6800, -9.3700, 0.0000]r:[-1.0000, 0.0000, 0.0000][0.0000, -13.0400, 0.0000]r:[0.0000, -1.0000, 0.0000]r:[0.0000, 0.0000, -1.0000]]
C-ITER (156/1000)	with baseline accuracy = 100
maxgenerators: 8;
126: [[-3.7200, -9.3700, 0.0000]r:[-1.0000, 0.0000, 0.0000][0.0000, -13.0800, 0.0000]r:[0.0000, -1.0000, 0.0000]r:[0.0000, 0.0000, -1.0000]]
state 0 not converged yet.
maxgenerators: 9;
0: [[-3.6800, -9.3700, 0.0000]r:[-1.0000, 0.0000, 0.0000][0.0000, -13.0400, 0.0000]r:[0.0000, -1.0000, 0.0000]r:[0.0000, 0.0000, -1.0000]]
maxgenerators: 8;
0: [[-3.7100, -9.3700, 0.0000]r:[-1.0000, 0.0000, 0.0000][0.0000, -13.0700, 0.0000]r:[0.0000, -1.0000, 0.0000]r:[0.0000, 0.0000, -1.0000]]
C-ITER (157/1000)	with baseline accuracy = 100
maxgenerators: 9;
126: [[-3.7500, -9.3700, 0.0000]r:[-1.0000, 0.0000, 0.0000][0.0000, -13.1100, 0.0000]r:[0.0000, -1.0000, 0.0000]r:[0.0000, 0.0000, -1.0000]]
state 0 not converged yet.
maxgenerators: 8;
0: [[-3.7100, -9.3700, 0.0000]r:[-1.0000, 0.0000, 0.0000][0.0000, -13.0700, 0.0000]r:[0.0000, -1.0000, 0.0000]r:[0.0000, 0.0000, -1.0000]]
maxgenerators: 9;
0: [[-3.7400, -9.3700, 0.0000]r:[-1.0000, 0.0000, 0.0000][0.0000, -13.1000, 0.0000]r:[0.0000, -1.0000, 0.0000]r:[0.0000, 0.0000, -1.0000]]
C-ITER (158/1000)	with baseline accuracy = 100
maxgenerators: 9;
126: [[-3.7800, -9.3700, 0.0000]r:[-1.0000, 0.0000, 0.0000][0.0000, -13.1400, 0.0000]r:[0.0000, -1.0000, 0.0000]r:[0.0000, 0.0000, -1.0000]]
state 0 not converged yet.
maxgenerators: 9;
0: [[-3.7400, -9.3700, 0.0000]r:[-1.0000, 0.0000, 0.0000][0.0000, -13.1000, 0.0000]r:[0.0000, -1.0000, 0.0000]r:[0.0000, 0.0000, -1.0000]]
maxgenerators: 9;
0: [[-3.7700, -9.3700, 0.0000]r:[-1.0000, 0.0000, 0.0000][0.0000, -13.1300, 0.0000]r:[0.0000, -1.0000, 0.0000]r:[0.0000, 0.0000, -1.0000]]
C-ITER (159/1000)	with baseline accuracy = 100
maxgenerators: 9;
126: [[-3.8100, -9.3700, 0.0000]r:[-1.0000, 0.0000, 0.0000][0.0000, -13.1700, 0.0000]r:[0.0000, -1.0000, 0.0000]r:[0.0000, 0.0000, -1.0000]]
state 0 not converged yet.
maxgenerators: 9;
0: [[-3.7700, -9.3700, 0.0000]r:[-1.0000, 0.0000, 0.0000][0.0000, -13.1300, 0.0000]r:[0.0000, -1.0000, 0.0000]r:[0.0000, 0.0000, -1.0000]]
maxgenerators: 9;
0: [[-3.8000, -9.3700, 0.0000]r:[-1.0000, 0.0000, 0.0000][0.0000, -13.1600, 0.0000]r:[0.0000, -1.0000, 0.0000]r:[0.0000, 0.0000, -1.0000]]
C-ITER (160/1000)	with baseline accuracy = 100
maxgenerators: 9;
126: [[-3.8400, -9.3700, 0.0000]r:[-1.0000, 0.0000, 0.0000][0.0000, -13.2000, 0.0000]r:[0.0000, -1.0000, 0.0000]r:[0.0000, 0.0000, -1.0000]]
state 0 not converged yet.
maxgenerators: 9;
0: [[-3.8000, -9.3700, 0.0000]r:[-1.0000, 0.0000, 0.0000][0.0000, -13.1600, 0.0000]r:[0.0000, -1.0000, 0.0000]r:[0.0000, 0.0000, -1.0000]]
maxgenerators: 9;
0: [[-3.8300, -9.3700, 0.0000]r:[-1.0000, 0.0000, 0.0000][0.0000, -13.1900, 0.0000]r:[0.0000, -1.0000, 0.0000]r:[0.0000, 0.0000, -1.0000]]
C-ITER (161/1000)	with baseline accuracy = 100
