PRISM-games
===========

Version: 4.2.beta1
Date: Wed Jan 07 15:26:01 GMT 2015
Hostname: qavbench.comlab
Command line: prism ../prism-examples/power/power_comp9.smg ../prism-examples/power/power_comp9.props -prop 8 -const 'I1_health=0.6,max_gc=2,max_delay=1,u_fail_l=0.01,u_fail_r=0.02,l_buses_l=0.9,l_buses_r=0.9,l_i1_l=0.0,l_i1_r=0.0' -logcpareto -nocompatibility -multirounding -increasefactor 1.0 -baselineaccuracy 100 -multimaxciter 1000 -paretoepsilon 0.01 -exportstrat pc9_10_7.strat -gs

Parsing model file "../prism-examples/power/power_comp9.smg"...

Parsing properties file "../prism-examples/power/power_comp9.props"...

15 properties:
(1) comp("P210a", "P210b")
(2) comp("P210a_int", "P210b_int")
(3) comp("P210a_AGint", "P210b_AGint")
(4) "safe_210a": and(R{"fail_l"}<=u_fail_l [ S ])
(5) "buses_210a": and(R{"buses_l"}>=l_buses_l [ S ])
(6) "I1_210a": and(R{"i1_l"}>=l_i1_l [ S ])
(7) "P210a": and("safe_210a", "buses_210a")
(8) "P210a_int": and("safe_210a", "buses_210a", "I1_210a")
(9) "P210a_AGint": impl("I1_210b", and("safe_210a", "buses_210a"))
(10) "safe_210b": and(R{"fail_r"}<=u_fail_r [ S ])
(11) "buses_210b": and(R{"buses_r"}>=l_buses_r [ S ])
(12) "I1_210b": and(R{"i1_r"}>=l_i1_r [ S ])
(13) "P210b": and("safe_210b", "I1_210b", "buses_210b")
(14) "P210b_int": and("safe_210b", "buses_210b", "I1_210b")
(15) "P210b_AGint": impl("I1_210a", and("safe_210b", "buses_210b"))

Type:        SMG
Modules:     C1_switch C2_switch C3_switch C4_switch GEN_LEFT HVAC_LEFT GEN_COUNTER_LEFT C5_switch C6_switch C7_switch C8_switch GEN_COUNTER_RIGHT GEN_RIGHT HVAC_RIGHT 
Variables:   C1 C1_int C1_del C2 C2_int C2_del C3 C3_int C3_del C4 C4_int C4_del G224a G252a I1_left pL GC_left C5 C5_int C5_del C6 C6_int C6_del C7 C7_int C7_del C8 C8_int C8_del GC_right G224b G252b I1_right pR 

Switching to explicit engine, which supports SMGs...

---------------------------------------------------------------------

Model checking: "P210a_int": and("safe_210a", "buses_210a", "I1_210a")
Model constants: max_gc=2,I1_health=0.6,max_delay=1
Property constants: u_fail_l=0.01,l_buses_l=0.9,l_i1_l=0

Building model...
Model constants: max_gc=2,I1_health=0.6,max_delay=1

Computing reachable states... 24744 states
Reachable states exploration and model construction done in 1.994 secs.
Sorting reachable states list...

Time for model construction: 2.346 seconds.

Type:        SMG
States:      24744 (1 initial)
Transitions: 65160
Choices:     61272
Max/avg:     16/2.48
Property converted to CNF: and(R{"fail_l"}<=u_fail_l [ S ], R{"buses_l"}>=l_buses_l [ S ], R{"i1_l"}>=l_i1_l [ S ])
/////////////////   NEW (DIRECT) MODEL CHECKING TASK     /////////////////////
Property:
	and(R{"fail_l"}<=u_fail_l [ S ], R{"buses_l"}>=l_buses_l [ S ], R{"i1_l"}>=l_i1_l [ S ])

initial state: 126
operation: Strategy generation
C-ITER (1/1000)	with baseline accuracy = 100
maxgenerators: 4;
126: [r:[-1.0000, 0.0000, 0.0000][0.0000, -2.4500, 0.0000]r:[0.0000, -1.0000, 0.0000]r:[0.0000, 0.0000, -1.0000]]
state 0 not converged yet.
maxgenerators: 4;
0: [r:[-1.0000, 0.0000, 0.0000]r:[0.0000, -1.0000, 0.0000]r:[0.0000, 0.0000, -1.0000][0.0000, 0.0000, 0.0000]]
maxgenerators: 4;
0: [r:[-1.0000, 0.0000, 0.0000][0.0000, -1.8000, 0.0000]r:[0.0000, -1.0000, 0.0000]r:[0.0000, 0.0000, -1.0000]]
C-ITER (2/1000)	with baseline accuracy = 100
maxgenerators: 5;
126: [r:[-1.0000, 0.0000, 0.0000][0.0000, -4.2500, 0.0000]r:[0.0000, -1.0000, 0.0000]r:[0.0000, 0.0000, -1.0000]]
state 0 not converged yet.
maxgenerators: 4;
0: [r:[-1.0000, 0.0000, 0.0000][0.0000, -1.8000, 0.0000]r:[0.0000, -1.0000, 0.0000]r:[0.0000, 0.0000, -1.0000]]
maxgenerators: 5;
0: [r:[-1.0000, 0.0000, 0.0000][0.0000, -3.6000, 0.0000]r:[0.0000, -1.0000, 0.0000]r:[0.0000, 0.0000, -1.0000]]
C-ITER (3/1000)	with baseline accuracy = 100
maxgenerators: 5;
126: [r:[-1.0000, 0.0000, 0.0000][0.0000, -6.0500, 0.0000]r:[0.0000, -1.0000, 0.0000]r:[0.0000, 0.0000, -1.0000]]
state 0 not converged yet.
maxgenerators: 5;
0: [r:[-1.0000, 0.0000, 0.0000][0.0000, -3.6000, 0.0000]r:[0.0000, -1.0000, 0.0000]r:[0.0000, 0.0000, -1.0000]]
maxgenerators: 5;
0: [r:[-1.0000, 0.0000, 0.0000][0.0000, -5.4000, 0.0000]r:[0.0000, -1.0000, 0.0000]r:[0.0000, 0.0000, -1.0000]]
C-ITER (4/1000)	with baseline accuracy = 100
maxgenerators: 6;
126: [r:[-1.0000, 0.0000, 0.0000][0.0000, -7.5600, 0.0000]r:[0.0000, -1.0000, 0.0000]r:[0.0000, 0.0000, -1.0000]]
state 0 not converged yet.
maxgenerators: 5;
0: [r:[-1.0000, 0.0000, 0.0000][0.0000, -5.4000, 0.0000]r:[0.0000, -1.0000, 0.0000]r:[0.0000, 0.0000, -1.0000]]
maxgenerators: 6;
0: [r:[-1.0000, 0.0000, 0.0000][0.0000, -7.2000, 0.0000]r:[0.0000, -1.0000, 0.0000]r:[0.0000, 0.0000, -1.0000]]
C-ITER (5/1000)	with baseline accuracy = 100
maxgenerators: 7;
126: [r:[-1.0000, 0.0000, 0.0000][0.0000, -8.2400, 0.0000]r:[0.0000, -1.0000, 0.0000]r:[0.0000, 0.0000, -1.0000]]
state 0 not converged yet.
maxgenerators: 6;
0: [r:[-1.0000, 0.0000, 0.0000][0.0000, -7.2000, 0.0000]r:[0.0000, -1.0000, 0.0000]r:[0.0000, 0.0000, -1.0000]]
maxgenerators: 7;
0: [r:[-1.0000, 0.0000, 0.0000][0.0000, -8.1400, 0.0000]r:[0.0000, -1.0000, 0.0000]r:[0.0000, 0.0000, -1.0000]]
C-ITER (6/1000)	with baseline accuracy = 100
maxgenerators: 8;
126: [r:[-1.0000, 0.0000, 0.0000][0.0000, -8.3100, 0.0000]r:[0.0000, -1.0000, 0.0000]r:[0.0000, 0.0000, -1.0000]]
state 0 not converged yet.
maxgenerators: 7;
0: [r:[-1.0000, 0.0000, 0.0000][0.0000, -8.1400, 0.0000]r:[0.0000, -1.0000, 0.0000]r:[0.0000, 0.0000, -1.0000]]
maxgenerators: 8;
0: [r:[-1.0000, 0.0000, 0.0000][0.0000, -8.2400, 0.0000]r:[0.0000, -1.0000, 0.0000]r:[0.0000, 0.0000, -1.0000]]
C-ITER (7/1000)	with baseline accuracy = 100
maxgenerators: 9;
126: [r:[-1.0000, 0.0000, 0.0000][0.0000, -8.3900, 0.0000]r:[0.0000, -1.0000, 0.0000]r:[0.0000, 0.0000, -1.0000]]
state 0 not converged yet.
maxgenerators: 8;
0: [r:[-1.0000, 0.0000, 0.0000][0.0000, -8.2400, 0.0000]r:[0.0000, -1.0000, 0.0000]r:[0.0000, 0.0000, -1.0000]]
maxgenerators: 9;
0: [r:[-1.0000, 0.0000, 0.0000][0.0000, -8.3100, 0.0000]r:[0.0000, -1.0000, 0.0000]r:[0.0000, 0.0000, -1.0000]]
C-ITER (8/1000)	with baseline accuracy = 100
maxgenerators: 9;
126: [r:[-1.0000, 0.0000, 0.0000][0.0000, -8.4600, 0.0000]r:[0.0000, -1.0000, 0.0000]r:[0.0000, 0.0000, -1.0000]]
state 0 not converged yet.
maxgenerators: 9;
0: [r:[-1.0000, 0.0000, 0.0000][0.0000, -8.3100, 0.0000]r:[0.0000, -1.0000, 0.0000]r:[0.0000, 0.0000, -1.0000]]
maxgenerators: 9;
0: [r:[-1.0000, 0.0000, 0.0000][0.0000, -8.3900, 0.0000]r:[0.0000, -1.0000, 0.0000]r:[0.0000, 0.0000, -1.0000]]
C-ITER (9/1000)	with baseline accuracy = 100
maxgenerators: 9;
126: [r:[-1.0000, 0.0000, 0.0000][0.0000, -8.5300, 0.0000]r:[0.0000, -1.0000, 0.0000]r:[0.0000, 0.0000, -1.0000]]
state 0 not converged yet.
maxgenerators: 9;
0: [r:[-1.0000, 0.0000, 0.0000][0.0000, -8.3900, 0.0000]r:[0.0000, -1.0000, 0.0000]r:[0.0000, 0.0000, -1.0000]]
maxgenerators: 9;
0: [r:[-1.0000, 0.0000, 0.0000][0.0000, -8.4600, 0.0000]r:[0.0000, -1.0000, 0.0000]r:[0.0000, 0.0000, -1.0000]]
C-ITER (10/1000)	with baseline accuracy = 100
maxgenerators: 9;
126: [r:[-1.0000, 0.0000, 0.0000][0.0000, -8.5900, 0.0000]r:[0.0000, -1.0000, 0.0000]r:[0.0000, 0.0000, -1.0000]]
state 0 not converged yet.
maxgenerators: 9;
0: [r:[-1.0000, 0.0000, 0.0000][0.0000, -8.4600, 0.0000]r:[0.0000, -1.0000, 0.0000]r:[0.0000, 0.0000, -1.0000]]
maxgenerators: 9;
0: [r:[-1.0000, 0.0000, 0.0000][0.0000, -8.5300, 0.0000]r:[0.0000, -1.0000, 0.0000]r:[0.0000, 0.0000, -1.0000]]
C-ITER (11/1000)	with baseline accuracy = 100
maxgenerators: 9;
126: [r:[-1.0000, 0.0000, 0.0000][0.0000, -8.6200, 0.0000]r:[0.0000, -1.0000, 0.0000]r:[0.0000, 0.0000, -1.0000]]
state 0 not converged yet.
maxgenerators: 9;
0: [r:[-1.0000, 0.0000, 0.0000][0.0000, -8.5300, 0.0000]r:[0.0000, -1.0000, 0.0000]r:[0.0000, 0.0000, -1.0000]]
maxgenerators: 9;
0: [r:[-1.0000, 0.0000, 0.0000][0.0000, -8.5900, 0.0000]r:[0.0000, -1.0000, 0.0000]r:[0.0000, 0.0000, -1.0000]]
C-ITER (12/1000)	with baseline accuracy = 100
maxgenerators: 9;
126: [r:[-1.0000, 0.0000, 0.0000][0.0000, -8.6500, 0.0000]r:[0.0000, -1.0000, 0.0000]r:[0.0000, 0.0000, -1.0000]]
state 0 not converged yet.
maxgenerators: 9;
0: [r:[-1.0000, 0.0000, 0.0000][0.0000, -8.5900, 0.0000]r:[0.0000, -1.0000, 0.0000]r:[0.0000, 0.0000, -1.0000]]
maxgenerators: 9;
0: [r:[-1.0000, 0.0000, 0.0000][0.0000, -8.6200, 0.0000]r:[0.0000, -1.0000, 0.0000]r:[0.0000, 0.0000, -1.0000]]
C-ITER (13/1000)	with baseline accuracy = 100
maxgenerators: 10;
126: [r:[-1.0000, 0.0000, 0.0000][0.0000, -8.6800, 0.0000]r:[0.0000, -1.0000, 0.0000]r:[0.0000, 0.0000, -1.0000]]
state 0 not converged yet.
maxgenerators: 9;
0: [r:[-1.0000, 0.0000, 0.0000][0.0000, -8.6200, 0.0000]r:[0.0000, -1.0000, 0.0000]r:[0.0000, 0.0000, -1.0000]]
maxgenerators: 10;
0: [r:[-1.0000, 0.0000, 0.0000][0.0000, -8.6500, 0.0000]r:[0.0000, -1.0000, 0.0000]r:[0.0000, 0.0000, -1.0000]]
C-ITER (14/1000)	with baseline accuracy = 100
maxgenerators: 10;
126: [r:[-1.0000, 0.0000, 0.0000][0.0000, -8.7100, 0.0000]r:[0.0000, -1.0000, 0.0000]r:[0.0000, 0.0000, -1.0000]]
state 0 not converged yet.
maxgenerators: 10;
0: [r:[-1.0000, 0.0000, 0.0000][0.0000, -8.6500, 0.0000]r:[0.0000, -1.0000, 0.0000]r:[0.0000, 0.0000, -1.0000]]
maxgenerators: 10;
0: [r:[-1.0000, 0.0000, 0.0000][0.0000, -8.6800, 0.0000]r:[0.0000, -1.0000, 0.0000]r:[0.0000, 0.0000, -1.0000]]
C-ITER (15/1000)	with baseline accuracy = 100
maxgenerators: 10;
126: [r:[-1.0000, 0.0000, 0.0000][0.0000, -8.7300, 0.0000]r:[0.0000, -1.0000, 0.0000]r:[0.0000, 0.0000, -1.0000]]
state 0 not converged yet.
maxgenerators: 10;
0: [r:[-1.0000, 0.0000, 0.0000][0.0000, -8.6800, 0.0000]r:[0.0000, -1.0000, 0.0000]r:[0.0000, 0.0000, -1.0000]]
maxgenerators: 10;
0: [r:[-1.0000, 0.0000, 0.0000][0.0000, -8.7100, 0.0000]r:[0.0000, -1.0000, 0.0000]r:[0.0000, 0.0000, -1.0000]]
C-ITER (16/1000)	with baseline accuracy = 100
maxgenerators: 10;
126: [r:[-1.0000, 0.0000, 0.0000][0.0000, -8.7500, 0.0000]r:[0.0000, -1.0000, 0.0000]r:[0.0000, 0.0000, -1.0000]]
state 0 not converged yet.
maxgenerators: 10;
0: [r:[-1.0000, 0.0000, 0.0000][0.0000, -8.7100, 0.0000]r:[0.0000, -1.0000, 0.0000]r:[0.0000, 0.0000, -1.0000]]
maxgenerators: 10;
0: [r:[-1.0000, 0.0000, 0.0000][0.0000, -8.7300, 0.0000]r:[0.0000, -1.0000, 0.0000]r:[0.0000, 0.0000, -1.0000]]
C-ITER (17/1000)	with baseline accuracy = 100
maxgenerators: 10;
126: [r:[-1.0000, 0.0000, 0.0000][0.0000, -8.7800, 0.0000]r:[0.0000, -1.0000, 0.0000]r:[0.0000, 0.0000, -1.0000]]
state 0 not converged yet.
maxgenerators: 10;
0: [r:[-1.0000, 0.0000, 0.0000][0.0000, -8.7300, 0.0000]r:[0.0000, -1.0000, 0.0000]r:[0.0000, 0.0000, -1.0000]]
maxgenerators: 10;
0: [r:[-1.0000, 0.0000, 0.0000][0.0000, -8.7500, 0.0000]r:[0.0000, -1.0000, 0.0000]r:[0.0000, 0.0000, -1.0000]]
C-ITER (18/1000)	with baseline accuracy = 100
maxgenerators: 10;
126: [r:[-1.0000, 0.0000, 0.0000][0.0000, -8.8000, 0.0000]r:[0.0000, -1.0000, 0.0000]r:[0.0000, 0.0000, -1.0000]]
state 0 not converged yet.
maxgenerators: 10;
0: [r:[-1.0000, 0.0000, 0.0000][0.0000, -8.7500, 0.0000]r:[0.0000, -1.0000, 0.0000]r:[0.0000, 0.0000, -1.0000]]
maxgenerators: 10;
0: [r:[-1.0000, 0.0000, 0.0000][0.0000, -8.7800, 0.0000]r:[0.0000, -1.0000, 0.0000]r:[0.0000, 0.0000, -1.0000]]
C-ITER (19/1000)	with baseline accuracy = 100
maxgenerators: 9;
126: [r:[-1.0000, 0.0000, 0.0000][0.0000, -8.8300, 0.0000]r:[0.0000, -1.0000, 0.0000]r:[0.0000, 0.0000, -1.0000]]
state 0 not converged yet.
maxgenerators: 10;
0: [r:[-1.0000, 0.0000, 0.0000][0.0000, -8.7800, 0.0000]r:[0.0000, -1.0000, 0.0000]r:[0.0000, 0.0000, -1.0000]]
maxgenerators: 9;
0: [r:[-1.0000, 0.0000, 0.0000][0.0000, -8.8000, 0.0000]r:[0.0000, -1.0000, 0.0000]r:[0.0000, 0.0000, -1.0000]]
C-ITER (20/1000)	with baseline accuracy = 100
maxgenerators: 10;
126: [r:[-1.0000, 0.0000, 0.0000][0.0000, -8.8500, 0.0000]r:[0.0000, -1.0000, 0.0000]r:[0.0000, 0.0000, -1.0000]]
state 0 not converged yet.
maxgenerators: 9;
0: [r:[-1.0000, 0.0000, 0.0000][0.0000, -8.8000, 0.0000]r:[0.0000, -1.0000, 0.0000]r:[0.0000, 0.0000, -1.0000]]
maxgenerators: 10;
0: [r:[-1.0000, 0.0000, 0.0000][0.0000, -8.8300, 0.0000]r:[0.0000, -1.0000, 0.0000]r:[0.0000, 0.0000, -1.0000]]
C-ITER (21/1000)	with baseline accuracy = 100
maxgenerators: 10;
126: [r:[-1.0000, 0.0000, 0.0000][0.0000, -8.8600, 0.0000]r:[0.0000, -1.0000, 0.0000]r:[0.0000, 0.0000, -1.0000]]
state 0 not converged yet.
maxgenerators: 10;
0: [r:[-1.0000, 0.0000, 0.0000][0.0000, -8.8300, 0.0000]r:[0.0000, -1.0000, 0.0000]r:[0.0000, 0.0000, -1.0000]]
maxgenerators: 10;
0: [r:[-1.0000, 0.0000, 0.0000][0.0000, -8.8500, 0.0000]r:[0.0000, -1.0000, 0.0000]r:[0.0000, 0.0000, -1.0000]]
C-ITER (22/1000)	with baseline accuracy = 100
maxgenerators: 9;
126: [r:[-1.0000, 0.0000, 0.0000][0.0000, -8.8600, 0.0000]r:[0.0000, -1.0000, 0.0000]r:[0.0000, 0.0000, -1.0000]]
state 2 not converged yet.
maxgenerators: 10;
2: [r:[-1.0000, 0.0000, 0.0000][0.0000, -19.2300, 0.0000]r:[0.0000, -1.0000, 0.0000]r:[0.0000, 0.0000, -1.0000]]
maxgenerators: 9;
2: [r:[-1.0000, 0.0000, 0.0000][0.0000, -19.2600, 0.0000]r:[0.0000, -1.0000, 0.0000]r:[0.0000, 0.0000, -1.0000]]
C-ITER (23/1000)	with baseline accuracy = 100
maxgenerators: 8;
126: [r:[-1.0000, 0.0000, 0.0000][0.0000, -8.8600, 0.0000]r:[0.0000, -1.0000, 0.0000]r:[0.0000, 0.0000, -1.0000]]
state 2 not converged yet.
maxgenerators: 9;
2: [r:[-1.0000, 0.0000, 0.0000][0.0000, -19.2600, 0.0000]r:[0.0000, -1.0000, 0.0000]r:[0.0000, 0.0000, -1.0000]]
maxgenerators: 8;
2: [r:[-1.0000, 0.0000, 0.0000][0.0000, -19.2800, 0.0000]r:[0.0000, -1.0000, 0.0000]r:[0.0000, 0.0000, -1.0000]]
C-ITER (24/1000)	with baseline accuracy = 100
maxgenerators: 8;
126: [r:[-1.0000, 0.0000, 0.0000][0.0000, -8.8600, 0.0000]r:[0.0000, -1.0000, 0.0000]r:[0.0000, 0.0000, -1.0000]]
state 1 not converged yet.
maxgenerators: 8;
1: [r:[-1.0000, 0.0000, 0.0000][0.0000, -23.3200, 0.0000]r:[0.0000, -1.0000, 0.0000]r:[0.0000, 0.0000, -1.0000]]
maxgenerators: 8;
1: [r:[-1.0000, 0.0000, 0.0000][0.0000, -23.3400, 0.0000]r:[0.0000, -1.0000, 0.0000]r:[0.0000, 0.0000, -1.0000]]
C-ITER (25/1000)	with baseline accuracy = 100
maxgenerators: 7;
126: [r:[-1.0000, 0.0000, 0.0000][0.0000, -8.8600, 0.0000]r:[0.0000, -1.0000, 0.0000]r:[0.0000, 0.0000, -1.0000]]
state 2 not converged yet.
maxgenerators: 8;
2: [r:[-1.0000, 0.0000, 0.0000][0.0000, -19.3100, 0.0000]r:[0.0000, -1.0000, 0.0000]r:[0.0000, 0.0000, -1.0000]]
maxgenerators: 7;
2: [r:[-1.0000, 0.0000, 0.0000][0.0000, -19.3400, 0.0000]r:[0.0000, -1.0000, 0.0000]r:[0.0000, 0.0000, -1.0000]]
C-ITER (26/1000)	with baseline accuracy = 100
maxgenerators: 7;
126: [r:[-1.0000, 0.0000, 0.0000][0.0000, -8.8600, 0.0000]r:[0.0000, -1.0000, 0.0000]r:[0.0000, 0.0000, -1.0000]]
state 2 not converged yet.
maxgenerators: 7;
2: [r:[-1.0000, 0.0000, 0.0000][0.0000, -19.3400, 0.0000]r:[0.0000, -1.0000, 0.0000]r:[0.0000, 0.0000, -1.0000]]
maxgenerators: 7;
2: [r:[-1.0000, 0.0000, 0.0000][0.0000, -19.3700, 0.0000]r:[0.0000, -1.0000, 0.0000]r:[0.0000, 0.0000, -1.0000]]
C-ITER (27/1000)	with baseline accuracy = 100
maxgenerators: 7;
126: [r:[-1.0000, 0.0000, 0.0000][0.0000, -8.8600, 0.0000]r:[0.0000, -1.0000, 0.0000]r:[0.0000, 0.0000, -1.0000]]
state 10 not converged yet.
maxgenerators: 7;
10: [r:[-1.0000, 0.0000, 0.0000][0.0000, -21.5300, 0.0000]r:[0.0000, -1.0000, 0.0000]r:[0.0000, 0.0000, -1.0000]]
maxgenerators: 7;
10: [r:[-1.0000, 0.0000, 0.0000][0.0000, -21.5500, 0.0000]r:[0.0000, -1.0000, 0.0000]r:[0.0000, 0.0000, -1.0000]]
C-ITER (28/1000)	with baseline accuracy = 100
maxgenerators: 7;
126: [r:[-1.0000, 0.0000, 0.0000][0.0000, -8.8600, 0.0000]r:[0.0000, -1.0000, 0.0000]r:[0.0000, 0.0000, -1.0000]]
state 7 not converged yet.
maxgenerators: 7;
7: [r:[-1.0000, 0.0000, 0.0000][0.0000, -23.3300, 0.0000]r:[0.0000, -1.0000, 0.0000]r:[0.0000, 0.0000, -1.0000]]
maxgenerators: 7;
7: [r:[-1.0000, 0.0000, 0.0000][0.0000, -23.3500, 0.0000]r:[0.0000, -1.0000, 0.0000]r:[0.0000, 0.0000, -1.0000]]
C-ITER (29/1000)	with baseline accuracy = 100
maxgenerators: 7;
126: [r:[-1.0000, 0.0000, 0.0000][0.0000, -8.8600, 0.0000]r:[0.0000, -1.0000, 0.0000]r:[0.0000, 0.0000, -1.0000]]
state 4 not converged yet.
maxgenerators: 7;
4: [r:[-1.0000, 0.0000, 0.0000][0.0000, -25.1300, 0.0000]r:[0.0000, -1.0000, 0.0000]r:[0.0000, 0.0000, -1.0000]]
maxgenerators: 7;
4: [r:[-1.0000, 0.0000, 0.0000][0.0000, -25.1500, 0.0000]r:[0.0000, -1.0000, 0.0000]r:[0.0000, 0.0000, -1.0000]]
C-ITER (30/1000)	with baseline accuracy = 100
maxgenerators: 7;
126: [r:[-1.0000, 0.0000, 0.0000][0.0000, -8.8600, 0.0000]r:[0.0000, -1.0000, 0.0000]r:[0.0000, 0.0000, -1.0000]]
state 1897 not converged yet.
maxgenerators: 7;
1897: [[-10.2500, -21.5800, 0.0000][-7.0900, -21.5900, 0.0000]r:[-1.0000, 0.0000, 0.0000][0.0000, -28.7100, 0.0000]r:[0.0000, -1.0000, 0.0000]r:[0.0000, 0.0000, -1.0000]]
maxgenerators: 7;
1897: [[-7.0900, -21.6000, 0.0000]r:[-1.0000, 0.0000, 0.0000][0.0000, -28.7200, 0.0000]r:[0.0000, -1.0000, 0.0000]r:[0.0000, 0.0000, -1.0000]]
C-ITER (31/1000)	with baseline accuracy = 100
maxgenerators: 7;
126: [r:[-1.0000, 0.0000, 0.0000][0.0000, -8.8600, 0.0000]r:[0.0000, -1.0000, 0.0000]r:[0.0000, 0.0000, -1.0000]]
state 3364 not converged yet.
maxgenerators: 7;
3364: [[-16.4700, -25.1600, 0.0000]r:[-1.0000, 0.0000, 0.0000][0.0000, -25.1700, 0.0000]r:[0.0000, -1.0000, 0.0000]r:[0.0000, 0.0000, -1.0000]]
maxgenerators: 7;
3364: [[-16.5400, -25.1700, 0.0000]r:[-1.0000, 0.0000, 0.0000][0.0000, -25.1800, 0.0000]r:[0.0000, -1.0000, 0.0000]r:[0.0000, 0.0000, -1.0000]]
C-ITER (32/1000)	with baseline accuracy = 100
maxgenerators: 8;
126: [r:[-1.0000, 0.0000, 0.0000][0.0000, -8.8600, 0.0000]r:[0.0000, -1.0000, 0.0000]r:[0.0000, 0.0000, -1.0000]]
state 4876 not converged yet.
maxgenerators: 7;
4876: [[-10.2100, -25.1800, 0.0000]r:[-1.0000, 0.0000, 0.0000][0.0000, -25.1900, 0.0000]r:[0.0000, -1.0000, 0.0000]r:[0.0000, 0.0000, -1.0000]]
maxgenerators: 8;
4876: [r:[-1.0000, 0.0000, 0.0000][0.0000, -25.2000, 0.0000]r:[0.0000, -1.0000, 0.0000]r:[0.0000, 0.0000, -1.0000]]
C-ITER (33/1000)	with baseline accuracy = 100
maxgenerators: 8;
126: [r:[-1.0000, 0.0000, 0.0000][0.0000, -8.8600, 0.0000]r:[0.0000, -1.0000, 0.0000]r:[0.0000, 0.0000, -1.0000]]
state 7128 not converged yet.
maxgenerators: 8;
7128: [[-4.1700, -13.9800, 0.0000][-0.2700, -17.5000, 0.0000]r:[-1.0000, 0.0000, 0.0000][0.0000, -17.7700, 0.0000]r:[0.0000, -1.0000, 0.0000]r:[0.0000, 0.0000, -1.0000]]
maxgenerators: 8;
7128: [[-4.1900, -13.9800, 0.0000][-2.6600, -15.3600, 0.0000][-0.2800, -17.5200, 0.0000]r:[-1.0000, 0.0000, 0.0000][0.0000, -17.8000, 0.0000]r:[0.0000, -1.0000, 0.0000]r:[0.0000, 0.0000, -1.0000]]
C-ITER (34/1000)	with baseline accuracy = 100
maxgenerators: 8;
126: [r:[-1.0000, 0.0000, 0.0000][0.0000, -8.8600, 0.0000]r:[0.0000, -1.0000, 0.0000]r:[0.0000, 0.0000, -1.0000]]
state 7128 not converged yet.
maxgenerators: 8;
7128: [[-4.1900, -13.9800, 0.0000][-2.6600, -15.3600, 0.0000][-0.2800, -17.5200, 0.0000]r:[-1.0000, 0.0000, 0.0000][0.0000, -17.8000, 0.0000]r:[0.0000, -1.0000, 0.0000]r:[0.0000, 0.0000, -1.0000]]
maxgenerators: 8;
7128: [[-4.2100, -13.9800, 0.0000][-1.9200, -16.0500, 0.0000][-0.4000, -17.4300, 0.0000][-0.2900, -17.5300, 0.0000]r:[-1.0000, 0.0000, 0.0000][0.0000, -17.8200, 0.0000]r:[0.0000, -1.0000, 0.0000]r:[0.0000, 0.0000, -1.0000]]
C-ITER (35/1000)	with baseline accuracy = 100
maxgenerators: 8;
126: [r:[-1.0000, 0.0000, 0.0000][0.0000, -8.8600, 0.0000]r:[0.0000, -1.0000, 0.0000]r:[0.0000, 0.0000, -1.0000]]
state 7148 not converged yet.
maxgenerators: 8;
7148: [[-1.6500, -2.8800, 0.0000][-1.8500, -2.7000, 0.0000][-0.1100, -4.2800, 0.0000]r:[-1.0000, 0.0000, 0.0000][0.0000, -4.3900, 0.0000]r:[0.0000, -1.0000, 0.0000]r:[0.0000, 0.0000, -1.0000]]
maxgenerators: 8;
7148: [[-1.8700, -2.7000, 0.0000][-0.1700, -4.2400, 0.0000]r:[-1.0000, 0.0000, 0.0000][0.0000, -4.4100, 0.0000]r:[0.0000, -1.0000, 0.0000]r:[0.0000, 0.0000, -1.0000]]
C-ITER (36/1000)	with baseline accuracy = 100
maxgenerators: 8;
126: [r:[-1.0000, 0.0000, 0.0000][0.0000, -8.8600, 0.0000]r:[0.0000, -1.0000, 0.0000]r:[0.0000, 0.0000, -1.0000]]
state 7148 not converged yet.
maxgenerators: 8;
7148: [[-1.8700, -2.7000, 0.0000][-0.1700, -4.2400, 0.0000]r:[-1.0000, 0.0000, 0.0000][0.0000, -4.4100, 0.0000]r:[0.0000, -1.0000, 0.0000]r:[0.0000, 0.0000, -1.0000]]
maxgenerators: 8;
7148: [[-1.8900, -2.7000, 0.0000][-0.2100, -4.2300, 0.0000]r:[-1.0000, 0.0000, 0.0000][0.0000, -4.4400, 0.0000]r:[0.0000, -1.0000, 0.0000]r:[0.0000, 0.0000, -1.0000]]
C-ITER (37/1000)	with baseline accuracy = 100
maxgenerators: 8;
126: [r:[-1.0000, 0.0000, 0.0000][0.0000, -8.8600, 0.0000]r:[0.0000, -1.0000, 0.0000]r:[0.0000, 0.0000, -1.0000]]
state 7151 not converged yet.
maxgenerators: 8;
7151: [[-1.3700, -3.1800, 0.0000][-1.9000, -2.7000, 0.0000][-0.1700, -4.2800, 0.0000]r:[-1.0000, 0.0000, 0.0000][0.0000, -4.4500, 0.0000]r:[0.0000, -1.0000, 0.0000]r:[0.0000, 0.0000, -1.0000]]
maxgenerators: 8;
7151: [[-1.9300, -2.7000, 0.0000][-0.1500, -4.3200, 0.0000]r:[-1.0000, 0.0000, 0.0000][0.0000, -4.4700, 0.0000]r:[0.0000, -1.0000, 0.0000]r:[0.0000, 0.0000, -1.0000]]
C-ITER (38/1000)	with baseline accuracy = 100
maxgenerators: 8;
126: [r:[-1.0000, 0.0000, 0.0000][0.0000, -8.8600, 0.0000]r:[0.0000, -1.0000, 0.0000]r:[0.0000, 0.0000, -1.0000]]
state 7147 not converged yet.
maxgenerators: 8;
7147: [[-0.3500, -2.7000, 0.0000]r:[-1.0000, 0.0000, 0.0000][0.0000, -3.0111, 0.0000]r:[0.0000, -1.0000, 0.0000]r:[0.0000, 0.0000, -1.0000]]
maxgenerators: 8;
7147: [[-0.3800, -2.7000, 0.0000]r:[-1.0000, 0.0000, 0.0000][0.0000, -3.0508, 0.0000]r:[0.0000, -1.0000, 0.0000]r:[0.0000, 0.0000, -1.0000]]
C-ITER (39/1000)	with baseline accuracy = 100
maxgenerators: 8;
126: [r:[-1.0000, 0.0000, 0.0000][0.0000, -8.8600, 0.0000]r:[0.0000, -1.0000, 0.0000]r:[0.0000, 0.0000, -1.0000]]
state 7147 not converged yet.
maxgenerators: 8;
7147: [[-0.3800, -2.7000, 0.0000]r:[-1.0000, 0.0000, 0.0000][0.0000, -3.0508, 0.0000]r:[0.0000, -1.0000, 0.0000]r:[0.0000, 0.0000, -1.0000]]
maxgenerators: 8;
7147: [[-0.4100, -2.7000, 0.0000]r:[-1.0000, 0.0000, 0.0000][0.0000, -3.0807, 0.0000]r:[0.0000, -1.0000, 0.0000]r:[0.0000, 0.0000, -1.0000]]
C-ITER (40/1000)	with baseline accuracy = 100
maxgenerators: 8;
126: [r:[-1.0000, 0.0000, 0.0000][0.0000, -8.8600, 0.0000]r:[0.0000, -1.0000, 0.0000]r:[0.0000, 0.0000, -1.0000]]
state 7147 not converged yet.
maxgenerators: 8;
7147: [[-0.4100, -2.7000, 0.0000]r:[-1.0000, 0.0000, 0.0000][0.0000, -3.0807, 0.0000]r:[0.0000, -1.0000, 0.0000]r:[0.0000, 0.0000, -1.0000]]
maxgenerators: 8;
7147: [[-0.4300, -2.7000, 0.0000]r:[-1.0000, 0.0000, 0.0000][0.0000, -3.1007, 0.0000]r:[0.0000, -1.0000, 0.0000]r:[0.0000, 0.0000, -1.0000]]
C-ITER (41/1000)	with baseline accuracy = 100
maxgenerators: 8;
126: [r:[-1.0000, 0.0000, 0.0000][0.0000, -8.8600, 0.0000]r:[0.0000, -1.0000, 0.0000]r:[0.0000, 0.0000, -1.0000]]
state 7150 not converged yet.
maxgenerators: 8;
7150: [[-0.4400, -2.7000, 0.0000][-0.0700, -3.0400, 0.0000]r:[-1.0000, 0.0000, 0.0000][0.0000, -3.1100, 0.0000]r:[0.0000, -1.0000, 0.0000]r:[0.0000, 0.0000, -1.0000]]
maxgenerators: 8;
7150: [[-0.4600, -2.7000, 0.0000][-0.0700, -3.0600, 0.0000]r:[-1.0000, 0.0000, 0.0000][0.0000, -3.1300, 0.0000]r:[0.0000, -1.0000, 0.0000]r:[0.0000, 0.0000, -1.0000]]
C-ITER (42/1000)	with baseline accuracy = 100
maxgenerators: 8;
126: [r:[-1.0000, 0.0000, 0.0000][0.0000, -8.8600, 0.0000]r:[0.0000, -1.0000, 0.0000]r:[0.0000, 0.0000, -1.0000]]
state 7147 not converged yet.
maxgenerators: 8;
7147: [[-0.0900, -3.0300, 0.0000][-0.4500, -2.7000, 0.0000]r:[-1.0000, 0.0000, 0.0000][0.0000, -3.1200, 0.0000]r:[0.0000, -1.0000, 0.0000]r:[0.0000, 0.0000, -1.0000]]
maxgenerators: 8;
7147: [[-0.4700, -2.7000, 0.0000]r:[-1.0000, 0.0000, 0.0000][0.0000, -3.1406, 0.0000]r:[0.0000, -1.0000, 0.0000]r:[0.0000, 0.0000, -1.0000]]
C-ITER (43/1000)	with baseline accuracy = 100
maxgenerators: 7;
126: [r:[-1.0000, 0.0000, 0.0000][0.0000, -8.8600, 0.0000]r:[0.0000, -1.0000, 0.0000]r:[0.0000, 0.0000, -1.0000]]
state 7131 not converged yet.
maxgenerators: 8;
7131: [[-4.2300, -13.9800, 0.0000][-2.7000, -15.3600, 0.0000][-0.2900, -17.5400, 0.0000]r:[-1.0000, 0.0000, 0.0000][0.0000, -17.8300, 0.0000]r:[0.0000, -1.0000, 0.0000]r:[0.0000, 0.0000, -1.0000]]
maxgenerators: 7;
7131: [[-4.2600, -13.9800, 0.0000][-0.4400, -17.4300, 0.0000][-0.3000, -17.5600, 0.0000]r:[-1.0000, 0.0000, 0.0000][0.0000, -17.8600, 0.0000]r:[0.0000, -1.0000, 0.0000]r:[0.0000, 0.0000, -1.0000]]
C-ITER (44/1000)	with baseline accuracy = 100
maxgenerators: 7;
126: [r:[-1.0000, 0.0000, 0.0000][0.0000, -8.8600, 0.0000]r:[0.0000, -1.0000, 0.0000]r:[0.0000, 0.0000, -1.0000]]
state 7128 not converged yet.
maxgenerators: 7;
7128: [[-2.7100, -15.3600, 0.0000][-4.2400, -13.9800, 0.0000][-0.3000, -17.5400, 0.0000]r:[-1.0000, 0.0000, 0.0000][0.0000, -17.8400, 0.0000]r:[0.0000, -1.0000, 0.0000]r:[0.0000, 0.0000, -1.0000]]
maxgenerators: 7;
7128: [[-4.2700, -13.9800, 0.0000][-0.4500, -17.4300, 0.0000][-0.3100, -17.5600, 0.0000]r:[-1.0000, 0.0000, 0.0000][0.0000, -17.8700, 0.0000]r:[0.0000, -1.0000, 0.0000]r:[0.0000, 0.0000, -1.0000]]
C-ITER (45/1000)	with baseline accuracy = 100
maxgenerators: 7;
126: [r:[-1.0000, 0.0000, 0.0000][0.0000, -8.8600, 0.0000]r:[0.0000, -1.0000, 0.0000]r:[0.0000, 0.0000, -1.0000]]
state 7150 not converged yet.
maxgenerators: 7;
7150: [[-0.5300, -2.7000, 0.0000][-0.1600, -3.0300, 0.0000][-0.0500, -3.1300, 0.0000]r:[-1.0000, 0.0000, 0.0000][0.0000, -3.1800, 0.0000]r:[0.0000, -1.0000, 0.0000]r:[0.0000, 0.0000, -1.0000]]
maxgenerators: 7;
7150: [[-0.5300, -2.7000, 0.0000]r:[-1.0000, 0.0000, 0.0000][0.0000, -3.2006, 0.0000]r:[0.0000, -1.0000, 0.0000]r:[0.0000, 0.0000, -1.0000]]
C-ITER (46/1000)	with baseline accuracy = 100
maxgenerators: 7;
126: [r:[-1.0000, 0.0000, 0.0000][0.0000, -8.8600, 0.0000]r:[0.0000, -1.0000, 0.0000]r:[0.0000, 0.0000, -1.0000]]
state 22986 not converged yet.
maxgenerators: 7;
22986: [[-4.0500, -10.6600, 0.0000][-0.2400, -14.1100, 0.0000]r:[-1.0000, 0.0000, 0.0000][0.0000, -14.3500, 0.0000]r:[0.0000, -1.0000, 0.0000]r:[0.0000, 0.0000, -1.0000]]
maxgenerators: 7;
22986: [[-4.0700, -10.6600, 0.0000]r:[-1.0000, 0.0000, 0.0000][0.0000, -14.3509, 0.0000]r:[0.0000, -1.0000, 0.0000]r:[0.0000, 0.0000, -1.0000]]
C-ITER (47/1000)	with baseline accuracy = 100
maxgenerators: 8;
126: [r:[-1.0000, 0.0000, 0.0000][0.0000, -8.8600, 0.0000]r:[0.0000, -1.0000, 0.0000]r:[0.0000, 0.0000, -1.0000]]
state 7152 not converged yet.
maxgenerators: 7;
7152: [[-4.3000, -13.9800, 0.0000][-0.3400, -17.5600, 0.0000]r:[-1.0000, 0.0000, 0.0000][0.0000, -17.9000, 0.0000]r:[0.0000, -1.0000, 0.0000]r:[0.0000, 0.0000, -1.0000]]
maxgenerators: 8;
7152: [[-4.3200, -13.9800, 0.0000][-1.8600, -16.2000, 0.0000][-0.2300, -17.6800, 0.0000]r:[-1.0000, 0.0000, 0.0000][0.0000, -17.9100, 0.0000]r:[0.0000, -1.0000, 0.0000]r:[0.0000, 0.0000, -1.0000]]
C-ITER (48/1000)	with baseline accuracy = 100
maxgenerators: 8;
126: [r:[-1.0000, 0.0000, 0.0000][0.0000, -8.8600, 0.0000]r:[0.0000, -1.0000, 0.0000]r:[0.0000, 0.0000, -1.0000]]
state 7128 not converged yet.
maxgenerators: 8;
7128: [[-4.3000, -13.9800, 0.0000][-0.3400, -17.5600, 0.0000]r:[-1.0000, 0.0000, 0.0000][0.0000, -17.9000, 0.0000]r:[0.0000, -1.0000, 0.0000]r:[0.0000, 0.0000, -1.0000]]
maxgenerators: 8;
7128: [[-4.3200, -13.9800, 0.0000][-1.8600, -16.2000, 0.0000][-0.2300, -17.6800, 0.0000]r:[-1.0000, 0.0000, 0.0000][0.0000, -17.9100, 0.0000]r:[0.0000, -1.0000, 0.0000]r:[0.0000, 0.0000, -1.0000]]
C-ITER (49/1000)	with baseline accuracy = 100
maxgenerators: 9;
126: [r:[-1.0000, 0.0000, 0.0000][0.0000, -8.8600, 0.0000]r:[0.0000, -1.0000, 0.0000]r:[0.0000, 0.0000, -1.0000]]
state 7128 not converged yet.
maxgenerators: 8;
7128: [[-4.3200, -13.9800, 0.0000][-1.8600, -16.2000, 0.0000][-0.2300, -17.6800, 0.0000]r:[-1.0000, 0.0000, 0.0000][0.0000, -17.9100, 0.0000]r:[0.0000, -1.0000, 0.0000]r:[0.0000, 0.0000, -1.0000]]
maxgenerators: 9;
7128: [[-4.3400, -13.9800, 0.0000][-2.0400, -16.0500, 0.0000][-0.4100, -17.5300, 0.0000][-0.2300, -17.7000, 0.0000]r:[-1.0000, 0.0000, 0.0000][0.0000, -17.9300, 0.0000]r:[0.0000, -1.0000, 0.0000]r:[0.0000, 0.0000, -1.0000]]
C-ITER (50/1000)	with baseline accuracy = 100
maxgenerators: 9;
126: [r:[-1.0000, 0.0000, 0.0000][0.0000, -8.8600, 0.0000]r:[0.0000, -1.0000, 0.0000]r:[0.0000, 0.0000, -1.0000]]
state 7152 not converged yet.
maxgenerators: 9;
7152: [[-4.3400, -13.9800, 0.0000][-2.0400, -16.0500, 0.0000][-0.2300, -17.7000, 0.0000]r:[-1.0000, 0.0000, 0.0000][0.0000, -17.9300, 0.0000]r:[0.0000, -1.0000, 0.0000]r:[0.0000, 0.0000, -1.0000]]
maxgenerators: 9;
7152: [[-4.3500, -13.9800, 0.0000][-0.5400, -17.4300, 0.0000][-0.2300, -17.7200, 0.0000][-0.4200, -17.5400, 0.0000]r:[-1.0000, 0.0000, 0.0000][0.0000, -17.9500, 0.0000]r:[0.0000, -1.0000, 0.0000]r:[0.0000, 0.0000, -1.0000]]
C-ITER (51/1000)	with baseline accuracy = 100
maxgenerators: 9;
126: [r:[-1.0000, 0.0000, 0.0000][0.0000, -8.8600, 0.0000]r:[0.0000, -1.0000, 0.0000]r:[0.0000, 0.0000, -1.0000]]
state 7128 not converged yet.
maxgenerators: 9;
7128: [[-4.3400, -13.9800, 0.0000][-1.8600, -16.2100, 0.0000][-4.2000, -14.1000, 0.0000][-0.2300, -17.7000, 0.0000]r:[-1.0000, 0.0000, 0.0000][0.0000, -17.9300, 0.0000]r:[0.0000, -1.0000, 0.0000]r:[0.0000, 0.0000, -1.0000]]
maxgenerators: 9;
7128: [[-4.3500, -13.9800, 0.0000][-0.5400, -17.4300, 0.0000][-0.2300, -17.7200, 0.0000][-0.4200, -17.5400, 0.0000]r:[-1.0000, 0.0000, 0.0000][0.0000, -17.9500, 0.0000]r:[0.0000, -1.0000, 0.0000]r:[0.0000, 0.0000, -1.0000]]
C-ITER (52/1000)	with baseline accuracy = 100
maxgenerators: 9;
126: [r:[-1.0000, 0.0000, 0.0000][0.0000, -8.8600, 0.0000]r:[0.0000, -1.0000, 0.0000]r:[0.0000, 0.0000, -1.0000]]
state 7174 not converged yet.
maxgenerators: 9;
7174: [[-12.0500, -3.1400, 0.0000][-11.9600, -3.2300, 0.0000][-12.5400, -2.7000, 0.0000]r:[-1.0000, 0.0000, 0.0000]r:[0.0000, -1.0000, 0.0000]r:[0.0000, 0.0000, -1.0000]]
maxgenerators: 9;
7174: [[-12.5600, -2.7000, 0.0000][-12.0600, -3.1600, 0.0000][-11.9600, -3.2600, 0.0000]r:[-1.0000, 0.0000, 0.0000]r:[0.0000, -1.0000, 0.0000]r:[0.0000, 0.0000, -1.0000]]
C-ITER (53/1000)	with baseline accuracy = 100
maxgenerators: 9;
126: [r:[-1.0000, 0.0000, 0.0000][0.0000, -8.8600, 0.0000]r:[0.0000, -1.0000, 0.0000]r:[0.0000, 0.0000, -1.0000]]
state 7150 not converged yet.
maxgenerators: 9;
7150: [[-0.5400, -2.7000, 0.0000][-0.0500, -3.1400, 0.0000]r:[-1.0000, 0.0000, 0.0000][0.0000, -3.1900, 0.0000]r:[0.0000, -1.0000, 0.0000]r:[0.0000, 0.0000, -1.0000]]
maxgenerators: 9;
7150: [[-0.5600, -2.7000, 0.0000][-0.0600, -3.1600, 0.0000]r:[-1.0000, 0.0000, 0.0000][0.0000, -3.2200, 0.0000]r:[0.0000, -1.0000, 0.0000]r:[0.0000, 0.0000, -1.0000]]
C-ITER (54/1000)	with baseline accuracy = 100
maxgenerators: 9;
126: [r:[-1.0000, 0.0000, 0.0000][0.0000, -8.8600, 0.0000]r:[0.0000, -1.0000, 0.0000]r:[0.0000, 0.0000, -1.0000]]
state 7147 not converged yet.
maxgenerators: 9;
7147: [[-0.5400, -2.7000, 0.0000][-0.0600, -3.1400, 0.0000]r:[-1.0000, 0.0000, 0.0000][0.0000, -3.2000, 0.0000]r:[0.0000, -1.0000, 0.0000]r:[0.0000, 0.0000, -1.0000]]
maxgenerators: 9;
7147: [[-0.5700, -2.7000, 0.0000][-0.1200, -3.1100, 0.0000]r:[-1.0000, 0.0000, 0.0000][0.0000, -3.2300, 0.0000]r:[0.0000, -1.0000, 0.0000]r:[0.0000, 0.0000, -1.0000]]
C-ITER (55/1000)	with baseline accuracy = 100
maxgenerators: 9;
126: [r:[-1.0000, 0.0000, 0.0000][0.0000, -8.8600, 0.0000]r:[0.0000, -1.0000, 0.0000]r:[0.0000, 0.0000, -1.0000]]
state 7171 not converged yet.
maxgenerators: 9;
7171: [[-0.5800, -2.7000, 0.0000][-0.0700, -3.1600, 0.0000]r:[-1.0000, 0.0000, 0.0000][0.0000, -3.2300, 0.0000]r:[0.0000, -1.0000, 0.0000]r:[0.0000, 0.0000, -1.0000]]
maxgenerators: 9;
7171: [[-0.6000, -2.7000, 0.0000][-0.1000, -3.1600, 0.0000]r:[-1.0000, 0.0000, 0.0000][0.0000, -3.2600, 0.0000]r:[0.0000, -1.0000, 0.0000]r:[0.0000, 0.0000, -1.0000]]
C-ITER (56/1000)	with baseline accuracy = 100
maxgenerators: 9;
126: [r:[-1.0000, 0.0000, 0.0000][0.0000, -8.8600, 0.0000]r:[0.0000, -1.0000, 0.0000]r:[0.0000, 0.0000, -1.0000]]
state 7147 not converged yet.
maxgenerators: 9;
7147: [[-0.5800, -2.7000, 0.0000][-0.0700, -3.1600, 0.0000]r:[-1.0000, 0.0000, 0.0000][0.0000, -3.2300, 0.0000]r:[0.0000, -1.0000, 0.0000]r:[0.0000, 0.0000, -1.0000]]
maxgenerators: 9;
7147: [[-0.6000, -2.7000, 0.0000][-0.1000, -3.1600, 0.0000]r:[-1.0000, 0.0000, 0.0000][0.0000, -3.2600, 0.0000]r:[0.0000, -1.0000, 0.0000]r:[0.0000, 0.0000, -1.0000]]
C-ITER (57/1000)	with baseline accuracy = 100
maxgenerators: 9;
126: [r:[-1.0000, 0.0000, 0.0000][0.0000, -8.8600, 0.0000]r:[0.0000, -1.0000, 0.0000]r:[0.0000, 0.0000, -1.0000]]
state 7155 not converged yet.
maxgenerators: 9;
7155: [[-16.3500, -13.9800, 0.0000][-16.0600, -14.2300, 0.0000][-12.2300, -17.7000, 0.0000][-11.9600, -17.9700, 0.0000]r:[-1.0000, 0.0000, 0.0000]r:[0.0000, -1.0000, 0.0000]r:[0.0000, 0.0000, -1.0000]]
maxgenerators: 9;
7155: [[-14.0700, -16.0500, 0.0000][-12.2300, -17.7200, 0.0000][-11.9600, -17.9900, 0.0000][-16.3600, -13.9800, 0.0000]r:[-1.0000, 0.0000, 0.0000]r:[0.0000, -1.0000, 0.0000]r:[0.0000, 0.0000, -1.0000]]
C-ITER (58/1000)	with baseline accuracy = 100
maxgenerators: 9;
126: [r:[-1.0000, 0.0000, 0.0000][0.0000, -8.8600, 0.0000]r:[0.0000, -1.0000, 0.0000]r:[0.0000, 0.0000, -1.0000]]
state 7131 not converged yet.
maxgenerators: 9;
7131: [[-4.3500, -13.9800, 0.0000][-4.0600, -14.2300, 0.0000][-0.2300, -17.7000, 0.0000]r:[-1.0000, 0.0000, 0.0000][0.0000, -17.9300, 0.0000]r:[0.0000, -1.0000, 0.0000]r:[0.0000, 0.0000, -1.0000]]
maxgenerators: 9;
7131: [[-4.3600, -13.9800, 0.0000][-2.0700, -16.0500, 0.0000][-0.2300, -17.7200, 0.0000]r:[-1.0000, 0.0000, 0.0000][0.0000, -17.9500, 0.0000]r:[0.0000, -1.0000, 0.0000]r:[0.0000, 0.0000, -1.0000]]
C-ITER (59/1000)	with baseline accuracy = 100
maxgenerators: 9;
126: [r:[-1.0000, 0.0000, 0.0000][0.0000, -8.8600, 0.0000]r:[0.0000, -1.0000, 0.0000]r:[0.0000, 0.0000, -1.0000]]
state 7128 not converged yet.
maxgenerators: 9;
7128: [[-4.3500, -13.9800, 0.0000][-4.1600, -14.1400, 0.0000][-1.8700, -16.2100, 0.0000][-0.2300, -17.7000, 0.0000]r:[-1.0000, 0.0000, 0.0000][0.0000, -17.9300, 0.0000]r:[0.0000, -1.0000, 0.0000]r:[0.0000, 0.0000, -1.0000]]
maxgenerators: 9;
7128: [[-4.3700, -13.9800, 0.0000][-0.4300, -17.5300, 0.0000][-0.2400, -17.7100, 0.0000]r:[-1.0000, 0.0000, 0.0000][0.0000, -17.9500, 0.0000]r:[0.0000, -1.0000, 0.0000]r:[0.0000, 0.0000, -1.0000]]
C-ITER (60/1000)	with baseline accuracy = 100
maxgenerators: 9;
126: [r:[-1.0000, 0.0000, 0.0000][0.0000, -8.8600, 0.0000]r:[0.0000, -1.0000, 0.0000]r:[0.0000, 0.0000, -1.0000]]
state 7131 not converged yet.
maxgenerators: 9;
7131: [[-4.3700, -13.9800, 0.0000][-4.2300, -14.1000, 0.0000][-2.7000, -15.4800, 0.0000][-0.4100, -17.5500, 0.0000]r:[-1.0000, 0.0000, 0.0000][0.0000, -17.9600, 0.0000]r:[0.0000, -1.0000, 0.0000]r:[0.0000, 0.0000, -1.0000]]
maxgenerators: 9;
7131: [[-4.3800, -13.9800, 0.0000][-1.8800, -16.2400, 0.0000][-0.2300, -17.7400, 0.0000]r:[-1.0000, 0.0000, 0.0000][0.0000, -17.9700, 0.0000]r:[0.0000, -1.0000, 0.0000]r:[0.0000, 0.0000, -1.0000]]
C-ITER (61/1000)	with baseline accuracy = 100
maxgenerators: 8;
126: [r:[-1.0000, 0.0000, 0.0000][0.0000, -8.8600, 0.0000]r:[0.0000, -1.0000, 0.0000]r:[0.0000, 0.0000, -1.0000]]
state 7128 not converged yet.
maxgenerators: 9;
7128: [[-4.3700, -13.9800, 0.0000][-4.2300, -14.1000, 0.0000][-1.9400, -16.1700, 0.0000][-0.2900, -17.6700, 0.0000]r:[-1.0000, 0.0000, 0.0000][0.0000, -17.9600, 0.0000]r:[0.0000, -1.0000, 0.0000]r:[0.0000, 0.0000, -1.0000]]
maxgenerators: 8;
7128: [[-4.3900, -13.9800, 0.0000][-2.8600, -15.3600, 0.0000][-0.2300, -17.7400, 0.0000][-0.3600, -17.6200, 0.0000]r:[-1.0000, 0.0000, 0.0000][0.0000, -17.9700, 0.0000]r:[0.0000, -1.0000, 0.0000]r:[0.0000, 0.0000, -1.0000]]
C-ITER (62/1000)	with baseline accuracy = 100
maxgenerators: 8;
126: [r:[-1.0000, 0.0000, 0.0000][0.0000, -8.8600, 0.0000]r:[0.0000, -1.0000, 0.0000]r:[0.0000, 0.0000, -1.0000]]
state 7155 not converged yet.
maxgenerators: 8;
7155: [[-16.3900, -13.9800, 0.0000][-12.5800, -17.4300, 0.0000][-12.3600, -17.6300, 0.0000][-11.9600, -18.0200, 0.0000]r:[-1.0000, 0.0000, 0.0000]r:[0.0000, -1.0000, 0.0000]r:[0.0000, 0.0000, -1.0000]]
maxgenerators: 8;
7155: [[-16.4100, -13.9800, 0.0000][-12.6000, -17.4300, 0.0000][-12.3600, -17.6500, 0.0000][-11.9600, -18.0500, 0.0000]r:[-1.0000, 0.0000, 0.0000]r:[0.0000, -1.0000, 0.0000]r:[0.0000, 0.0000, -1.0000]]
C-ITER (63/1000)	with baseline accuracy = 100
maxgenerators: 8;
126: [r:[-1.0000, 0.0000, 0.0000][0.0000, -8.8600, 0.0000]r:[0.0000, -1.0000, 0.0000]r:[0.0000, 0.0000, -1.0000]]
state 7131 not converged yet.
maxgenerators: 8;
7131: [[-4.3900, -13.9800, 0.0000][-0.5800, -17.4300, 0.0000][-0.3600, -17.6300, 0.0000]r:[-1.0000, 0.0000, 0.0000][0.0000, -17.9900, 0.0000]r:[0.0000, -1.0000, 0.0000]r:[0.0000, 0.0000, -1.0000]]
maxgenerators: 8;
7131: [[-4.4100, -13.9800, 0.0000][-0.6000, -17.4300, 0.0000][-0.3600, -17.6500, 0.0000]r:[-1.0000, 0.0000, 0.0000][0.0000, -18.0100, 0.0000]r:[0.0000, -1.0000, 0.0000]r:[0.0000, 0.0000, -1.0000]]
C-ITER (64/1000)	with baseline accuracy = 100
maxgenerators: 9;
126: [r:[-1.0000, 0.0000, 0.0000][0.0000, -8.8600, 0.0000]r:[0.0000, -1.0000, 0.0000]r:[0.0000, 0.0000, -1.0000]]
state 7128 not converged yet.
maxgenerators: 8;
7128: [[-4.4000, -13.9800, 0.0000][-0.3600, -17.6300, 0.0000]r:[-1.0000, 0.0000, 0.0000][0.0000, -17.9900, 0.0000]r:[0.0000, -1.0000, 0.0000]r:[0.0000, 0.0000, -1.0000]]
maxgenerators: 9;
7128: [[-4.4200, -13.9800, 0.0000][-2.7600, -15.4800, 0.0000][-0.4700, -17.5500, 0.0000][-0.2400, -17.7700, 0.0000]r:[-1.0000, 0.0000, 0.0000][0.0000, -18.0100, 0.0000]r:[0.0000, -1.0000, 0.0000]r:[0.0000, 0.0000, -1.0000]]
C-ITER (65/1000)	with baseline accuracy = 100
maxgenerators: 9;
126: [r:[-1.0000, 0.0000, 0.0000][0.0000, -8.8600, 0.0000]r:[0.0000, -1.0000, 0.0000]r:[0.0000, 0.0000, -1.0000]]
state 7151 not converged yet.
maxgenerators: 9;
7151: [[-2.1200, -2.7000, 0.0000][-0.3000, -4.3500, 0.0000]r:[-1.0000, 0.0000, 0.0000][0.0000, -4.6500, 0.0000]r:[0.0000, -1.0000, 0.0000]r:[0.0000, 0.0000, -1.0000]]
maxgenerators: 9;
7151: [[-2.1300, -2.7000, 0.0000][-0.1400, -4.5200, 0.0000]r:[-1.0000, 0.0000, 0.0000][0.0000, -4.6600, 0.0000]r:[0.0000, -1.0000, 0.0000]r:[0.0000, 0.0000, -1.0000]]
C-ITER (66/1000)	with baseline accuracy = 100
maxgenerators: 9;
126: [r:[-1.0000, 0.0000, 0.0000][0.0000, -8.8600, 0.0000]r:[0.0000, -1.0000, 0.0000]r:[0.0000, 0.0000, -1.0000]]
state 7148 not converged yet.
maxgenerators: 9;
7148: [[-1.5500, -3.2100, 0.0000][-2.1200, -2.7000, 0.0000][-0.2500, -4.4000, 0.0000]r:[-1.0000, 0.0000, 0.0000][0.0000, -4.6500, 0.0000]r:[0.0000, -1.0000, 0.0000]r:[0.0000, 0.0000, -1.0000]]
maxgenerators: 9;
7148: [[-2.1400, -2.7000, 0.0000][-0.1100, -4.5400, 0.0000]r:[-1.0000, 0.0000, 0.0000][0.0000, -4.6500, 0.0000]r:[0.0000, -1.0000, 0.0000]r:[0.0000, 0.0000, -1.0000]]
C-ITER (67/1000)	with baseline accuracy = 100
maxgenerators: 9;
126: [r:[-1.0000, 0.0000, 0.0000][0.0000, -8.8600, 0.0000]r:[0.0000, -1.0000, 0.0000]r:[0.0000, 0.0000, -1.0000]]
state 23095 not converged yet.
maxgenerators: 9;
23095: [[-2.0400, -8.1000, 0.0000][-0.0500, -9.9000, 0.0000]r:[-1.0000, 0.0000, 0.0000][0.0000, -9.9500, 0.0000]r:[0.0000, -1.0000, 0.0000]r:[0.0000, 0.0000, -1.0000]]
maxgenerators: 9;
23095: [[-2.0500, -8.1000, 0.0000][-0.1300, -9.8500, 0.0000]r:[-1.0000, 0.0000, 0.0000][0.0000, -9.9800, 0.0000]r:[0.0000, -1.0000, 0.0000]r:[0.0000, 0.0000, -1.0000]]
C-ITER (68/1000)	with baseline accuracy = 100
maxgenerators: 9;
126: [r:[-1.0000, 0.0000, 0.0000][0.0000, -8.8600, 0.0000]r:[0.0000, -1.0000, 0.0000]r:[0.0000, 0.0000, -1.0000]]
state 7171 not converged yet.
maxgenerators: 9;
7171: [[-0.6600, -2.7000, 0.0000]r:[-1.0000, 0.0000, 0.0000][0.0000, -3.3107, 0.0000]r:[0.0000, -1.0000, 0.0000]r:[0.0000, 0.0000, -1.0000]]
maxgenerators: 9;
7171: [[-0.6800, -2.7000, 0.0000]r:[-1.0000, 0.0000, 0.0000][0.0000, -3.3307, 0.0000]r:[0.0000, -1.0000, 0.0000]r:[0.0000, 0.0000, -1.0000]]
C-ITER (69/1000)	with baseline accuracy = 100
maxgenerators: 9;
126: [r:[-1.0000, 0.0000, 0.0000][0.0000, -8.8600, 0.0000]r:[0.0000, -1.0000, 0.0000]r:[0.0000, 0.0000, -1.0000]]
state 7147 not converged yet.
maxgenerators: 9;
7147: [[-0.6600, -2.7000, 0.0000]r:[-1.0000, 0.0000, 0.0000][0.0000, -3.3107, 0.0000]r:[0.0000, -1.0000, 0.0000]r:[0.0000, 0.0000, -1.0000]]
maxgenerators: 9;
7147: [[-0.6800, -2.7000, 0.0000]r:[-1.0000, 0.0000, 0.0000][0.0000, -3.3307, 0.0000]r:[0.0000, -1.0000, 0.0000]r:[0.0000, 0.0000, -1.0000]]
C-ITER (70/1000)	with baseline accuracy = 100
maxgenerators: 9;
126: [r:[-1.0000, 0.0000, 0.0000][0.0000, -8.8600, 0.0000]r:[0.0000, -1.0000, 0.0000]r:[0.0000, 0.0000, -1.0000]]
state 7150 not converged yet.
maxgenerators: 9;
7150: [[-0.6800, -2.7000, 0.0000][-0.1400, -3.1900, 0.0000]r:[-1.0000, 0.0000, 0.0000][0.0000, -3.3300, 0.0000]r:[0.0000, -1.0000, 0.0000]r:[0.0000, 0.0000, -1.0000]]
maxgenerators: 9;
7150: [[-0.6900, -2.7000, 0.0000]r:[-1.0000, 0.0000, 0.0000][0.0000, -3.3506, 0.0000]r:[0.0000, -1.0000, 0.0000]r:[0.0000, 0.0000, -1.0000]]
C-ITER (71/1000)	with baseline accuracy = 100
maxgenerators: 9;
126: [r:[-1.0000, 0.0000, 0.0000][0.0000, -8.8600, 0.0000]r:[0.0000, -1.0000, 0.0000]r:[0.0000, 0.0000, -1.0000]]
state 7147 not converged yet.
maxgenerators: 9;
7147: [[-0.6800, -2.7000, 0.0000][-0.1600, -3.1700, 0.0000]r:[-1.0000, 0.0000, 0.0000][0.0000, -3.3300, 0.0000]r:[0.0000, -1.0000, 0.0000]r:[0.0000, 0.0000, -1.0000]]
maxgenerators: 9;
7147: [[-0.7000, -2.7000, 0.0000][-0.0100, -3.3300, 0.0000]r:[-1.0000, 0.0000, 0.0000][0.0000, -3.3400, 0.0000]r:[0.0000, -1.0000, 0.0000]r:[0.0000, 0.0000, -1.0000]]
C-ITER (72/1000)	with baseline accuracy = 100
maxgenerators: 9;
126: [r:[-1.0000, 0.0000, 0.0000][0.0000, -8.8600, 0.0000]r:[0.0000, -1.0000, 0.0000]r:[0.0000, 0.0000, -1.0000]]
state 23095 not converged yet.
maxgenerators: 9;
23095: [[-2.0900, -8.1000, 0.0000][-0.1800, -9.8300, 0.0000]r:[-1.0000, 0.0000, 0.0000][0.0000, -10.0100, 0.0000]r:[0.0000, -1.0000, 0.0000]r:[0.0000, 0.0000, -1.0000]]
maxgenerators: 9;
23095: [[-2.1100, -8.1000, 0.0000][-0.3700, -9.6800, 0.0000][-0.2300, -9.8100, 0.0000]r:[-1.0000, 0.0000, 0.0000][0.0000, -10.0400, 0.0000]r:[0.0000, -1.0000, 0.0000]r:[0.0000, 0.0000, -1.0000]]
C-ITER (73/1000)	with baseline accuracy = 100
maxgenerators: 8;
126: [r:[-1.0000, 0.0000, 0.0000][0.0000, -8.8600, 0.0000]r:[0.0000, -1.0000, 0.0000]r:[0.0000, 0.0000, -1.0000]]
state 7174 not converged yet.
maxgenerators: 9;
7174: [[-12.2100, -3.1600, 0.0000][-11.9600, -3.4100, 0.0000][-12.7200, -2.7000, 0.0000]r:[-1.0000, 0.0000, 0.0000]r:[0.0000, -1.0000, 0.0000]r:[0.0000, 0.0000, -1.0000]]
maxgenerators: 8;
7174: [[-12.7300, -2.7000, 0.0000][-12.2100, -3.1800, 0.0000][-12.0700, -3.3100, 0.0000][-11.9600, -3.4200, 0.0000]r:[-1.0000, 0.0000, 0.0000]r:[0.0000, -1.0000, 0.0000]r:[0.0000, 0.0000, -1.0000]]
C-ITER (74/1000)	with baseline accuracy = 100
maxgenerators: 8;
126: [r:[-1.0000, 0.0000, 0.0000][0.0000, -8.8600, 0.0000]r:[0.0000, -1.0000, 0.0000]r:[0.0000, 0.0000, -1.0000]]
state 7150 not converged yet.
maxgenerators: 8;
7150: [[-0.7200, -2.7000, 0.0000][-0.2100, -3.1600, 0.0000]r:[-1.0000, 0.0000, 0.0000][0.0000, -3.3700, 0.0000]r:[0.0000, -1.0000, 0.0000]r:[0.0000, 0.0000, -1.0000]]
maxgenerators: 8;
7150: [[-0.7300, -2.7000, 0.0000][-0.2100, -3.1800, 0.0000][-0.0700, -3.3100, 0.0000]r:[-1.0000, 0.0000, 0.0000][0.0000, -3.3800, 0.0000]r:[0.0000, -1.0000, 0.0000]r:[0.0000, 0.0000, -1.0000]]
C-ITER (75/1000)	with baseline accuracy = 100
maxgenerators: 9;
126: [r:[-1.0000, 0.0000, 0.0000][0.0000, -8.8600, 0.0000]r:[0.0000, -1.0000, 0.0000]r:[0.0000, 0.0000, -1.0000]]
state 7320 not converged yet.
maxgenerators: 8;
7320: [[-12.2400, -17.7700, 0.0000][-11.9600, -18.0500, 0.0000][-16.4400, -13.9800, 0.0000]r:[-1.0000, 0.0000, 0.0000]r:[0.0000, -1.0000, 0.0000]r:[0.0000, 0.0000, -1.0000]]
maxgenerators: 9;
7320: [[-16.4500, -13.9800, 0.0000][-14.1600, -16.0500, 0.0000][-12.4800, -17.5700, 0.0000][-11.9600, -18.0800, 0.0000]r:[-1.0000, 0.0000, 0.0000]r:[0.0000, -1.0000, 0.0000]r:[0.0000, 0.0000, -1.0000]]
C-ITER (76/1000)	with baseline accuracy = 100
maxgenerators: 9;
126: [r:[-1.0000, 0.0000, 0.0000][0.0000, -8.8600, 0.0000]r:[0.0000, -1.0000, 0.0000]r:[0.0000, 0.0000, -1.0000]]
state 7128 not converged yet.
maxgenerators: 9;
7128: [[-4.4400, -13.9800, 0.0000][-0.2400, -17.7700, 0.0000]r:[-1.0000, 0.0000, 0.0000][0.0000, -18.0100, 0.0000]r:[0.0000, -1.0000, 0.0000]r:[0.0000, 0.0000, -1.0000]]
maxgenerators: 9;
7128: [[-4.4500, -13.9800, 0.0000][-2.1600, -16.0500, 0.0000][-0.4800, -17.5700, 0.0000]r:[-1.0000, 0.0000, 0.0000][0.0000, -18.0500, 0.0000]r:[0.0000, -1.0000, 0.0000]r:[0.0000, 0.0000, -1.0000]]
C-ITER (77/1000)	with baseline accuracy = 100
maxgenerators: 9;
126: [r:[-1.0000, 0.0000, 0.0000][0.0000, -8.8600, 0.0000]r:[0.0000, -1.0000, 0.0000]r:[0.0000, 0.0000, -1.0000]]
state 23100 not converged yet.
maxgenerators: 9;
23100: [[-3.6200, -4.5000, 0.0000][-0.2200, -7.5700, 0.0000]r:[-1.0000, 0.0000, 0.0000][0.0000, -7.7900, 0.0000]r:[0.0000, -1.0000, 0.0000]r:[0.0000, 0.0000, -1.0000]]
maxgenerators: 9;
23100: [[-3.6200, -4.5000, 0.0000][-0.4600, -7.3700, 0.0000]r:[-1.0000, 0.0000, 0.0000][0.0000, -7.8300, 0.0000]r:[0.0000, -1.0000, 0.0000]r:[0.0000, 0.0000, -1.0000]]
C-ITER (78/1000)	with baseline accuracy = 100
maxgenerators: 9;
126: [r:[-1.0000, 0.0000, 0.0000][0.0000, -8.8600, 0.0000]r:[0.0000, -1.0000, 0.0000]r:[0.0000, 0.0000, -1.0000]]
state 23097 not converged yet.
maxgenerators: 9;
23097: [[-3.6000, -6.3000, 0.0000][-0.2000, -9.3700, 0.0000]r:[-1.0000, 0.0000, 0.0000][0.0000, -9.5700, 0.0000]r:[0.0000, -1.0000, 0.0000]r:[0.0000, 0.0000, -1.0000]]
maxgenerators: 9;
23097: [[-0.4400, -9.1700, 0.0000][-3.6000, -6.3000, 0.0000]r:[-1.0000, 0.0000, 0.0000][0.0000, -9.6100, 0.0000]r:[0.0000, -1.0000, 0.0000]r:[0.0000, 0.0000, -1.0000]]
C-ITER (79/1000)	with baseline accuracy = 100
maxgenerators: 9;
126: [r:[-1.0000, 0.0000, 0.0000][0.0000, -8.8600, 0.0000]r:[0.0000, -1.0000, 0.0000]r:[0.0000, 0.0000, -1.0000]]
state 23096 not converged yet.
maxgenerators: 9;
23096: [[-3.5800, -8.1000, 0.0000][-0.1800, -11.1700, 0.0000]r:[-1.0000, 0.0000, 0.0000][0.0000, -11.3500, 0.0000]r:[0.0000, -1.0000, 0.0000]r:[0.0000, 0.0000, -1.0000]]
maxgenerators: 9;
23096: [[-3.5800, -8.1000, 0.0000][-0.4200, -10.9700, 0.0000]r:[-1.0000, 0.0000, 0.0000][0.0000, -11.3900, 0.0000]r:[0.0000, -1.0000, 0.0000]r:[0.0000, 0.0000, -1.0000]]
C-ITER (80/1000)	with baseline accuracy = 100
maxgenerators: 9;
126: [r:[-1.0000, 0.0000, 0.0000][0.0000, -8.8600, 0.0000]r:[0.0000, -1.0000, 0.0000]r:[0.0000, 0.0000, -1.0000]]
CQ value iteration converged.
Strategy construction took 4.785300 s
Synthesis took 4279.787324 s

Number of states satisfying and(and(R{"fail_l"}<=u_fail_l [ S ]), and(R{"buses_l"}>=l_buses_l [ S ]), and(R{"i1_l"}>=l_i1_l [ S ])): 4110

Property satisfied in 1 of 1 initial states.

Time for model checking: 4279.96 seconds.

Result: true (property satisfied in the initial state)

Exporting strategy as actions to file "pc9_10_7.strat"...

