PRISM-games
===========

Version: 4.2.beta1
Date: Wed Jan 07 15:26:01 GMT 2015
Hostname: qavbench.comlab
Command line: prism ../prism-examples/power/power_comp9.smg ../prism-examples/power/power_comp9.props -prop 7 -const 'I1_health=0.0,max_gc=0,max_delay=0,u_fail_l=0.01,u_fail_r=0.02,l_buses_l=0.9,l_buses_r=0.9,l_i1_l=0.0,l_i1_r=0.0' -logcpareto -nocompatibility -multirounding -increasefactor 1.0 -baselineaccuracy 1000 -multimaxciter 1000 -paretoepsilon 0.001 -exportstrat pc9_10_2.strat -gs

Parsing model file "../prism-examples/power/power_comp9.smg"...

Parsing properties file "../prism-examples/power/power_comp9.props"...

15 properties:
(1) comp("P210a", "P210b")
(2) comp("P210a_int", "P210b_int")
(3) comp("P210a_AGint", "P210b_AGint")
(4) "safe_210a": and(R{"fail_l"}<=u_fail_l [ S ])
(5) "buses_210a": and(R{"buses_l"}>=l_buses_l [ S ])
(6) "I1_210a": and(R{"i1_l"}>=l_i1_l [ S ])
(7) "P210a": and("safe_210a", "buses_210a")
(8) "P210a_int": and("safe_210a", "buses_210a", "I1_210a")
(9) "P210a_AGint": impl("I1_210b", and("safe_210a", "buses_210a"))
(10) "safe_210b": and(R{"fail_r"}<=u_fail_r [ S ])
(11) "buses_210b": and(R{"buses_r"}>=l_buses_r [ S ])
(12) "I1_210b": and(R{"i1_r"}>=l_i1_r [ S ])
(13) "P210b": and("safe_210b", "I1_210b", "buses_210b")
(14) "P210b_int": and("safe_210b", "buses_210b", "I1_210b")
(15) "P210b_AGint": impl("I1_210a", and("safe_210b", "buses_210b"))

Type:        SMG
Modules:     C1_switch C2_switch C3_switch C4_switch GEN_LEFT HVAC_LEFT GEN_COUNTER_LEFT C5_switch C6_switch C7_switch C8_switch GEN_COUNTER_RIGHT GEN_RIGHT HVAC_RIGHT 
Variables:   C1 C1_int C1_del C2 C2_int C2_del C3 C3_int C3_del C4 C4_int C4_del G224a G252a I1_left pL GC_left C5 C5_int C5_del C6 C6_int C6_del C7 C7_int C7_del C8 C8_int C8_del GC_right G224b G252b I1_right pR 

Switching to explicit engine, which supports SMGs...

---------------------------------------------------------------------

Model checking: "P210a": and("safe_210a", "buses_210a")
Model constants: max_gc=0,I1_health=0,max_delay=0
Property constants: u_fail_l=0.01,l_buses_l=0.9

Building model...
Model constants: max_gc=0,I1_health=0,max_delay=0

Computing reachable states... 1152 states
Reachable states exploration and model construction done in 0.599 secs.
Sorting reachable states list...

Time for model construction: 0.66 seconds.

Type:        SMG
States:      1152 (1 initial)
Transitions: 2112
Choices:     1920
Max/avg:     16/1.67
Property converted to CNF: and(R{"fail_l"}<=u_fail_l [ S ], R{"buses_l"}>=l_buses_l [ S ])
/////////////////   NEW (DIRECT) MODEL CHECKING TASK     /////////////////////
Property:
	and(R{"fail_l"}<=u_fail_l [ S ], R{"buses_l"}>=l_buses_l [ S ])

initial state: 18
operation: Strategy generation
C-ITER (1/1000)	with baseline accuracy = 1000
maxgenerators: 3;
18: [r:[-1.0000, 0.0000][0.0000, -2.4480]r:[0.0000, -1.0000]]
state 0 not converged yet.
maxgenerators: 3;
0: [r:[-1.0000, 0.0000]r:[0.0000, -1.0000][0.0000, 0.0000]]
maxgenerators: 3;
0: [r:[-1.0000, 0.0000][0.0000, -1.8000]r:[0.0000, -1.0000]]
C-ITER (2/1000)	with baseline accuracy = 1000
maxgenerators: 3;
18: [r:[-1.0000, 0.0000][0.0000, -4.2480]r:[0.0000, -1.0000]]
state 0 not converged yet.
maxgenerators: 3;
0: [r:[-1.0000, 0.0000][0.0000, -1.8000]r:[0.0000, -1.0000]]
maxgenerators: 3;
0: [r:[-1.0000, 0.0000][0.0000, -3.6000]r:[0.0000, -1.0000]]
C-ITER (3/1000)	with baseline accuracy = 1000
maxgenerators: 4;
18: [r:[-1.0000, 0.0000][0.0000, -6.0480]r:[0.0000, -1.0000]]
state 0 not converged yet.
maxgenerators: 3;
0: [r:[-1.0000, 0.0000][0.0000, -3.6000]r:[0.0000, -1.0000]]
maxgenerators: 4;
0: [r:[-1.0000, 0.0000][0.0000, -5.4000]r:[0.0000, -1.0000]]
C-ITER (4/1000)	with baseline accuracy = 1000
maxgenerators: 4;
18: [r:[-1.0000, 0.0000][0.0000, -7.5600]r:[0.0000, -1.0000]]
state 0 not converged yet.
maxgenerators: 4;
0: [r:[-1.0000, 0.0000][0.0000, -5.4000]r:[0.0000, -1.0000]]
maxgenerators: 4;
0: [r:[-1.0000, 0.0000][0.0000, -7.2000]r:[0.0000, -1.0000]]
C-ITER (5/1000)	with baseline accuracy = 1000
maxgenerators: 4;
18: [r:[-1.0000, 0.0000][0.0000, -8.2800]r:[0.0000, -1.0000]]
state 0 not converged yet.
maxgenerators: 4;
0: [r:[-1.0000, 0.0000][0.0000, -7.2000]r:[0.0000, -1.0000]]
maxgenerators: 4;
0: [r:[-1.0000, 0.0000][0.0000, -8.1360]r:[0.0000, -1.0000]]
C-ITER (6/1000)	with baseline accuracy = 1000
maxgenerators: 4;
18: [r:[-1.0000, 0.0000][0.0000, -8.3520]r:[0.0000, -1.0000]]
state 0 not converged yet.
maxgenerators: 4;
0: [r:[-1.0000, 0.0000][0.0000, -8.1360]r:[0.0000, -1.0000]]
maxgenerators: 4;
0: [r:[-1.0000, 0.0000][0.0000, -8.2800]r:[0.0000, -1.0000]]
C-ITER (7/1000)	with baseline accuracy = 1000
maxgenerators: 4;
18: [r:[-1.0000, 0.0000][0.0000, -8.4240]r:[0.0000, -1.0000]]
state 0 not converged yet.
maxgenerators: 4;
0: [r:[-1.0000, 0.0000][0.0000, -8.2800]r:[0.0000, -1.0000]]
maxgenerators: 4;
0: [r:[-1.0000, 0.0000][0.0000, -8.3520]r:[0.0000, -1.0000]]
C-ITER (8/1000)	with baseline accuracy = 1000
maxgenerators: 4;
18: [r:[-1.0000, 0.0000][0.0000, -8.4960]r:[0.0000, -1.0000]]
state 0 not converged yet.
maxgenerators: 4;
0: [r:[-1.0000, 0.0000][0.0000, -8.3520]r:[0.0000, -1.0000]]
maxgenerators: 4;
0: [r:[-1.0000, 0.0000][0.0000, -8.4240]r:[0.0000, -1.0000]]
C-ITER (9/1000)	with baseline accuracy = 1000
maxgenerators: 4;
18: [r:[-1.0000, 0.0000][0.0000, -8.5340]r:[0.0000, -1.0000]]
state 0 not converged yet.
maxgenerators: 4;
0: [r:[-1.0000, 0.0000][0.0000, -8.4240]r:[0.0000, -1.0000]]
maxgenerators: 4;
0: [r:[-1.0000, 0.0000][0.0000, -8.4960]r:[0.0000, -1.0000]]
C-ITER (10/1000)	with baseline accuracy = 1000
maxgenerators: 4;
18: [r:[-1.0000, 0.0000][0.0000, -8.5400]r:[0.0000, -1.0000]]
state 0 not converged yet.
maxgenerators: 4;
0: [r:[-1.0000, 0.0000][0.0000, -8.4960]r:[0.0000, -1.0000]]
maxgenerators: 4;
0: [r:[-1.0000, 0.0000][0.0000, -8.5340]r:[0.0000, -1.0000]]
C-ITER (11/1000)	with baseline accuracy = 1000
maxgenerators: 4;
18: [r:[-1.0000, 0.0000][0.0000, -8.5430]r:[0.0000, -1.0000]]
state 0 not converged yet.
maxgenerators: 4;
0: [r:[-1.0000, 0.0000][0.0000, -8.5340]r:[0.0000, -1.0000]]
maxgenerators: 4;
0: [r:[-1.0000, 0.0000][0.0000, -8.5400]r:[0.0000, -1.0000]]
C-ITER (12/1000)	with baseline accuracy = 1000
maxgenerators: 4;
18: [r:[-1.0000, 0.0000][0.0000, -8.5450]r:[0.0000, -1.0000]]
state 0 not converged yet.
maxgenerators: 4;
0: [r:[-1.0000, 0.0000][0.0000, -8.5400]r:[0.0000, -1.0000]]
maxgenerators: 4;
0: [r:[-1.0000, 0.0000][0.0000, -8.5430]r:[0.0000, -1.0000]]
C-ITER (13/1000)	with baseline accuracy = 1000
maxgenerators: 4;
18: [r:[-1.0000, 0.0000][0.0000, -8.5480]r:[0.0000, -1.0000]]
state 0 not converged yet.
maxgenerators: 4;
0: [r:[-1.0000, 0.0000][0.0000, -8.5430]r:[0.0000, -1.0000]]
maxgenerators: 4;
0: [r:[-1.0000, 0.0000][0.0000, -8.5450]r:[0.0000, -1.0000]]
C-ITER (14/1000)	with baseline accuracy = 1000
maxgenerators: 4;
18: [r:[-1.0000, 0.0000][0.0000, -8.5500]r:[0.0000, -1.0000]]
state 0 not converged yet.
maxgenerators: 4;
0: [r:[-1.0000, 0.0000][0.0000, -8.5450]r:[0.0000, -1.0000]]
maxgenerators: 4;
0: [r:[-1.0000, 0.0000][0.0000, -8.5480]r:[0.0000, -1.0000]]
C-ITER (15/1000)	with baseline accuracy = 1000
maxgenerators: 4;
18: [r:[-1.0000, 0.0000][0.0000, -8.5500]r:[0.0000, -1.0000]]
state 0 not converged yet.
maxgenerators: 4;
0: [r:[-1.0000, 0.0000][0.0000, -8.5480]r:[0.0000, -1.0000]]
maxgenerators: 4;
0: [r:[-1.0000, 0.0000][0.0000, -8.5500]r:[0.0000, -1.0000]]
C-ITER (16/1000)	with baseline accuracy = 1000
maxgenerators: 4;
18: [r:[-1.0000, 0.0000][0.0000, -8.5500]r:[0.0000, -1.0000]]
state 1 not converged yet.
maxgenerators: 4;
1: [r:[-1.0000, 0.0000][0.0000, -17.5400]r:[0.0000, -1.0000]]
maxgenerators: 4;
1: [r:[-1.0000, 0.0000][0.0000, -17.5430]r:[0.0000, -1.0000]]
C-ITER (17/1000)	with baseline accuracy = 1000
maxgenerators: 4;
18: [r:[-1.0000, 0.0000][0.0000, -8.5500]r:[0.0000, -1.0000]]
state 1 not converged yet.
maxgenerators: 4;
1: [r:[-1.0000, 0.0000][0.0000, -17.5430]r:[0.0000, -1.0000]]
maxgenerators: 4;
1: [r:[-1.0000, 0.0000][0.0000, -17.5450]r:[0.0000, -1.0000]]
C-ITER (18/1000)	with baseline accuracy = 1000
maxgenerators: 4;
18: [r:[-1.0000, 0.0000][0.0000, -8.5500]r:[0.0000, -1.0000]]
state 1 not converged yet.
maxgenerators: 4;
1: [r:[-1.0000, 0.0000][0.0000, -17.5450]r:[0.0000, -1.0000]]
maxgenerators: 4;
1: [r:[-1.0000, 0.0000][0.0000, -17.5480]r:[0.0000, -1.0000]]
C-ITER (19/1000)	with baseline accuracy = 1000
maxgenerators: 3;
18: [r:[-1.0000, 0.0000][0.0000, -8.5500]r:[0.0000, -1.0000]]
state 1 not converged yet.
maxgenerators: 4;
1: [r:[-1.0000, 0.0000][0.0000, -17.5480]r:[0.0000, -1.0000]]
maxgenerators: 3;
1: [r:[-1.0000, 0.0000][0.0000, -17.5500]r:[0.0000, -1.0000]]
C-ITER (20/1000)	with baseline accuracy = 1000
maxgenerators: 3;
18: [r:[-1.0000, 0.0000][0.0000, -8.5500]r:[0.0000, -1.0000]]
CQ value iteration converged.
Strategy construction took 0.285851 s
Synthesis took 25.021264 s

Number of states satisfying and(and(R{"fail_l"}<=u_fail_l [ S ]), and(R{"buses_l"}>=l_buses_l [ S ])): 290

Property satisfied in 1 of 1 initial states.

Time for model checking: 25.063000000000002 seconds.

Result: true (property satisfied in the initial state)

Exporting strategy as actions to file "pc9_10_2.strat"...

